N_walkers = 20
N_cull = 6
N_steps_per_walker = 2000
eps = 0.001
0.5102040816326531 228.5086919268981 
0.3644314868804665 215.85392369019976 
0.2603082049146189 208.75774286857677 
0.18593443208187066 192.21386373643966 
0.13281030862990761 191.9958171337197 
0.09486450616421974 189.70694892353316 
0.06776036154587124 189.1005179403787 
0.04840025824705089 177.15326974066213 
0.03457161303360778 167.60681101493745 
0.024694009309719843 165.76328751845847 
0.017638578078371315 165.3893150724993 
0.012598984341693797 164.7340600553188 
0.008999274529781285 164.4973944068729 
0.0064280532355580604 163.90855553268767 
0.0045914665968271855 163.1255934917632 
0.0032796189977337045 162.61459820511635 
0.0023425849983812175 160.70397192123986 
0.0016732749988437267 159.12032054178493 
0.001195196427745519 154.35526945525604 
0.0008537117341039423 150.00601575383715 
0.0006097940957885302 148.9906463530889 
0.00043556721127752156 148.20379545089318 
0.0003111194366268011 147.34294769212545 
0.00022222816901914367 146.3526446443121 
0.00015873440644224548 145.4984965398322 
0.00011338171888731821 143.46174660112496 
8.098694206237014e-5 142.44653060551207 
5.7847815758835824e-5 141.74406293215065 
4.131986839916845e-5 139.26261036287943 
2.9514191713691748e-5 138.5964955116012 
2.108156550977982e-5 138.05336834881535 
1.5058261078414158e-5 137.39615880103693 
1.0755900770295826e-5 136.46613337757407 
7.682786264497019e-6 134.84416271531651 
5.487704474640728e-6 134.0428664176195 
3.919788910457663e-6 133.8284669046934 
2.7998492217554738e-6 133.6193959957245 
1.99989230125391e-6 133.32826132827662 
1.4284945008956498e-6 132.91966627423582 
1.0203532149254643e-6 132.30635098724719 
7.288237249467602e-7 131.1727310783389 
5.205883749619716e-7 130.66382437357024 
3.7184883925855115e-7 129.96006659609677 
2.6560631375610796e-7 129.65518260206326 
1.897187955400771e-7 128.72241660551845 
1.3551342538576936e-7 128.161184926715 
9.679530384697813e-8 126.97816317052545 
6.913950274784151e-8 126.1295852939193 
4.938535910560109e-8 125.26556448187968 
3.5275256504000775e-8 124.85555419622793 
2.5196611788571983e-8 124.47836482944467 
1.799757984897999e-8 123.4809327024318 
1.285541417784285e-8 123.25061873737069 
9.18243869845918e-9 123.15616915111687 
6.558884784613699e-9 122.73747440030124 
4.6849177032955e-9 121.771376471391 
3.346369788068214e-9 120.96254533100158 
2.3902641343344388e-9 120.39807297729085 
1.707331524524599e-9 120.25713563011672 
1.2195225175175708e-9 120.05357946036722 
8.710875125125506e-10 119.78987036031113 
6.222053660803933e-10 119.65020585153087 
4.4443240434313804e-10 119.43009171469086 
3.174517173879558e-10 119.33983095026872 
2.2675122670568268e-10 119.27899944822315 
1.619651619326305e-10 119.2122605983523 
1.1568940138045036e-10 119.14706637228694 
8.263528670032169e-11 119.07689314532985 
5.902520478594407e-11 119.01041166190987 
4.2160860561388617e-11 118.83242819616947 
3.011490040099187e-11 118.54754696801044 
2.1510643143565624e-11 110.75465692258197 
1.5364745102546875e-11 105.92644851753049 
1.0974817930390625e-11 104.93767228383831 
7.839155664564732e-12 104.20806053777565 
5.599396903260523e-12 103.8310969109187 
3.999569216614659e-12 103.42585739308166 
2.8568351547247565e-12 102.39754690109811 
2.0405965390891117e-12 101.66389741290627 
1.4575689564922228e-12 101.39335600431318 
1.0411206832087307e-12 100.87408695852511 
7.43657630863379e-13 100.70232507123697 
5.311840220452707e-13 100.08759526726611 
3.7941715860376484e-13 99.61317190832465 
2.710122561455463e-13 99.01928626825885 
1.935801829611045e-13 98.30621243188754 
1.382715592579318e-13 97.8190771279592 
9.876539946995128e-14 97.42335354690906 
7.054671390710807e-14 96.76339307002287 
5.0390509933648616e-14 96.46218765565709 
3.5993221381177584e-14 96.10021560900343 
2.5709443843698275e-14 95.99981034816781 
1.8363888459784484e-14 95.91900711586894 
1.3117063185560345e-14 95.51049752226578 
9.369330846828818e-15 95.13256252634817 
6.692379176306299e-15 94.6834582255137 
4.780270840218785e-15 94.45229511491479 
3.4144791715848464e-15 94.33558529693632 
2.4389136939891763e-15 94.16398579423837 
1.7420812099922686e-15 93.98646473549903 
