N_walkers = 20
N_cull = 6
N_steps_per_walker = 2000
eps = 0.001
0.5102040816326531 228.4771365126661 
0.3644314868804665 224.8617908466648 
0.2603082049146189 221.1368916257588 
0.18593443208187066 220.00980515036582 
0.13281030862990761 215.6403239401258 
0.09486450616421974 212.80401605245464 
0.06776036154587124 210.431847481619 
0.04840025824705089 210.25032898530134 
0.03457161303360778 210.07578683014313 
0.024694009309719843 209.73511372987232 
0.017638578078371315 199.36885380418153 
0.012598984341693797 195.05236470498033 
0.008999274529781285 158.1977682127871 
0.0064280532355580604 156.15871190355398 
0.0045914665968271855 155.96421843823038 
0.0032796189977337045 155.86090769924294 
0.0023425849983812175 155.68223974129128 
0.0016732749988437267 155.48358164581083 
0.001195196427745519 155.4383664289871 
0.0008537117341039423 155.38510578891604 
0.0006097940957885302 155.28993575857075 
0.00043556721127752156 155.01924250538144 
0.0003111194366268011 154.9327699222449 
0.00022222816901914367 154.7985842468425 
0.00015873440644224548 154.6680655459218 
0.00011338171888731821 154.49755736661146 
8.098694206237014e-5 154.38552507111828 
5.7847815758835824e-5 154.27657153736777 
4.131986839916845e-5 154.20539614455072 
2.9514191713691748e-5 154.09624105745044 
2.108156550977982e-5 154.02900497443477 
1.5058261078414158e-5 153.8975168772956 
1.0755900770295826e-5 153.80337329475 
7.682786264497019e-6 153.71000831640245 
5.487704474640728e-6 153.65386012394242 
3.919788910457663e-6 153.46409114636097 
2.7998492217554738e-6 153.38530786074395 
1.99989230125391e-6 153.29181890910345 
1.4284945008956498e-6 153.23112371382084 
1.0203532149254643e-6 152.9700056554768 
7.288237249467602e-7 152.80244259523153 
5.205883749619716e-7 152.65679586757017 
3.7184883925855115e-7 152.47217248595604 
2.6560631375610796e-7 152.3232422610602 
1.897187955400771e-7 152.09971463427058 
1.3551342538576936e-7 151.93597292482687 
9.679530384697813e-8 151.77605546390075 
6.913950274784151e-8 151.64340482732297 
4.938535910560109e-8 151.47476443064653 
3.5275256504000775e-8 151.17544364494654 
2.5196611788571983e-8 150.95105030790165 
1.799757984897999e-8 150.77404794012395 
1.285541417784285e-8 150.56458550389655 
9.18243869845918e-9 150.37960140044126 
6.558884784613699e-9 150.07413161412006 
4.6849177032955e-9 149.9357927017117 
3.346369788068214e-9 149.74183098079075 
2.3902641343344388e-9 149.25867899583952 
1.707331524524599e-9 149.22110349234867 
1.2195225175175708e-9 149.00573950455833 
8.710875125125506e-10 148.8290199006008 
6.222053660803933e-10 148.13892661462108 
4.4443240434313804e-10 147.85366705786464 
3.174517173879558e-10 147.59736035557899 
2.2675122670568268e-10 147.34180658059734 
1.619651619326305e-10 147.0370973367064 
1.1568940138045036e-10 146.86429109059287 
8.263528670032169e-11 146.55143936692292 
5.902520478594407e-11 146.42831583013876 
4.2160860561388617e-11 146.22044352660524 
3.011490040099187e-11 145.96904022726068 
2.1510643143565624e-11 145.40745824877135 
1.5364745102546875e-11 145.10113331032264 
1.0974817930390625e-11 144.94795186371914 
7.839155664564732e-12 144.808719251202 
5.599396903260523e-12 144.63745959784433 
3.999569216614659e-12 144.45442369861547 
2.8568351547247565e-12 144.31847828027418 
2.0405965390891117e-12 144.1188027877332 
1.4575689564922228e-12 143.98515932639418 
1.0411206832087307e-12 143.5677734330372 
7.43657630863379e-13 143.3421299652097 
5.311840220452707e-13 143.09628400419209 
3.7941715860376484e-13 142.93926413034904 
2.710122561455463e-13 142.60921614034135 
1.935801829611045e-13 142.28176300204584 
1.382715592579318e-13 141.81294699517102 
9.876539946995128e-14 141.45945277293757 
7.054671390710807e-14 141.00124879342223 
5.0390509933648616e-14 140.61723060602114 
3.5993221381177584e-14 140.15140704194837 
2.5709443843698275e-14 139.91464975585208 
1.8363888459784484e-14 139.78603404263777 
1.3117063185560345e-14 139.52567001849133 
9.369330846828818e-15 139.138239494214 
6.692379176306299e-15 138.92902114798886 
4.780270840218785e-15 138.6462347931392 
3.4144791715848464e-15 138.08804070664146 
2.4389136939891763e-15 137.85453902410347 
1.7420812099922686e-15 137.38188086744162 
