N_walkers = 200
N_cull = 1
N_steps_per_walker = 2000
eps = 1.0e-8
0.9900745031063588 -4.847610796321895 
0.9851487593098098 -4.955020076297851 
0.9802475217013032 -4.996463171532818 
0.9753706683595058 -5.054991776796348 
0.9705180779696575 -5.055225064201025 
0.9656896298205547 -5.094931027231523 
0.9608852038015471 -5.109844906139784 
0.9561046803995493 -5.117301038906186 
0.951347940696069 -5.12053003968094 
0.9466148663642477 -5.124742752959164 
0.9419053396659182 -5.147022053356451 
0.9372192434486748 -5.169389972938755 
0.9325564611429601 -5.217480426389879 
0.9279168767591642 -5.2231823495490035 
0.9233003748847406 -5.231883812929357 
0.9187068406813339 -5.234497806853966 
0.9141361598819243 -5.243303626415322 
0.9095882187879845 -5.2539799697088325 
0.9050629042666513 -5.258697083372153 
0.9005601037479116 -5.263838490369502 
0.8960797052218027 -5.263893524205618 
0.8916215972356246 -5.2711729282989515 
0.8871856688911688 -5.29079734271083 
0.882771809841959 -5.307348419613025 
0.8783799102905064 -5.311361267553197 
0.8740098609855785 -5.325757105986985 
0.8696615532194812 -5.339138932112741 
0.8653348788253544 -5.3435812296981675 
0.861029730174482 -5.35270263130371 
0.856746000173614 -5.363802880301375 
0.8524835822623025 -5.381852715197275 
0.8482423704102513 -5.389630984171978 
0.8440222591146779 -5.398478138907505 
0.8398231433976895 -5.4007097716935295 
0.8356449188036712 -5.403775590732099 
0.8314874813966877 -5.409803736555748 
0.8273507277578983 -5.413196413941354 
0.8232345549829834 -5.439889184406025 
0.8191388606795854 -5.4441131334316655 
0.8150635429647617 -5.449125186837458 
0.8110085004624494 -5.4632899122015415 
0.8069736323009448 -5.483268794603593 
0.8029588381103928 -5.49469371660147 
0.7989640180202914 -5.496974085487179 
0.7949890726570064 -5.5072275176023044 
0.7910339031412998 -5.523281318856634 
0.7870984110858705 -5.530636901203725 
0.783182498592906 -5.531493985762438 
0.7792860682516478 -5.534020768376956 
0.7754090231359679 -5.535167470816189 
0.7715512668019582 -5.538160866676209 
0.7677127032855305 -5.560309419516897 
0.7638932371000304 -5.594819453510764 
0.7600927732338612 -5.604784517826578 
0.7563112171481206 -5.614074107993213 
0.7525484747742494 -5.614089930097089 
0.7488044525116909 -5.616940116780954 
0.7450790572255631 -5.61782713653995 
0.7413721962443414 -5.63000587864359 
0.7376837773575536 -5.63034572794123 
0.7340137088134863 -5.635899176501723 
0.7303618993169018 -5.6439783471994645 
0.7267282580267679 -5.654555426709232 
0.723112694553998 -5.655549780869001 
0.719515118959202 -5.659638169646394 
0.7159354417504497 -5.659855112176966 
0.7123735738810445 -5.660724345312576 
0.708829426747308 -5.677525297437574 
0.7053029121863761 -5.682102029451438 
0.7017939424740061 -5.68461981641384 
0.6983024303223941 -5.68467320605051 
0.6948282888780042 -5.688139184425548 
0.6913714317194071 -5.704658770710902 
0.6879317728551315 -5.710685472067413 
0.6845092267215239 -5.71988089162182 
0.6811037081806208 -5.7233218701162265 
0.6777151325180306 -5.7350281541147465 
0.6743434154408265 -5.754697128628611 
0.6709884730754493 -5.754790356422267 
0.6676502219656212 -5.754862439254698 
0.6643285790702699 -5.776683435838214 
0.6610234617614625 -5.777913509450395 
0.6577347878223508 -5.7816894257119325 
0.6544624754451253 -5.7837202288859615 
0.6512064432289804 -5.789689574119424 
0.6479666101780899 -5.790002281749232 
0.644742895699592 -5.797792619852039 
0.6415352196015841 -5.797867105790063 
0.6383435020911284 -5.801062969391827 
0.6351676637722671 -5.804301424239511 
0.6320076256440469 -5.818084129461048 
0.6288633090985541 -5.820952392916141 
0.6257346359189594 -5.8271428877990346 
0.6226215282775716 -5.832712731034964 
0.619523908733902 -5.837018444574412 
0.6164417002327384 -5.841245224464957 
0.6133748261022272 -5.8574968956119005 
0.6103232100519674 -5.878243341208469 
0.6072867761711118 -5.895564698136421 
0.6042654489264795 -5.896798007975035 
0.6012591531606761 -5.903444912743628 
0.598267814090225 -5.908831142750024 
0.5952913573037064 -5.917387992836732 
0.592329708759907 -5.921524277969018 
0.5893827947859771 -5.922545660243883 
0.5864505420755991 -5.9263063457745435 
0.5835328776871633 -5.932421093251337 
0.5806297290419535 -5.935038305417682 
0.5777410239223418 -5.9493683315657115 
0.5748666904699918 -5.957635002862917 
0.5720066571840715 -5.961320235895584 
0.5691608529194742 -5.962275357892531 
0.566329206885049 -5.969823766072279 
0.5635116486418398 -6.007707384763723 
0.5607081081013331 -6.013609425894154 
0.5579185155237145 -6.017332894149166 
0.5551428015161339 -6.017741804435644 
0.552380897030979 -6.0288554080716334 
0.5496327333641582 -6.0292188266413875 
0.5468982421533913 -6.031433215778292 
0.5441773553765088 -6.031968793117574 
0.54147000534976 -6.035038217591152 
0.5387761247261293 -6.035138248790288 
0.536095646493661 -6.040111742082204 
0.533428503973792 -6.040969185461213 
0.5307746308196937 -6.042193200636272 
0.5281339610146205 -6.0491107578137635 
0.5255064288702692 -6.06040044970433 
0.5228919690251435 -6.065798837145505 
0.5202905164429289 -6.076444354727478 
0.5177020064108745 -6.0786297947312224 
0.5151263745381837 -6.087163296195433 
0.5125635567544116 -6.093855080961343 
0.5100134893078722 -6.097582235332789 
0.5074761087640519 -6.104948794406473 
0.5049513520040319 -6.10879650072998 
0.5024391562229172 -6.113589947562709 
0.49993945892827585 -6.130660762908071 
0.497452197938583 -6.1328943493540296 
0.4949773113816746 -6.138259595767569 
0.4925147376932086 -6.1410189970474605 
0.4900644156151329 -6.146141493215585 
0.48762628419416215 -6.152313002111442 
0.48520028278026084 -6.1524825823759235 
0.4827863510251352 -6.154635221484965 
0.4803844288807315 -6.15748456523477 
0.4779944565977428 -6.158013207763597 
0.4756163747241222 -6.161318198539599 
0.47325012410360423 -6.163731201970334 
0.47089564587423305 -6.166167339257958 
0.46855288146689855 -6.168870699122295 
0.4662217726038792 -6.174453898927664 
0.46390226129739226 -6.175041177540077 
0.4615942898481515 -6.176547354760951 
0.45929780084393185 -6.178599844443878 
0.45701273715814117 -6.179253300138666 
0.45473904194839915 -6.184339073322683 
0.45247665865512354 -6.189302035873325 
0.45022553100012297 -6.212593263782391 
0.44798560298519696 -6.2160584854750525 
0.44575681889074326 -6.218181069169431 
0.4435391232743714 -6.222671901469123 
0.44133246096952383 -6.22911499032172 
0.4391367770841033 -6.239355941738088 
0.4369520169991078 -6.239767910430566 
0.4347781263672714 -6.241284617640597 
0.4326150511117129 -6.248224539233596 
0.43046273742458996 -6.25400604315417 
0.42832113176576114 -6.256481470856019 
0.4261901808614539 -6.263061355824801 
0.4240698317029392 -6.2676736018418895 
0.4219600315452131 -6.268228720676531 
0.41986072790568474 -6.271199514717806 
0.41777186856287035 -6.274132409165098 
0.41569340155509493 -6.276648596691539 
0.41362527517919895 -6.27863059276592 
0.41156743798925266 -6.279121472936259 
0.4095198387952763 -6.2828116898808615 
0.4074824266619665 -6.2850154488933265 
0.40545515090742934 -6.287249332467336 
0.40343796110191976 -6.293979632243383 
0.40143080706658685 -6.297314049694128 
0.3994336388722257 -6.299193549682598 
0.39744640683803556 -6.30567994649637 
0.39546906153038364 -6.310413917904257 
0.39350155376157575 -6.311659905565086 
0.3915438345886326 -6.314853565868362 
0.38959585531207225 -6.317099343842509 
0.38765756747469876 -6.331244126216092 
0.3857289228603968 -6.3338429556394615 
0.38380987349293216 -6.334051091877856 
0.3819003716347584 -6.337785685399815 
0.38000036978582924 -6.340524475195241 
0.37810982068241716 -6.341081623929174 
0.37622867729593745 -6.3414243379812945 
0.3743568928317786 -6.344151455001397 
0.3724944207281379 -6.351675094617587 
0.3706412146548636 -6.35262872179485 
0.36879722851230207 -6.360720939882836 
0.3669624164301513 -6.362186946822593 
0.36513673276631975 -6.368886100173643 
0.3633201321057908 -6.390296069073265 
0.3615125692594933 -6.392286393049159 
0.3597139992631775 -6.404709890856039 
0.357924377376296 -6.412299941542965 
0.3561436590808916 -6.412314479439243 
0.35437180008048913 -6.416695905051465 
0.35260875629899413 -6.417384496539581 
0.35085448387959617 -6.428891999396484 
0.3491089391836778 -6.432813057340415 
0.34737207878972914 -6.434028619730664 
0.34564385949226784 -6.437629081748169 
0.343924238300764 -6.438338933630414 
0.3422131724385712 -6.440258640078019 
0.3405106193418619 -6.449025269826603 
0.33881653665856903 -6.462640430794172 
0.33713088224733234 -6.466905376473121 
0.33545361417645014 -6.47403147701859 
0.33378469072283595 -6.474877221286586 
0.3321240703709811 -6.482270264444706 
0.3304717118119215 -6.483074949929961 
0.3288275739422104 -6.4843026904957535 
0.3271916158628959 -6.4854989114380945 
0.32556379687850345 -6.485804881614443 
0.3239440764960233 -6.488165093321557 
0.3223324144239038 -6.489232920310895 
0.3207287705710486 -6.492443323198618 
0.3191331050458195 -6.497605955773283 
0.31754537815504424 -6.499787301416935 
0.31596555040302915 -6.501426082014457 
0.31439358249057625 -6.501549844010499 
0.31282943531400625 -6.506526379402021 
0.3112730699641853 -6.507046673792817 
0.3097244477255575 -6.510419752361862 
0.3081835300751816 -6.5157438875704665 
0.30665027868177275 -6.516913952569911 
0.30512465540474903 -6.521599098620457 
0.3036066222932826 -6.5231631233705745 
0.30209614158535586 -6.525594461204387 
0.30059317570682176 -6.538984786155289 
0.2990976872704694 -6.539291000939984 
0.29760963907509397 -6.541508198626519 
0.2961289941045711 -6.542164872262366 
0.2946557155269364 -6.54731130315473 
0.2931897666934691 -6.550836255751226 
0.2917311111377802 -6.551793516440872 
0.2902797125749057 -6.554227921258812 
0.28883553490040365 -6.555737761148715 
0.2873985421894564 -6.556905576552476 
0.2859686986959765 -6.557199318382886 
0.2845459688517179 -6.559108873389875 
0.283130317265391 -6.565077066818052 
0.2817217087217821 -6.565295871633691 
0.2803201081808777 -6.56807073138352 
0.27892548077699275 -6.568774874604819 
0.2775377918179032 -6.569569990104371 
0.2761570067839833 -6.570768879282529 
0.2747830913273466 -6.573522473804193 
0.27341601127099163 -6.58209381596567 
0.2720557326079519 -6.5872284207482386 
0.27070222150044965 -6.597165849564619 
0.2693554442790544 -6.598091628337618 
0.2680153674418452 -6.598692243676107 
0.2666819576535773 -6.601241510544715 
0.265355181744853 -6.601401978466308 
0.26403500671129654 -6.604375990393941 
0.2627213997127329 -6.606440598497759 
0.261414328072371 -6.6124616374636584 
0.26011375927599106 -6.623972573374454 
0.2588196609711354 -6.624077092938207 
0.2575320009663039 -6.624333258976485 
0.2562507472301531 -6.629820604034704 
0.25497586789069965 -6.631107144073241 
0.25370733123452704 -6.634270656322806 
0.25244510570599704 -6.649271439625648 
0.25118915990646473 -6.652170864675988 
0.24993946259349725 -6.66386325708807 
0.24869598268009677 -6.664666193141565 
0.24745868923392714 -6.668406450684789 
0.2462275514765444 -6.66896803053917 
0.24500253878263126 -6.67792871277056 
0.2437836206792351 -6.682014370040923 
0.24257076684501006 -6.683324071943023 
0.24136394710946274 -6.687115253951361 
0.24016313145220175 -6.6945010222043155 
0.2389682900021908 -6.696958607227819 
0.23777939303700577 -6.6992512245711895 
0.2365964109820953 -6.6997282766703 
0.23541931441004507 -6.699795744412138 
0.23424807403984585 -6.701929222056133 
0.23308266073616504 -6.707900469674448 
0.23192304550862192 -6.711503015569586 
0.23076919951106661 -6.712418072570499 
0.22962109404086228 -6.7127531810936345 
0.22847870053817143 -6.714150190432099 
0.22734199058524523 -6.716794510623164 
0.22621093590571664 -6.718393340728726 
0.22508550836389715 -6.7203730461177935 
0.2239656799640768 -6.721100133226846 
0.22285142284982765 -6.728609800837636 
0.2217427093033111 -6.73119287737475 
0.22063951174458815 -6.732245044368535 
0.2195418027309335 -6.736372722699147 
0.21844955495615273 -6.737623602342265 
0.21736274124990324 -6.738216319895393 
0.21628133457701815 -6.739702373314629 
0.215205308036834 -6.744711064537519 
0.21413463486252138 -6.7469053169666315 
0.21306928842041928 -6.7489232925942515 
0.21200924220937242 -6.749096961025172 
0.21095446986007207 -6.752468116069206 
0.20990494513440008 -6.755224314777405 
0.2088606419247762 -6.75562034353001 
0.20782153425350866 -6.757520150403602 
0.20678759627214793 -6.762663723638368 
0.20575880226084373 -6.76376530863393 
0.20473512662770518 -6.767597219078528 
0.20371654390816438 -6.770352762896551 
0.20270302876434268 -6.776855353473374 
0.20169455598442057 -6.777755913721311 
0.20069110048201053 -6.779365963767812 
0.19969263729553285 -6.784710030399892 
0.19869914158759489 -6.788466382814306 
0.19771058864437302 -6.790026666808608 
0.19672695387499806 -6.7953397207000465 
0.19574821281094335 -6.7979672687663015 
0.19477434110541625 -6.801192811792883 
0.1938053145327525 -6.80959435965019 
0.19284110898781343 -6.816272684888381 
0.1918817004853865 -6.81678304353659 
0.19092706515958857 -6.816825789759953 
0.1899771792632722 -6.817877620833827 
0.18903201916743503 -6.822231521414098 
0.18809156136063188 -6.822838133512237 
0.18715578244838993 -6.824917378511292 
0.18622465915262681 -6.828790806619891 
0.18529816831107146 -6.82979909053015 
0.18437628687668803 -6.829886596071169 
0.18345899191710252 -6.832376264170887 
0.18254626061403237 -6.834560697463149 
0.18163807026271878 -6.834974302913558 
0.18073439827136195 -6.851902186040499 
0.17983522216055917 -6.85471845401137 
0.17894051956274545 -6.860015676478441 
0.17805026822163728 -6.863898087747686 
0.17716444599167888 -6.864313494676033 
0.17628303083749142 -6.8669729725140805 
0.1754060008333248 -6.86745865802867 
0.17453333416251224 -6.875876983028046 
0.17366500911692762 -6.87642224489605 
0.1728010040964454 -6.876654282416702 
0.17194129760840338 -6.877899457603335 
0.17108586826706804 -6.8809463421313195 
0.17023469479310252 -6.8824777051900785 
0.16938775601303735 -6.889465174884096 
0.16854503085874364 -6.890609567347275 
0.1677064983669091 -6.890793748483732 
0.16687213767851652 -6.89264782495435 
0.1660419280383249 -6.894784346220757 
0.16521584879435314 -6.89749859982518 
0.1643938793973663 -6.898198732342787 
0.1635759994003645 -6.899149872698883 
0.1627621884580741 -6.904657676058701 
0.1619524263264419 -6.906924438298234 
0.16114669286213126 -6.911864217645621 
0.16034496802202117 -6.918500133974132 
0.1595472318627076 -6.918857473941438 
0.15875346454000758 -6.920868693858893 
0.15796364630846527 -6.925409055122727 
0.15717775752086097 -6.928197742648895 
0.15639577862772236 -6.929081383709852 
0.15561769017683816 -6.933642183023421 
0.1548434728127743 -6.93460567138546 
0.15407310727639234 -6.9349212954740365 
0.15330657440437048 -6.93823983838172 
0.15254385512872687 -6.940552294799634 
0.15178493047634514 -6.941244190881504 
0.15102978156850264 -6.941347276462751 
0.15027838962040063 -6.944873373044438 
0.14953073594069716 -6.947600737585847 
0.14878680193104193 -6.950794023428024 
0.14804656908561387 -6.950908610173671 
0.14731001899066057 -6.954206918188678 
0.14657713332404038 -6.955767029558471 
0.14584789385476654 -6.9581394215294745 
0.1451222824425538 -6.962669664661176 
0.14440028103736696 -6.968929671718724 
0.1436818716789721 -6.971042641767258 
0.14296703649648965 -6.971167693236287 
0.1422557577079499 -6.972131179850534 
0.14154801761985064 -6.972508917264308 
0.14084379862671706 -6.972766347798987 
0.14014308321066377 -6.981417399584135 
0.13944585394095896 -6.981873372412228 
0.13875209347359102 -6.98671980329572 
0.13806178455083684 -6.991209847725276 
0.13737491000083266 -6.993393593518588 
0.13669145273714695 -6.995399745665797 
0.13601139575835516 -6.997766793214419 
0.13533472214761708 -6.999330912639802 
0.13466141507225582 -7.010995263046387 
0.13399145778333912 -7.01770110718602 
0.13332483361526282 -7.023718918823701 
0.13266152598533612 -7.02622951123294 
0.1320015183933693 -7.033870358926419 
0.13134479442126298 -7.0344083877725385 
0.13069133773259997 -7.035118263499765 
0.13004113207223877 -7.035794094882429 
0.12939416126590925 -7.037810388641783 
0.12875040921981018 -7.038721742946315 
0.12810985992020915 -7.05146499683172 
0.12747249743304392 -7.053469594383233 
0.1268383059035263 -7.056786268735051 
0.12620726955574757 -7.058925827957012 
0.12557937269228614 -7.059731901211509 
0.12495459969381706 -7.0647747078946335 
0.12433293501872344 -7.067985043424222 
0.1237143632027099 -7.070383282021234 
0.12309886885841781 -7.07230313611313 
0.1224864366750426 -7.077434130116724 
0.12187705141795284 -7.078257062174163 
0.12127069792831129 -7.078417974398639 
0.1206673611226978 -7.079596918875609 
0.12006702599273412 -7.080632213143735 
0.11946967760471058 -7.083510331330928 
0.11887530109921451 -7.085839026559032 
0.1182838816907607 -7.087038319126582 
0.11769540466742359 -7.088359178627678 
0.11710985539047124 -7.091925298230694 
0.11652721929400124 -7.091956532244038 
0.11594748188457835 -7.095472775568517 
0.11537062874087398 -7.104339987449887 
0.11479664551330744 -7.115478121560334 
0.114225517923689 -7.117381792295188 
0.11365723176486468 -7.120993003973514 
0.11309177290036287 -7.124076765460482 
0.11252912726404266 -7.1242306479705535 
0.11196928085974395 -7.128823490351347 
0.11141221976093925 -7.129694153943698 
0.11085793011038732 -7.129958315644284 
0.11030639811978837 -7.131405332531448 
0.10975761006944118 -7.1323642886807805 
0.10921155230790167 -7.135410939380809 
0.10866821125164346 -7.1388956124983975 
0.10812757338471986 -7.139300504770769 
0.10758962525842772 -7.1402522420214165 
0.10705435349097286 -7.14557151732556 
0.10652174476713717 -7.1482908331001065 
0.10599178583794744 -7.159649493722837 
0.10546446352034572 -7.160448990208594 
0.1049397646968614 -7.163916019177793 
0.104417676315285 -7.167435246123566 
0.10389818538834328 -7.175492332214514 
0.10338127899337639 -7.1758195623851675 
0.10286694427201631 -7.175943777207862 
0.10235516842986699 -7.1791822528579035 
0.10184593873618605 -7.183109142428419 
0.10133924252356821 -7.1848745466680795 
0.10083506718763006 -7.185302763033695 
0.10033340018669659 -7.18695933249281 
0.09983422904148914 -7.195580505899146 
0.09933754133481507 -7.195784177920952 
0.09884332471125878 -7.197446165383543 
0.09835156687687441 -7.210946230955057 
0.09786225559888001 -7.2121044446658145 
0.09737537870535325 -7.212263192869191 
0.09689092408492861 -7.216557337657955 
0.09640887968649613 -7.2203783387768485 
0.09592923351890162 -7.222455034877707 
0.09545197365064838 -7.231885897065011 
0.09497708820960038 -7.232894092646379 
0.09450456538268695 -7.233225897820012 
0.0940343934156089 -7.2353560452162515 
0.09356656061254617 -7.236980542991448 
0.09310105533586685 -7.241559991543368 
0.09263786600583766 -7.244678887395008 
0.09217698110033598 -7.248999879696395 
0.09171838915456317 -7.250824873617949 
0.09126207876075937 -7.251608038665631 
0.09080803856791977 -7.253647785331898 
0.09035625728151221 -7.253982076090008 
0.08990672366319624 -7.255453601758289 
0.08945942653054352 -7.257923975947278 
0.08901435475675973 -7.259895001435564 
0.0885714972704077 -7.262172565610039 
0.08813084305513204 -7.2648544590792685 
0.0876923811493851 -7.267492326993346 
0.08725610064615434 -7.268821000597556 
0.08682199069269089 -7.275647354947275 
0.08639004049023968 -7.277931003378571 
0.08596023929377083 -7.28214292450809 
0.08553257641171227 -7.283741950990562 
0.08510704120568387 -7.28396042415964 
0.0846836230902327 -7.289450587571698 
0.08426231153256986 -7.291799279483284 
0.08384309605230832 -7.298154899227335 
0.0834259662212023 -7.298417026378977 
0.08301091166288786 -7.300399346622091 
0.08259792205262474 -7.30064282050159 
0.08218698711703955 -7.302615946265665 
