N_walkers = 200
N_cull = 1
N_steps_per_walker = 2000
eps = 1.0e-8
0.9900745031063588 -4.506312854268377 
0.9851487593098098 -4.584978617742031 
0.9802475217013032 -4.998694983606434 
0.9753706683595058 -5.00799224303105 
0.9705180779696575 -5.030654030870894 
0.9656896298205547 -5.069069190754678 
0.9608852038015471 -5.099188195409849 
0.9561046803995493 -5.099796266776478 
0.951347940696069 -5.101622624796314 
0.9466148663642477 -5.1912748853698325 
0.9419053396659182 -5.225196711124847 
0.9372192434486748 -5.247165901704107 
0.9325564611429601 -5.2642721592731 
0.9279168767591642 -5.289019784317762 
0.9233003748847406 -5.296482327227195 
0.9187068406813339 -5.2977366226754095 
0.9141361598819243 -5.309314745482081 
0.9095882187879845 -5.320477810043236 
0.9050629042666513 -5.349535559723203 
0.9005601037479116 -5.354891128885474 
0.8960797052218027 -5.368453227914143 
0.8916215972356246 -5.369951497447654 
0.8871856688911688 -5.3724019472682984 
0.882771809841959 -5.390634288915789 
0.8783799102905064 -5.401200513552607 
0.8740098609855785 -5.426422696554575 
0.8696615532194812 -5.4413657760865775 
0.8653348788253544 -5.4459703543208215 
0.861029730174482 -5.45319061432058 
0.856746000173614 -5.454209563519206 
0.8524835822623025 -5.473933476771304 
0.8482423704102513 -5.479100692608129 
0.8440222591146779 -5.49178946708511 
0.8398231433976895 -5.4957331616878005 
0.8356449188036712 -5.5042029456785 
0.8314874813966877 -5.523119353101664 
0.8273507277578983 -5.530070435287155 
0.8232345549829834 -5.532630158123894 
0.8191388606795854 -5.541372943834248 
0.8150635429647617 -5.544814637808129 
0.8110085004624494 -5.548440504102467 
0.8069736323009448 -5.553372259629423 
0.8029588381103928 -5.555342967275053 
0.7989640180202914 -5.5618034876334725 
0.7949890726570064 -5.566005638463921 
0.7910339031412998 -5.57736416590646 
0.7870984110858705 -5.579466247048281 
0.783182498592906 -5.5869273389307414 
0.7792860682516478 -5.5946128220183144 
0.7754090231359679 -5.607223753561264 
0.7715512668019582 -5.608399040443124 
0.7677127032855305 -5.609372219170976 
0.7638932371000304 -5.611365054958778 
0.7600927732338612 -5.626258775888806 
0.7563112171481206 -5.636755298070116 
0.7525484747742494 -5.637011750834342 
0.7488044525116909 -5.6625217087211945 
0.7450790572255631 -5.667489037305171 
0.7413721962443414 -5.685267894568662 
0.7376837773575536 -5.705379578903937 
0.7340137088134863 -5.7107380715193905 
0.7303618993169018 -5.720326775981669 
0.7267282580267679 -5.727473750874058 
0.723112694553998 -5.731276992626587 
0.719515118959202 -5.748286694797274 
0.7159354417504497 -5.7485977787502645 
0.7123735738810445 -5.749844356311514 
0.708829426747308 -5.7532260555752215 
0.7053029121863761 -5.7554066278220475 
0.7017939424740061 -5.759002060745954 
0.6983024303223941 -5.764327858936043 
0.6948282888780042 -5.766897942526456 
0.6913714317194071 -5.7682957970809 
0.6879317728551315 -5.76971920813851 
0.6845092267215239 -5.781123497684727 
0.6811037081806208 -5.781204330226206 
0.6777151325180306 -5.7903234114924 
0.6743434154408265 -5.799201090937718 
0.6709884730754493 -5.801523743723677 
0.6676502219656212 -5.801773303624717 
0.6643285790702699 -5.810046619071291 
0.6610234617614625 -5.8196420484362426 
0.6577347878223508 -5.828075309337485 
0.6544624754451253 -5.83231554482761 
0.6512064432289804 -5.839476221381995 
0.6479666101780899 -5.845773163650444 
0.644742895699592 -5.850752543462074 
0.6415352196015841 -5.863079654087926 
0.6383435020911284 -5.8645854039903424 
0.6351676637722671 -5.865152836443958 
0.6320076256440469 -5.865766720136 
0.6288633090985541 -5.866753132999318 
0.6257346359189594 -5.867369901514116 
0.6226215282775716 -5.867882072941915 
0.619523908733902 -5.877817943293186 
0.6164417002327384 -5.878101576582659 
0.6133748261022272 -5.890790331460871 
0.6103232100519674 -5.891119347129027 
0.6072867761711118 -5.895585675561546 
0.6042654489264795 -5.904084667996215 
0.6012591531606761 -5.905355882128714 
0.598267814090225 -5.913906710121466 
0.5952913573037064 -5.93160126685826 
0.592329708759907 -5.935455465722541 
0.5893827947859771 -5.937745382472465 
0.5864505420755991 -5.939426653724745 
0.5835328776871633 -5.9494056748373785 
0.5806297290419535 -5.952624411116065 
0.5777410239223418 -5.957121519061175 
0.5748666904699918 -5.962630330199169 
0.5720066571840715 -5.970530049365794 
0.5691608529194742 -5.9718477346303604 
0.566329206885049 -5.975041535473089 
0.5635116486418398 -5.978176930401672 
0.5607081081013331 -5.979751499116951 
0.5579185155237145 -5.981201780452183 
0.5551428015161339 -5.981327859822881 
0.552380897030979 -5.981372369809524 
0.5496327333641582 -5.998312824203647 
0.5468982421533913 -5.999779400576289 
0.5441773553765088 -6.0007517552318355 
0.54147000534976 -6.0051901800187935 
0.5387761247261293 -6.007477838567892 
0.536095646493661 -6.011057585416656 
0.533428503973792 -6.033991193574907 
0.5307746308196937 -6.0343983500106155 
0.5281339610146205 -6.037001001120698 
0.5255064288702692 -6.038331796655056 
0.5228919690251435 -6.043103861623712 
0.5202905164429289 -6.051152676540802 
0.5177020064108745 -6.0517050366893566 
0.5151263745381837 -6.053801356173775 
0.5125635567544116 -6.057168529513774 
0.5100134893078722 -6.059185231803553 
0.5074761087640519 -6.063589705867826 
0.5049513520040319 -6.063647005418832 
0.5024391562229172 -6.06787943790647 
0.49993945892827585 -6.076483618586573 
0.497452197938583 -6.0778401358639975 
0.4949773113816746 -6.078471054408599 
0.4925147376932086 -6.091966190882082 
0.4900644156151329 -6.094714758877075 
0.48762628419416215 -6.0949462815039785 
0.48520028278026084 -6.108656969547623 
0.4827863510251352 -6.123638841262827 
0.4803844288807315 -6.1236720368322155 
0.4779944565977428 -6.1265092541445485 
0.4756163747241222 -6.1302222561041635 
0.47325012410360423 -6.134640402886084 
0.47089564587423305 -6.140542031145613 
0.46855288146689855 -6.14125257675934 
0.4662217726038792 -6.148801151652222 
0.46390226129739226 -6.149820400268631 
0.4615942898481515 -6.160800630809189 
0.45929780084393185 -6.168031638332531 
0.45701273715814117 -6.169222639594663 
0.45473904194839915 -6.176779352379409 
0.45247665865512354 -6.1775905205541575 
0.45022553100012297 -6.187752807153596 
0.44798560298519696 -6.191688736205796 
0.44575681889074326 -6.200203688095395 
0.4435391232743714 -6.207928033971748 
0.44133246096952383 -6.214274992654519 
0.4391367770841033 -6.2164639604859335 
0.4369520169991078 -6.222062957127401 
0.4347781263672714 -6.223956897806959 
0.4326150511117129 -6.229461612436315 
0.43046273742458996 -6.232050839113387 
0.42832113176576114 -6.23375576090951 
0.4261901808614539 -6.236855293308767 
0.4240698317029392 -6.239096863125021 
0.4219600315452131 -6.243268730286427 
0.41986072790568474 -6.24330769464027 
0.41777186856287035 -6.246303794538516 
0.41569340155509493 -6.252501227488997 
0.41362527517919895 -6.253468626008517 
0.41156743798925266 -6.256436955309058 
0.4095198387952763 -6.257451553848803 
0.4074824266619665 -6.2575459598339895 
0.40545515090742934 -6.261177722690887 
0.40343796110191976 -6.264558805559759 
0.40143080706658685 -6.26632890900643 
0.3994336388722257 -6.267783466669491 
0.39744640683803556 -6.272561890293153 
0.39546906153038364 -6.274344843441266 
0.39350155376157575 -6.276438888999364 
0.3915438345886326 -6.276802687621194 
0.38959585531207225 -6.280921963210505 
0.38765756747469876 -6.281162768089118 
0.3857289228603968 -6.283413328715203 
0.38380987349293216 -6.284701712336777 
0.3819003716347584 -6.289397905752446 
0.38000036978582924 -6.29672067922054 
0.37810982068241716 -6.298277383692693 
0.37622867729593745 -6.300488317626826 
0.3743568928317786 -6.3020519039444345 
0.3724944207281379 -6.314208114435523 
0.3706412146548636 -6.334428253483014 
0.36879722851230207 -6.338809285463521 
0.3669624164301513 -6.340149303882402 
0.36513673276631975 -6.3412238462944135 
0.3633201321057908 -6.341317215754538 
0.3615125692594933 -6.3473260283611 
0.3597139992631775 -6.34825963431627 
0.357924377376296 -6.349899861421388 
0.3561436590808916 -6.353966763573409 
0.35437180008048913 -6.354136655359882 
0.35260875629899413 -6.360859146225841 
0.35085448387959617 -6.36533590715824 
0.3491089391836778 -6.366728899790848 
0.34737207878972914 -6.369641885605971 
0.34564385949226784 -6.370982812137078 
0.343924238300764 -6.3797425647202815 
0.3422131724385712 -6.381525483976391 
0.3405106193418619 -6.387640932997873 
0.33881653665856903 -6.38898258767102 
0.33713088224733234 -6.390539209600565 
0.33545361417645014 -6.391476056453452 
0.33378469072283595 -6.393515867502509 
0.3321240703709811 -6.394485824264276 
0.3304717118119215 -6.396739559861798 
0.3288275739422104 -6.40976263490594 
0.3271916158628959 -6.410141700200481 
0.32556379687850345 -6.414706178250112 
0.3239440764960233 -6.415052650311807 
0.3223324144239038 -6.417722373295289 
0.3207287705710486 -6.417908806584036 
0.3191331050458195 -6.420206894701351 
0.31754537815504424 -6.422868774648917 
0.31596555040302915 -6.428206924699551 
0.31439358249057625 -6.429564445572021 
0.31282943531400625 -6.431519313162508 
0.3112730699641853 -6.440681357894227 
0.3097244477255575 -6.441698076694586 
0.3081835300751816 -6.442112499845546 
0.30665027868177275 -6.442384831518693 
0.30512465540474903 -6.447511716974022 
0.3036066222932826 -6.457328572887111 
0.30209614158535586 -6.462226542359237 
0.30059317570682176 -6.462332227218276 
0.2990976872704694 -6.465301553320081 
0.29760963907509397 -6.4653623157443665 
0.2961289941045711 -6.4724353974898206 
0.2946557155269364 -6.4764882084372255 
0.2931897666934691 -6.476767882380379 
0.2917311111377802 -6.476850132980739 
0.2902797125749057 -6.4793851173315495 
0.28883553490040365 -6.479486888397812 
0.2873985421894564 -6.481767538845369 
0.2859686986959765 -6.48186931979574 
0.2845459688517179 -6.482664455606845 
0.283130317265391 -6.4887765508192965 
0.2817217087217821 -6.489356528683055 
0.2803201081808777 -6.492036472901737 
0.27892548077699275 -6.501119437590854 
0.2775377918179032 -6.504611561451252 
0.2761570067839833 -6.5094505855663485 
0.2747830913273466 -6.509520876132901 
0.27341601127099163 -6.510048161794891 
0.2720557326079519 -6.5117060265372535 
0.27070222150044965 -6.513482127424124 
0.2693554442790544 -6.520215082469708 
0.2680153674418452 -6.528922229807271 
0.2666819576535773 -6.532392506326674 
0.265355181744853 -6.533784609944169 
0.26403500671129654 -6.544151660064401 
0.2627213997127329 -6.544827182223252 
0.261414328072371 -6.546872633817566 
0.26011375927599106 -6.553042480149906 
0.2588196609711354 -6.554353948596 
0.2575320009663039 -6.557988369521333 
0.2562507472301531 -6.5594897563580155 
0.25497586789069965 -6.5615091596648245 
0.25370733123452704 -6.56215233310691 
0.25244510570599704 -6.562679314823541 
0.25118915990646473 -6.565484146703938 
0.24993946259349725 -6.569432588855915 
0.24869598268009677 -6.573901903145876 
0.24745868923392714 -6.577448024295323 
0.2462275514765444 -6.579506638785643 
0.24500253878263126 -6.579620732623942 
0.2437836206792351 -6.580894362799246 
0.24257076684501006 -6.581538690679435 
0.24136394710946274 -6.581746557730044 
0.24016313145220175 -6.58304705068569 
0.2389682900021908 -6.590575472968763 
0.23777939303700577 -6.592415948296098 
0.2365964109820953 -6.5955154950955395 
0.23541931441004507 -6.596857515602291 
0.23424807403984585 -6.599106688448399 
0.23308266073616504 -6.602698336533413 
0.23192304550862192 -6.606990487749505 
0.23076919951106661 -6.6106131630435705 
0.22962109404086228 -6.612109920423363 
0.22847870053817143 -6.614494813012507 
0.22734199058524523 -6.6158342103718395 
0.22621093590571664 -6.62425734291831 
0.22508550836389715 -6.628270407576219 
0.2239656799640768 -6.630965503699748 
0.22285142284982765 -6.631984288051511 
0.2217427093033111 -6.632703241762072 
0.22063951174458815 -6.642724800857038 
0.2195418027309335 -6.645652259773194 
0.21844955495615273 -6.646718645847848 
0.21736274124990324 -6.648175552340782 
0.21628133457701815 -6.653736842921158 
0.215205308036834 -6.656515088969216 
0.21413463486252138 -6.66015156141194 
0.21306928842041928 -6.661024296694877 
0.21200924220937242 -6.663349394524995 
0.21095446986007207 -6.664492163305911 
0.20990494513440008 -6.674265101146859 
0.2088606419247762 -6.6776898703063345 
0.20782153425350866 -6.677968397577625 
0.20678759627214793 -6.682565956912956 
0.20575880226084373 -6.683229809366589 
0.20473512662770518 -6.685961846124891 
0.20371654390816438 -6.68640983417488 
0.20270302876434268 -6.689273837257347 
0.20169455598442057 -6.6908232425881895 
0.20069110048201053 -6.696472627302076 
0.19969263729553285 -6.698349430322582 
0.19869914158759489 -6.698861088893534 
0.19771058864437302 -6.70039845401161 
0.19672695387499806 -6.701670044643457 
0.19574821281094335 -6.701869833356629 
0.19477434110541625 -6.704338922813087 
0.1938053145327525 -6.708537702352844 
0.19284110898781343 -6.711192064150135 
0.1918817004853865 -6.712211781801707 
0.19092706515958857 -6.712565380119468 
0.1899771792632722 -6.7126828700040155 
0.18903201916743503 -6.7140415523721595 
0.18809156136063188 -6.716323315698535 
0.18715578244838993 -6.719929325435774 
0.18622465915262681 -6.720197908885027 
0.18529816831107146 -6.720791713886575 
0.18437628687668803 -6.728710280130395 
0.18345899191710252 -6.729394738797096 
0.18254626061403237 -6.730890117930568 
0.18163807026271878 -6.732112517180405 
0.18073439827136195 -6.732775822081503 
0.17983522216055917 -6.738903936136261 
0.17894051956274545 -6.744694602458998 
0.17805026822163728 -6.75121615859533 
0.17716444599167888 -6.751950037047936 
0.17628303083749142 -6.758220091742758 
0.1754060008333248 -6.7650703589832455 
0.17453333416251224 -6.767929183436679 
0.17366500911692762 -6.77180888839987 
0.1728010040964454 -6.772514649334284 
0.17194129760840338 -6.775029018376582 
0.17108586826706804 -6.77897773643704 
0.17023469479310252 -6.780298640827314 
0.16938775601303735 -6.785979948807164 
0.16854503085874364 -6.789183096435416 
0.1677064983669091 -6.789789455873239 
0.16687213767851652 -6.790232125034677 
0.1660419280383249 -6.790820705554514 
0.16521584879435314 -6.7914961620147265 
0.1643938793973663 -6.792704586311769 
0.1635759994003645 -6.793637927965831 
0.1627621884580741 -6.793670896999551 
0.1619524263264419 -6.794430493894725 
0.16114669286213126 -6.7945826891291965 
0.16034496802202117 -6.794645485728072 
0.1595472318627076 -6.80174184377101 
0.15875346454000758 -6.801903733072137 
0.15796364630846527 -6.802466814286636 
0.15717775752086097 -6.802658042619617 
0.15639577862772236 -6.8030297234802575 
0.15561769017683816 -6.805153541491835 
0.1548434728127743 -6.807739637428096 
0.15407310727639234 -6.80793567713275 
0.15330657440437048 -6.80815847519876 
0.15254385512872687 -6.8098694435381235 
0.15178493047634514 -6.820839797386879 
0.15102978156850264 -6.82321481387285 
0.15027838962040063 -6.826766312103498 
0.14953073594069716 -6.828512737888251 
0.14878680193104193 -6.829965007064411 
0.14804656908561387 -6.8333728073810205 
0.14731001899066057 -6.841598478231848 
0.14657713332404038 -6.846874928309194 
0.14584789385476654 -6.847439261592396 
0.1451222824425538 -6.851391343618479 
0.14440028103736696 -6.852835596976399 
0.1436818716789721 -6.856233736751089 
0.14296703649648965 -6.8646501725642 
0.1422557577079499 -6.865243560819509 
0.14154801761985064 -6.865828580096347 
0.14084379862671706 -6.868338911622008 
0.14014308321066377 -6.8711772644549995 
0.13944585394095896 -6.871337549049373 
0.13875209347359102 -6.871771773902148 
0.13806178455083684 -6.872656781401157 
0.13737491000083266 -6.876803147823811 
0.13669145273714695 -6.8789627180095545 
0.13601139575835516 -6.881086022562582 
0.13533472214761708 -6.892521477099669 
0.13466141507225582 -6.894240394383888 
0.13399145778333912 -6.896384859375152 
0.13332483361526282 -6.901482222162816 
0.13266152598533612 -6.901968393002633 
0.1320015183933693 -6.909419302691867 
0.13134479442126298 -6.9110944748511995 
0.13069133773259997 -6.914708691588683 
0.13004113207223877 -6.915664985053439 
0.12939416126590925 -6.9172538063388975 
0.12875040921981018 -6.926393909387444 
0.12810985992020915 -6.928750276612221 
0.12747249743304392 -6.9298309587690365 
0.1268383059035263 -6.930371936919425 
0.12620726955574757 -6.931915331576191 
0.12557937269228614 -6.935350521940546 
0.12495459969381706 -6.938409450571115 
0.12433293501872344 -6.940466743033968 
0.1237143632027099 -6.9405093395600375 
0.12309886885841781 -6.9420468809092934 
0.1224864366750426 -6.943151476034145 
0.12187705141795284 -6.945540038971791 
0.12127069792831129 -6.949015492642023 
0.1206673611226978 -6.949132312301925 
0.12006702599273412 -6.949350104600785 
0.11946967760471058 -6.949982100220698 
0.11887530109921451 -6.950749148731575 
0.1182838816907607 -6.951838110742952 
0.11769540466742359 -6.951887407591308 
0.11710985539047124 -6.952074264041499 
0.11652721929400124 -6.9593956997964215 
0.11594748188457835 -6.959696631639959 
0.11537062874087398 -6.963359013459931 
0.11479664551330744 -6.963611196049026 
0.114225517923689 -6.966419350974259 
0.11365723176486468 -6.969197708758459 
0.11309177290036287 -6.969584382164485 
0.11252912726404266 -6.971482621316781 
0.11196928085974395 -6.974604838746894 
0.11141221976093925 -6.975398945601501 
0.11085793011038732 -6.975412206346934 
0.11030639811978837 -6.975677000587627 
0.10975761006944118 -6.976050962725608 
0.10921155230790167 -6.986176386151959 
0.10866821125164346 -6.986430419982724 
0.10812757338471986 -6.987423590828478 
0.10758962525842772 -6.99055029244165 
0.10705435349097286 -6.993112147580171 
0.10652174476713717 -6.993440241029511 
0.10599178583794744 -6.994728797284279 
0.10546446352034572 -6.995484851046821 
0.1049397646968614 -6.999468613350821 
0.104417676315285 -7.000244538294557 
0.10389818538834328 -7.008942216983586 
0.10338127899337639 -7.010864296251542 
0.10286694427201631 -7.011101281110106 
0.10235516842986699 -7.012279382921558 
0.10184593873618605 -7.012538052587444 
0.10133924252356821 -7.014581471894649 
0.10083506718763006 -7.018228273497619 
0.10033340018669659 -7.021951729464788 
0.09983422904148914 -7.022150210642487 
0.09933754133481507 -7.028337103243042 
0.09884332471125878 -7.03072386780089 
0.09835156687687441 -7.032585779865788 
0.09786225559888001 -7.03690675960749 
0.09737537870535325 -7.041115885546783 
0.09689092408492861 -7.041530574586368 
0.09640887968649613 -7.048640843413886 
0.09592923351890162 -7.050245115392768 
0.09545197365064838 -7.051256746936948 
0.09497708820960038 -7.052241544488221 
0.09450456538268695 -7.055230619095391 
0.0940343934156089 -7.055425758381846 
0.09356656061254617 -7.056209661003013 
0.09310105533586685 -7.0565823548315025 
0.09263786600583766 -7.059616401707259 
0.09217698110033598 -7.060144406634937 
0.09171838915456317 -7.060527742433856 
0.09126207876075937 -7.0630754927009445 
0.09080803856791977 -7.063855555671084 
0.09035625728151221 -7.068851084276122 
0.08990672366319624 -7.068984987985656 
0.08945942653054352 -7.079357424865029 
0.08901435475675973 -7.080618495953222 
0.0885714972704077 -7.0815315748613 
0.08813084305513204 -7.0822959830878425 
0.0876923811493851 -7.086205217621112 
0.08725610064615434 -7.087057008521056 
0.08682199069269089 -7.087549868011291 
0.08639004049023968 -7.092192297029876 
0.08596023929377083 -7.092583392462326 
0.08553257641171227 -7.093159365672462 
0.08510704120568387 -7.094534154811047 
0.0846836230902327 -7.096836195237148 
0.08426231153256986 -7.097209057352828 
0.08384309605230832 -7.099489813679824 
0.0834259662212023 -7.0998023433266955 
0.08301091166288786 -7.100078810978513 
0.08259792205262474 -7.104345626697061 
0.08218698711703955 -7.106029382532836 
