N_walkers = 200
N_cull = 1
N_steps_per_walker = 2000
eps = 1.0e-8
0.9900745031063588 -4.609212194022383 
0.9851487593098098 -4.815596823521711 
0.9802475217013032 -4.883362590387525 
0.9753706683595058 -4.92148206239836 
0.9705180779696575 -4.968122826527754 
0.9656896298205547 -5.030027454882507 
0.9608852038015471 -5.091170240503718 
0.9561046803995493 -5.1043616467024435 
0.951347940696069 -5.119451881963679 
0.9466148663642477 -5.15258629378522 
0.9419053396659182 -5.171448467435312 
0.9372192434486748 -5.2198518330807 
0.9325564611429601 -5.234897941208779 
0.9279168767591642 -5.260221030189878 
0.9233003748847406 -5.276630645196818 
0.9187068406813339 -5.315897901512566 
0.9141361598819243 -5.337231023957115 
0.9095882187879845 -5.3423304488679895 
0.9050629042666513 -5.345009386496816 
0.9005601037479116 -5.367932909841214 
0.8960797052218027 -5.377318389584646 
0.8916215972356246 -5.383158348380278 
0.8871856688911688 -5.3862193968097785 
0.882771809841959 -5.389156517652636 
0.8783799102905064 -5.394106552109518 
0.8740098609855785 -5.397363585025079 
0.8696615532194812 -5.397666094788616 
0.8653348788253544 -5.399280220182647 
0.861029730174482 -5.403677290988789 
0.856746000173614 -5.4081079258416525 
0.8524835822623025 -5.417659063067792 
0.8482423704102513 -5.419973736562907 
0.8440222591146779 -5.439259891320238 
0.8398231433976895 -5.4430507075367345 
0.8356449188036712 -5.448142240583278 
0.8314874813966877 -5.454050474617705 
0.8273507277578983 -5.4703402343694 
0.8232345549829834 -5.470546326983432 
0.8191388606795854 -5.470918053037495 
0.8150635429647617 -5.482617344173847 
0.8110085004624494 -5.490501396519078 
0.8069736323009448 -5.517276326472684 
0.8029588381103928 -5.522927853680568 
0.7989640180202914 -5.524141310686288 
0.7949890726570064 -5.52572236798003 
0.7910339031412998 -5.546046410981436 
0.7870984110858705 -5.550873914070939 
0.783182498592906 -5.556995723646899 
0.7792860682516478 -5.559239148895703 
0.7754090231359679 -5.559916994018003 
0.7715512668019582 -5.572601777600956 
0.7677127032855305 -5.574492526606703 
0.7638932371000304 -5.592269540039304 
0.7600927732338612 -5.594398356147514 
0.7563112171481206 -5.5953981240644595 
0.7525484747742494 -5.597727826085753 
0.7488044525116909 -5.601656942499429 
0.7450790572255631 -5.601756066822077 
0.7413721962443414 -5.617924884291897 
0.7376837773575536 -5.623713532213063 
0.7340137088134863 -5.631700085607194 
0.7303618993169018 -5.643317915460124 
0.7267282580267679 -5.644250620744324 
0.723112694553998 -5.644379705978945 
0.719515118959202 -5.645797531179485 
0.7159354417504497 -5.650143940311711 
0.7123735738810445 -5.651191590354736 
0.708829426747308 -5.658772617299457 
0.7053029121863761 -5.660443483279542 
0.7017939424740061 -5.661619126834247 
0.6983024303223941 -5.661867581589868 
0.6948282888780042 -5.663633037895716 
0.6913714317194071 -5.66940660245795 
0.6879317728551315 -5.67611687387931 
0.6845092267215239 -5.6770430948546915 
0.6811037081806208 -5.6819332020631474 
0.6777151325180306 -5.6962574732783455 
0.6743434154408265 -5.71275392809809 
0.6709884730754493 -5.717201030694 
0.6676502219656212 -5.71985493639483 
0.6643285790702699 -5.725285980169405 
0.6610234617614625 -5.7278399581063715 
0.6577347878223508 -5.734554902522748 
0.6544624754451253 -5.735630190499601 
0.6512064432289804 -5.741714327752415 
0.6479666101780899 -5.742969573824236 
0.644742895699592 -5.744966193169828 
0.6415352196015841 -5.745487158573984 
0.6383435020911284 -5.7545592257712785 
0.6351676637722671 -5.760322825126645 
0.6320076256440469 -5.7782170678230145 
0.6288633090985541 -5.778767110980945 
0.6257346359189594 -5.794295291071956 
0.6226215282775716 -5.808963656036162 
0.619523908733902 -5.840242971011151 
0.6164417002327384 -5.841987984737725 
0.6133748261022272 -5.842470818102892 
0.6103232100519674 -5.843902848852052 
0.6072867761711118 -5.854095158506282 
0.6042654489264795 -5.862898715844492 
0.6012591531606761 -5.8653493124864715 
0.598267814090225 -5.879586985064247 
0.5952913573037064 -5.880312318932005 
0.592329708759907 -5.882517721554052 
0.5893827947859771 -5.903596538576087 
0.5864505420755991 -5.91052984798251 
0.5835328776871633 -5.921566814975444 
0.5806297290419535 -5.923707535015289 
0.5777410239223418 -5.92496260354765 
0.5748666904699918 -5.9250165085617885 
0.5720066571840715 -5.929021206335054 
0.5691608529194742 -5.9335478437640425 
0.566329206885049 -5.936037203533504 
0.5635116486418398 -5.940013287193006 
0.5607081081013331 -5.940687248283869 
0.5579185155237145 -5.9410392950883155 
0.5551428015161339 -5.948970624978805 
0.552380897030979 -5.949529233549108 
0.5496327333641582 -5.949652673743074 
0.5468982421533913 -5.951676428998732 
0.5441773553765088 -5.9545252428338244 
0.54147000534976 -5.957784555669715 
0.5387761247261293 -5.971555502513152 
0.536095646493661 -5.979174427883262 
0.533428503973792 -5.985518543951132 
0.5307746308196937 -6.001970880772942 
0.5281339610146205 -6.007962669363632 
0.5255064288702692 -6.0118441467881585 
0.5228919690251435 -6.01442543355621 
0.5202905164429289 -6.0186042745103006 
0.5177020064108745 -6.0223110124140735 
0.5151263745381837 -6.022566393686478 
0.5125635567544116 -6.030923549661533 
0.5100134893078722 -6.035565500560783 
0.5074761087640519 -6.044197355154119 
0.5049513520040319 -6.045209875992835 
0.5024391562229172 -6.04723589370779 
0.49993945892827585 -6.056556867007163 
0.497452197938583 -6.058088596115029 
0.4949773113816746 -6.066708241934732 
0.4925147376932086 -6.067115769963729 
0.4900644156151329 -6.071281026914725 
0.48762628419416215 -6.087490410366987 
0.48520028278026084 -6.093201053570012 
0.4827863510251352 -6.099722762782076 
0.4803844288807315 -6.1011703873369125 
0.4779944565977428 -6.106868987926424 
0.4756163747241222 -6.107572217663418 
0.47325012410360423 -6.1265045234788325 
0.47089564587423305 -6.136938033754685 
0.46855288146689855 -6.1397491215803015 
0.4662217726038792 -6.1406863479380815 
0.46390226129739226 -6.143494166475394 
0.4615942898481515 -6.152474770115789 
0.45929780084393185 -6.158793610658787 
0.45701273715814117 -6.161313050597068 
0.45473904194839915 -6.163425559872119 
0.45247665865512354 -6.173352297138922 
0.45022553100012297 -6.177016868034226 
0.44798560298519696 -6.189526336391726 
0.44575681889074326 -6.194164175574012 
0.4435391232743714 -6.194432377902947 
0.44133246096952383 -6.199028874471774 
0.4391367770841033 -6.200053792462517 
0.4369520169991078 -6.202594345455367 
0.4347781263672714 -6.207031527640809 
0.4326150511117129 -6.2072646004113485 
0.43046273742458996 -6.209921554071211 
0.42832113176576114 -6.209943849922624 
0.4261901808614539 -6.210843879579555 
0.4240698317029392 -6.212795099994883 
0.4219600315452131 -6.218403609031928 
0.41986072790568474 -6.219641360490941 
0.41777186856287035 -6.220080459248711 
0.41569340155509493 -6.224858305190439 
0.41362527517919895 -6.226376850025861 
0.41156743798925266 -6.226559376361432 
0.4095198387952763 -6.231192013194187 
0.4074824266619665 -6.234809066715959 
0.40545515090742934 -6.235924894217282 
0.40343796110191976 -6.237631657856398 
0.40143080706658685 -6.247961483640816 
0.3994336388722257 -6.250528185626753 
0.39744640683803556 -6.251958330482306 
0.39546906153038364 -6.254343347042705 
0.39350155376157575 -6.255399926309198 
0.3915438345886326 -6.256697477478458 
0.38959585531207225 -6.2605879545082965 
0.38765756747469876 -6.262425525536523 
0.3857289228603968 -6.2642758793324065 
0.38380987349293216 -6.2652014345997395 
0.3819003716347584 -6.2687881164361 
0.38000036978582924 -6.271509738083535 
0.37810982068241716 -6.276414644821592 
0.37622867729593745 -6.2790276185565395 
0.3743568928317786 -6.285514336502497 
0.3724944207281379 -6.288344185829946 
0.3706412146548636 -6.297856252084541 
0.36879722851230207 -6.2985692445319685 
0.3669624164301513 -6.299850933781382 
0.36513673276631975 -6.302398944102867 
0.3633201321057908 -6.302449353571339 
0.3615125692594933 -6.306807973589328 
0.3597139992631775 -6.30865815154428 
0.357924377376296 -6.309888579066291 
0.3561436590808916 -6.314567246646371 
0.35437180008048913 -6.3237093351836595 
0.35260875629899413 -6.328331977082997 
0.35085448387959617 -6.328334430314224 
0.3491089391836778 -6.331976494449741 
0.34737207878972914 -6.334857961204146 
0.34564385949226784 -6.335677504698675 
0.343924238300764 -6.353435403661531 
0.3422131724385712 -6.358819673728239 
0.3405106193418619 -6.363963779667912 
0.33881653665856903 -6.36800346584002 
0.33713088224733234 -6.379575871571345 
0.33545361417645014 -6.380127919635941 
0.33378469072283595 -6.385314792307055 
0.3321240703709811 -6.3856040810152335 
0.3304717118119215 -6.389968602503396 
0.3288275739422104 -6.390491663057277 
0.3271916158628959 -6.390957805805582 
0.32556379687850345 -6.395463542729742 
0.3239440764960233 -6.396993732767584 
0.3223324144239038 -6.406986525109159 
0.3207287705710486 -6.414007015700411 
0.3191331050458195 -6.418978504146526 
0.31754537815504424 -6.422510559627494 
0.31596555040302915 -6.424579144926056 
0.31439358249057625 -6.425677978094233 
0.31282943531400625 -6.427333226734125 
0.3112730699641853 -6.4298384643176565 
0.3097244477255575 -6.429917742210104 
0.3081835300751816 -6.441756304706965 
0.30665027868177275 -6.461901056127486 
0.30512465540474903 -6.4660486366227685 
0.3036066222932826 -6.467867191853215 
0.30209614158535586 -6.472324405923949 
0.30059317570682176 -6.476606316534742 
0.2990976872704694 -6.484365152190357 
0.29760963907509397 -6.494429535695827 
0.2961289941045711 -6.496188984467576 
0.2946557155269364 -6.503373572737148 
0.2931897666934691 -6.503628903913639 
0.2917311111377802 -6.506380661821649 
0.2902797125749057 -6.508705766873097 
0.28883553490040365 -6.515356715765624 
0.2873985421894564 -6.516101999827968 
0.2859686986959765 -6.521099089730333 
0.2845459688517179 -6.52272370368915 
0.283130317265391 -6.522916147801439 
0.2817217087217821 -6.526337042245211 
0.2803201081808777 -6.532165127402443 
0.27892548077699275 -6.535879871042161 
0.2775377918179032 -6.537374023478126 
0.2761570067839833 -6.538486492479766 
0.2747830913273466 -6.538700779706577 
0.27341601127099163 -6.543749476219838 
0.2720557326079519 -6.553814724514661 
0.27070222150044965 -6.561199465806582 
0.2693554442790544 -6.562587014395525 
0.2680153674418452 -6.563623611023846 
0.2666819576535773 -6.567744585872435 
0.265355181744853 -6.568645172955384 
0.26403500671129654 -6.572343219443704 
0.2627213997127329 -6.575153840040915 
0.261414328072371 -6.576221232925404 
0.26011375927599106 -6.576671988599471 
0.2588196609711354 -6.579679638283994 
0.2575320009663039 -6.587172052590478 
0.2562507472301531 -6.59011923466525 
0.25497586789069965 -6.59102803423159 
0.25370733123452704 -6.591088301062296 
0.25244510570599704 -6.59242376390266 
0.25118915990646473 -6.595271962564177 
0.24993946259349725 -6.595313079292356 
0.24869598268009677 -6.598093140082627 
0.24745868923392714 -6.599088010214392 
0.2462275514765444 -6.599756843282135 
0.24500253878263126 -6.605876919501624 
0.2437836206792351 -6.613147076697627 
0.24257076684501006 -6.613655059149121 
0.24136394710946274 -6.616004433817319 
0.24016313145220175 -6.616457569880194 
0.2389682900021908 -6.617123414712962 
0.23777939303700577 -6.6238679359512584 
0.2365964109820953 -6.6309609494985455 
0.23541931441004507 -6.643978087721623 
0.23424807403984585 -6.654494189238896 
0.23308266073616504 -6.6597335325143865 
0.23192304550862192 -6.6599736547655315 
0.23076919951106661 -6.661535960447183 
0.22962109404086228 -6.674122748500884 
0.22847870053817143 -6.678495451882408 
0.22734199058524523 -6.68107006739448 
0.22621093590571664 -6.681080968383068 
0.22508550836389715 -6.685427726695715 
0.2239656799640768 -6.68859937990047 
0.22285142284982765 -6.693302148789553 
0.2217427093033111 -6.696092572077863 
0.22063951174458815 -6.6968443262658015 
0.2195418027309335 -6.702546565210612 
0.21844955495615273 -6.711422007584669 
0.21736274124990324 -6.714384942953379 
0.21628133457701815 -6.716624861957753 
0.215205308036834 -6.722111004869912 
0.21413463486252138 -6.726378986193814 
0.21306928842041928 -6.7270418068552535 
0.21200924220937242 -6.727838604143669 
0.21095446986007207 -6.734331984766818 
0.20990494513440008 -6.73852902643167 
0.2088606419247762 -6.744097516700519 
0.20782153425350866 -6.744585090091638 
0.20678759627214793 -6.745936239086311 
0.20575880226084373 -6.748534895249589 
0.20473512662770518 -6.751178921711044 
0.20371654390816438 -6.753330869973677 
0.20270302876434268 -6.755886975936629 
0.20169455598442057 -6.7597171590543175 
0.20069110048201053 -6.759865320609163 
0.19969263729553285 -6.762494619811166 
0.19869914158759489 -6.767261282201064 
0.19771058864437302 -6.774637064772307 
0.19672695387499806 -6.775113998810175 
0.19574821281094335 -6.779085479355424 
0.19477434110541625 -6.779900794567961 
0.1938053145327525 -6.780506376652271 
0.19284110898781343 -6.781216174351668 
0.1918817004853865 -6.78328943572908 
0.19092706515958857 -6.785378898772839 
0.1899771792632722 -6.7866282156256705 
0.18903201916743503 -6.787095591125697 
0.18809156136063188 -6.790475810536056 
0.18715578244838993 -6.792715705348696 
0.18622465915262681 -6.795845630714191 
0.18529816831107146 -6.8046610346217555 
0.18437628687668803 -6.808663000799095 
0.18345899191710252 -6.810603666722176 
0.18254626061403237 -6.811178797857372 
0.18163807026271878 -6.813764207054502 
0.18073439827136195 -6.830006943960277 
0.17983522216055917 -6.834028064276586 
0.17894051956274545 -6.839616352566068 
0.17805026822163728 -6.840617212061009 
0.17716444599167888 -6.8411260197165955 
0.17628303083749142 -6.843778936509936 
0.1754060008333248 -6.853912521746598 
0.17453333416251224 -6.854143679129 
0.17366500911692762 -6.854564746879349 
0.1728010040964454 -6.854947249198254 
0.17194129760840338 -6.856179960937826 
0.17108586826706804 -6.856278826564646 
0.17023469479310252 -6.859733867928198 
0.16938775601303735 -6.863112316853301 
0.16854503085874364 -6.865976354738314 
0.1677064983669091 -6.866853713020588 
0.16687213767851652 -6.867902941898876 
0.1660419280383249 -6.868102771826759 
0.16521584879435314 -6.868552796201568 
0.1643938793973663 -6.871136224598266 
0.1635759994003645 -6.875559191013783 
0.1627621884580741 -6.87564901431901 
0.1619524263264419 -6.876045594977735 
0.16114669286213126 -6.878799042650791 
0.16034496802202117 -6.881039237177111 
0.1595472318627076 -6.881484542620948 
0.15875346454000758 -6.882816165551006 
0.15796364630846527 -6.883304542631738 
0.15717775752086097 -6.884331645116239 
0.15639577862772236 -6.885251553759288 
0.15561769017683816 -6.887070982798847 
0.1548434728127743 -6.8872806769372374 
0.15407310727639234 -6.892401625597152 
0.15330657440437048 -6.8941326733427255 
0.15254385512872687 -6.894229630108758 
0.15178493047634514 -6.901973944322105 
0.15102978156850264 -6.902147810450495 
0.15027838962040063 -6.90496439213743 
0.14953073594069716 -6.906311352251855 
0.14878680193104193 -6.907363380938335 
0.14804656908561387 -6.908423054675257 
0.14731001899066057 -6.908917864851808 
0.14657713332404038 -6.9125364662012165 
0.14584789385476654 -6.919906642066731 
0.1451222824425538 -6.921495388012503 
0.14440028103736696 -6.924977250880131 
0.1436818716789721 -6.926046077634432 
0.14296703649648965 -6.926092744727903 
0.1422557577079499 -6.928124724396645 
0.14154801761985064 -6.950978446579893 
0.14084379862671706 -6.951108241510714 
0.14014308321066377 -6.9545781084623535 
0.13944585394095896 -6.955132152972493 
0.13875209347359102 -6.955199155159791 
0.13806178455083684 -6.957461406538901 
0.13737491000083266 -6.960550419683099 
0.13669145273714695 -6.960939669784213 
0.13601139575835516 -6.963149544180562 
0.13533472214761708 -6.965000017111655 
0.13466141507225582 -6.966247626493266 
0.13399145778333912 -6.97104226569315 
0.13332483361526282 -6.974470190746763 
0.13266152598533612 -6.97656111507049 
0.1320015183933693 -6.97916142411089 
0.13134479442126298 -6.982337389826053 
0.13069133773259997 -6.982923629842718 
0.13004113207223877 -6.988171978173497 
0.12939416126590925 -6.991154349878233 
0.12875040921981018 -6.991872460083674 
0.12810985992020915 -6.994398882359026 
0.12747249743304392 -6.996398033126875 
0.1268383059035263 -6.99663984938694 
0.12620726955574757 -7.006230677540757 
0.12557937269228614 -7.007832169144109 
0.12495459969381706 -7.008630317657029 
0.12433293501872344 -7.008993163894103 
0.1237143632027099 -7.011477165139679 
0.12309886885841781 -7.013556886306514 
0.1224864366750426 -7.01545701012376 
0.12187705141795284 -7.01726647556208 
0.12127069792831129 -7.024139578618545 
0.1206673611226978 -7.024756137649603 
0.12006702599273412 -7.028284429404815 
0.11946967760471058 -7.028424472628037 
0.11887530109921451 -7.0284379230088865 
0.1182838816907607 -7.030445232934517 
0.11769540466742359 -7.0384392267156315 
0.11710985539047124 -7.040066649364794 
0.11652721929400124 -7.042534426005098 
0.11594748188457835 -7.053355491497956 
0.11537062874087398 -7.05386270234622 
0.11479664551330744 -7.056224651308024 
0.114225517923689 -7.056824640775689 
0.11365723176486468 -7.057477804041951 
0.11309177290036287 -7.058303304738611 
0.11252912726404266 -7.059394113076687 
0.11196928085974395 -7.060319631060464 
0.11141221976093925 -7.068328633082264 
0.11085793011038732 -7.071989222015112 
0.11030639811978837 -7.074166209804678 
0.10975761006944118 -7.0750146259346165 
0.10921155230790167 -7.082295917656571 
0.10866821125164346 -7.0832917954351675 
0.10812757338471986 -7.0857290365652155 
0.10758962525842772 -7.091948994631283 
0.10705435349097286 -7.092458409143381 
0.10652174476713717 -7.09399425414706 
0.10599178583794744 -7.094044851152556 
0.10546446352034572 -7.0968888569656325 
0.1049397646968614 -7.098737733989663 
0.104417676315285 -7.0989662062172645 
0.10389818538834328 -7.105075102301368 
0.10338127899337639 -7.106937535833909 
0.10286694427201631 -7.117395529502857 
0.10235516842986699 -7.121369223877918 
0.10184593873618605 -7.121546044792308 
0.10133924252356821 -7.123358123079283 
0.10083506718763006 -7.125537097496013 
0.10033340018669659 -7.1277681630060234 
0.09983422904148914 -7.1309958463398555 
0.09933754133481507 -7.13384189823213 
0.09884332471125878 -7.1341288413510195 
0.09835156687687441 -7.134356400819081 
0.09786225559888001 -7.134802624808184 
0.09737537870535325 -7.13664079107269 
0.09689092408492861 -7.137883812770408 
0.09640887968649613 -7.138571330713783 
0.09592923351890162 -7.139366674168298 
0.09545197365064838 -7.140052054595582 
0.09497708820960038 -7.141974816092946 
0.09450456538268695 -7.143333920398773 
0.0940343934156089 -7.147757385457592 
0.09356656061254617 -7.14878994368264 
0.09310105533586685 -7.148988977476341 
0.09263786600583766 -7.152199604891181 
0.09217698110033598 -7.152551890046268 
0.09171838915456317 -7.155944479914888 
0.09126207876075937 -7.156516736643973 
0.09080803856791977 -7.157795431373019 
0.09035625728151221 -7.160205610424896 
0.08990672366319624 -7.164912895995657 
0.08945942653054352 -7.165976344552502 
0.08901435475675973 -7.167315147030946 
0.0885714972704077 -7.172357776664725 
0.08813084305513204 -7.1729083494673915 
0.0876923811493851 -7.177653342841299 
0.08725610064615434 -7.177991222233022 
0.08682199069269089 -7.182068823463414 
0.08639004049023968 -7.184174108643405 
0.08596023929377083 -7.184793797461261 
0.08553257641171227 -7.1851971775442545 
0.08510704120568387 -7.189639833785962 
0.0846836230902327 -7.190129801484303 
0.08426231153256986 -7.193655402884951 
0.08384309605230832 -7.195249624008088 
0.0834259662212023 -7.196155013289536 
0.08301091166288786 -7.214108370951097 
0.08259792205262474 -7.2175805518786476 
0.08218698711703955 -7.218989275472233 
