N_walkers = 200
N_cull = 1
N_steps_per_walker = 2000
eps = 1.0e-8
0.9900745031063588 -4.565573728852829 
0.9851487593098098 -4.767907767735864 
0.9802475217013032 -4.774927808962457 
0.9753706683595058 -4.882172073082054 
0.9705180779696575 -4.934537522941895 
0.9656896298205547 -4.939401960151583 
0.9608852038015471 -4.949297131137933 
0.9561046803995493 -4.997678941246072 
0.951347940696069 -5.00474957029769 
0.9466148663642477 -5.015146532061856 
0.9419053396659182 -5.018379473820242 
0.9372192434486748 -5.024601486789468 
0.9325564611429601 -5.024990262130479 
0.9279168767591642 -5.0384392753496705 
0.9233003748847406 -5.043181281534831 
0.9187068406813339 -5.1702270237430445 
0.9141361598819243 -5.1901988529641 
0.9095882187879845 -5.190409645347928 
0.9050629042666513 -5.244897483698986 
0.9005601037479116 -5.248793026399184 
0.8960797052218027 -5.262753540702504 
0.8916215972356246 -5.265432889774354 
0.8871856688911688 -5.281897565439463 
0.882771809841959 -5.289636174800405 
0.8783799102905064 -5.320559728996094 
0.8740098609855785 -5.332969883102614 
0.8696615532194812 -5.372096013021027 
0.8653348788253544 -5.39994373174944 
0.861029730174482 -5.4160575912750035 
0.856746000173614 -5.435092753427828 
0.8524835822623025 -5.436711569922369 
0.8482423704102513 -5.441589687113795 
0.8440222591146779 -5.4507390881996525 
0.8398231433976895 -5.483241617924789 
0.8356449188036712 -5.4910740296238005 
0.8314874813966877 -5.491260924132204 
0.8273507277578983 -5.496931914272813 
0.8232345549829834 -5.506149351590981 
0.8191388606795854 -5.512789736921071 
0.8150635429647617 -5.519730543921328 
0.8110085004624494 -5.534698160874661 
0.8069736323009448 -5.540931136864862 
0.8029588381103928 -5.545191462424093 
0.7989640180202914 -5.557875206883018 
0.7949890726570064 -5.5596471036203265 
0.7910339031412998 -5.560372513035297 
0.7870984110858705 -5.563775541949954 
0.783182498592906 -5.573388691018651 
0.7792860682516478 -5.573708270810044 
0.7754090231359679 -5.57433416896961 
0.7715512668019582 -5.584974323007989 
0.7677127032855305 -5.60845128888467 
0.7638932371000304 -5.615794116186615 
0.7600927732338612 -5.63230257102023 
0.7563112171481206 -5.636075434461382 
0.7525484747742494 -5.653256314523539 
0.7488044525116909 -5.677938474197768 
0.7450790572255631 -5.690141542003504 
0.7413721962443414 -5.7043959791239365 
0.7376837773575536 -5.736818894951536 
0.7340137088134863 -5.737684143023936 
0.7303618993169018 -5.740106509034666 
0.7267282580267679 -5.755303235103396 
0.723112694553998 -5.761298422782997 
0.719515118959202 -5.765675563865215 
0.7159354417504497 -5.769486232103457 
0.7123735738810445 -5.7773690309182735 
0.708829426747308 -5.77812520034858 
0.7053029121863761 -5.781077193017993 
0.7017939424740061 -5.785401703485478 
0.6983024303223941 -5.789799925259312 
0.6948282888780042 -5.796820298322223 
0.6913714317194071 -5.797897110605712 
0.6879317728551315 -5.814780027054349 
0.6845092267215239 -5.816385926198844 
0.6811037081806208 -5.819833448049666 
0.6777151325180306 -5.822905435358141 
0.6743434154408265 -5.823353656842739 
0.6709884730754493 -5.840666810657748 
0.6676502219656212 -5.848424757077431 
0.6643285790702699 -5.859190406407515 
0.6610234617614625 -5.870586114685483 
0.6577347878223508 -5.870587769070921 
0.6544624754451253 -5.870732281994795 
0.6512064432289804 -5.874842990813451 
0.6479666101780899 -5.883371194209745 
0.644742895699592 -5.88836766462084 
0.6415352196015841 -5.888870940977359 
0.6383435020911284 -5.894886845853934 
0.6351676637722671 -5.89940490620621 
0.6320076256440469 -5.899911553011349 
0.6288633090985541 -5.907313560206521 
0.6257346359189594 -5.910040555911973 
0.6226215282775716 -5.918254820157374 
0.619523908733902 -5.927770853520032 
0.6164417002327384 -5.934333944425499 
0.6133748261022272 -5.9348692810925785 
0.6103232100519674 -5.938376907093181 
0.6072867761711118 -5.945092336952158 
0.6042654489264795 -5.9523026893746485 
0.6012591531606761 -5.952857805616232 
0.598267814090225 -5.954036904412138 
0.5952913573037064 -5.955845012555136 
0.592329708759907 -5.957592982875252 
0.5893827947859771 -5.961031243792059 
0.5864505420755991 -5.966831306381141 
0.5835328776871633 -5.993697824165589 
0.5806297290419535 -5.998548192365981 
0.5777410239223418 -6.002104324955559 
0.5748666904699918 -6.013047883030124 
0.5720066571840715 -6.016576124637214 
0.5691608529194742 -6.020923430080161 
0.566329206885049 -6.024039665933235 
0.5635116486418398 -6.025912917524342 
0.5607081081013331 -6.027398242719528 
0.5579185155237145 -6.0278469348165284 
0.5551428015161339 -6.0299276017701295 
0.552380897030979 -6.033155608016667 
0.5496327333641582 -6.0459907275466 
0.5468982421533913 -6.063909624074023 
0.5441773553765088 -6.067685208598538 
0.54147000534976 -6.076750305158541 
0.5387761247261293 -6.0865346189234195 
0.536095646493661 -6.089315825203545 
0.533428503973792 -6.089917511258044 
0.5307746308196937 -6.096561955333488 
0.5281339610146205 -6.104783248317902 
0.5255064288702692 -6.105271062638014 
0.5228919690251435 -6.106916194598206 
0.5202905164429289 -6.109855969507056 
0.5177020064108745 -6.126806394967733 
0.5151263745381837 -6.154556082436157 
0.5125635567544116 -6.155715367912957 
0.5100134893078722 -6.155827089663801 
0.5074761087640519 -6.159750588601333 
0.5049513520040319 -6.163639411014038 
0.5024391562229172 -6.164926546504969 
0.49993945892827585 -6.185721201976147 
0.497452197938583 -6.193700427767031 
0.4949773113816746 -6.205897549665564 
0.4925147376932086 -6.208322908392374 
0.4900644156151329 -6.213375597652545 
0.48762628419416215 -6.215669149408808 
0.48520028278026084 -6.217592265256296 
0.4827863510251352 -6.2200253610548435 
0.4803844288807315 -6.226154866668525 
0.4779944565977428 -6.2412881408672485 
0.4756163747241222 -6.250569358314407 
0.47325012410360423 -6.250634787877206 
0.47089564587423305 -6.257416151717356 
0.46855288146689855 -6.257879843670881 
0.4662217726038792 -6.259067826545886 
0.46390226129739226 -6.259608005739716 
0.4615942898481515 -6.269022330291405 
0.45929780084393185 -6.27018696035982 
0.45701273715814117 -6.271810646561792 
0.45473904194839915 -6.277542886738347 
0.45247665865512354 -6.2855924053077015 
0.45022553100012297 -6.2889462299434635 
0.44798560298519696 -6.290620015787756 
0.44575681889074326 -6.294281905648193 
0.4435391232743714 -6.2965876253039434 
0.44133246096952383 -6.304132925746325 
0.4391367770841033 -6.308761417084448 
0.4369520169991078 -6.312511380548446 
0.4347781263672714 -6.320151132618292 
0.4326150511117129 -6.3227737226858425 
0.43046273742458996 -6.32811365458448 
0.42832113176576114 -6.331059589460705 
0.4261901808614539 -6.333156518462679 
0.4240698317029392 -6.339022982678485 
0.4219600315452131 -6.343314566462515 
0.41986072790568474 -6.352306100308686 
0.41777186856287035 -6.357625305890638 
0.41569340155509493 -6.373560293745423 
0.41362527517919895 -6.383816031268024 
0.41156743798925266 -6.3879213184391475 
0.4095198387952763 -6.398699948952575 
0.4074824266619665 -6.403949179961366 
0.40545515090742934 -6.406765385326139 
0.40343796110191976 -6.417652570682611 
0.40143080706658685 -6.421329922996567 
0.3994336388722257 -6.427283607632148 
0.39744640683803556 -6.4442269605752776 
0.39546906153038364 -6.44697098437073 
0.39350155376157575 -6.455972142918187 
0.3915438345886326 -6.470444320980426 
0.38959585531207225 -6.471938723302972 
0.38765756747469876 -6.483591293334502 
0.3857289228603968 -6.4878357418378805 
0.38380987349293216 -6.4942506031706575 
0.3819003716347584 -6.499232625753842 
0.38000036978582924 -6.5014486313812645 
0.37810982068241716 -6.502634298579607 
0.37622867729593745 -6.507241068199926 
0.3743568928317786 -6.510030487781756 
0.3724944207281379 -6.513466208421672 
0.3706412146548636 -6.516716262775417 
0.36879722851230207 -6.517413433767071 
0.3669624164301513 -6.517933195656679 
0.36513673276631975 -6.531011165514118 
0.3633201321057908 -6.532226972042328 
0.3615125692594933 -6.537671512823527 
0.3597139992631775 -6.539588167310874 
0.357924377376296 -6.539940933672102 
0.3561436590808916 -6.540046177238095 
0.35437180008048913 -6.540662297474741 
0.35260875629899413 -6.543746909621311 
0.35085448387959617 -6.5471367397790114 
0.3491089391836778 -6.5542326772838395 
0.34737207878972914 -6.559227782117708 
0.34564385949226784 -6.566630443528348 
0.343924238300764 -6.578460387301514 
0.3422131724385712 -6.583909062829145 
0.3405106193418619 -6.585637734602754 
0.33881653665856903 -6.58621618669903 
0.33713088224733234 -6.58814137502082 
0.33545361417645014 -6.5894938938874565 
0.33378469072283595 -6.5914015306297795 
0.3321240703709811 -6.607392852881507 
0.3304717118119215 -6.6101526667708095 
0.3288275739422104 -6.61160697917869 
0.3271916158628959 -6.620104833798423 
0.32556379687850345 -6.624060394805506 
0.3239440764960233 -6.625748499763701 
0.3223324144239038 -6.626043057887896 
0.3207287705710486 -6.629730009601445 
0.3191331050458195 -6.633579707502531 
0.31754537815504424 -6.636301090341245 
0.31596555040302915 -6.642866242419401 
0.31439358249057625 -6.644712927394641 
0.31282943531400625 -6.644759731377054 
0.3112730699641853 -6.646891921388897 
0.3097244477255575 -6.653267857076225 
0.3081835300751816 -6.65561862837387 
0.30665027868177275 -6.6559059140138865 
0.30512465540474903 -6.661508788053886 
0.3036066222932826 -6.664005389046994 
0.30209614158535586 -6.6653225748464235 
0.30059317570682176 -6.6705530868319745 
0.2990976872704694 -6.67629752429719 
0.29760963907509397 -6.681460024420894 
0.2961289941045711 -6.681760045980159 
0.2946557155269364 -6.682546357271767 
0.2931897666934691 -6.685020944158653 
0.2917311111377802 -6.689153043515208 
0.2902797125749057 -6.690855586314888 
0.28883553490040365 -6.694867394152358 
0.2873985421894564 -6.696699056835647 
0.2859686986959765 -6.701742115347412 
0.2845459688517179 -6.70176194329551 
0.283130317265391 -6.7063717700281495 
0.2817217087217821 -6.719943988952038 
0.2803201081808777 -6.728947114786944 
0.27892548077699275 -6.73166434368635 
0.2775377918179032 -6.736515158466283 
0.2761570067839833 -6.737757107329609 
0.2747830913273466 -6.74432444721813 
0.27341601127099163 -6.749312222287912 
0.2720557326079519 -6.758371165735165 
0.27070222150044965 -6.760955390563172 
0.2693554442790544 -6.766166151528801 
0.2680153674418452 -6.769744028167969 
0.2666819576535773 -6.778460206919191 
0.265355181744853 -6.782715893666824 
0.26403500671129654 -6.785258709752609 
0.2627213997127329 -6.786132257971998 
0.261414328072371 -6.7861665529896396 
0.26011375927599106 -6.78657603449713 
0.2588196609711354 -6.798962677830545 
0.2575320009663039 -6.799819093228627 
0.2562507472301531 -6.799901708203429 
0.25497586789069965 -6.80121179420423 
0.25370733123452704 -6.802402501306028 
0.25244510570599704 -6.802506579994207 
0.25118915990646473 -6.808261845020075 
0.24993946259349725 -6.816217194263958 
0.24869598268009677 -6.818614647847449 
0.24745868923392714 -6.820461062504488 
0.2462275514765444 -6.820627194698665 
0.24500253878263126 -6.82182318573241 
0.2437836206792351 -6.824554127144835 
0.24257076684501006 -6.82622818681267 
0.24136394710946274 -6.831357679582541 
0.24016313145220175 -6.833286133994503 
0.2389682900021908 -6.838594043157133 
0.23777939303700577 -6.842727819652487 
0.2365964109820953 -6.842979252262094 
0.23541931441004507 -6.8442374141154625 
0.23424807403984585 -6.846095307475043 
0.23308266073616504 -6.847260362842015 
0.23192304550862192 -6.848815226473341 
0.23076919951106661 -6.848920803414078 
0.22962109404086228 -6.848975248592063 
0.22847870053817143 -6.85677624319539 
0.22734199058524523 -6.857355733461643 
0.22621093590571664 -6.8628102296179 
0.22508550836389715 -6.864056002827304 
0.2239656799640768 -6.86446431392575 
0.22285142284982765 -6.875515040964767 
0.2217427093033111 -6.87552405192373 
0.22063951174458815 -6.876782852820101 
0.2195418027309335 -6.877346140995264 
0.21844955495615273 -6.884986736175456 
0.21736274124990324 -6.885149896809792 
0.21628133457701815 -6.8882783375411325 
0.215205308036834 -6.891023571604432 
0.21413463486252138 -6.892182502215975 
0.21306928842041928 -6.894280793267706 
0.21200924220937242 -6.896916476571618 
0.21095446986007207 -6.899481466852004 
0.20990494513440008 -6.902872462325737 
0.2088606419247762 -6.905525139653944 
0.20782153425350866 -6.9126716589184225 
0.20678759627214793 -6.912744068885942 
0.20575880226084373 -6.915750305911176 
0.20473512662770518 -6.918799032471053 
0.20371654390816438 -6.918864283661276 
0.20270302876434268 -6.924014041165256 
0.20169455598442057 -6.926779659635096 
0.20069110048201053 -6.929447495108486 
0.19969263729553285 -6.932268661231456 
0.19869914158759489 -6.9372588966253 
0.19771058864437302 -6.941450474704274 
0.19672695387499806 -6.941911621573728 
0.19574821281094335 -6.946420919551521 
0.19477434110541625 -6.948140404963981 
0.1938053145327525 -6.950425587061945 
0.19284110898781343 -6.957587112703001 
0.1918817004853865 -6.958516287974831 
0.19092706515958857 -6.960624375792544 
0.1899771792632722 -6.966761791496901 
0.18903201916743503 -6.968218508787825 
0.18809156136063188 -6.969092815591598 
0.18715578244838993 -6.970094862358654 
0.18622465915262681 -6.973824086080672 
0.18529816831107146 -6.976358910291299 
0.18437628687668803 -6.986280225369014 
0.18345899191710252 -6.989545934827877 
0.18254626061403237 -6.989754102908512 
0.18163807026271878 -6.990237723647085 
0.18073439827136195 -6.995088485335675 
0.17983522216055917 -6.997656848336788 
0.17894051956274545 -6.99789599915269 
0.17805026822163728 -6.998224141565796 
0.17716444599167888 -6.9993136709676245 
0.17628303083749142 -7.004344237321115 
0.1754060008333248 -7.013005341511462 
0.17453333416251224 -7.017487800519676 
0.17366500911692762 -7.020672744624504 
0.1728010040964454 -7.020876529085418 
0.17194129760840338 -7.024775906161201 
0.17108586826706804 -7.027037708094824 
0.17023469479310252 -7.028326480363094 
0.16938775601303735 -7.036427997352846 
0.16854503085874364 -7.036457318171005 
0.1677064983669091 -7.036523971330247 
0.16687213767851652 -7.036942623814535 
0.1660419280383249 -7.042998752859635 
0.16521584879435314 -7.045398670206588 
0.1643938793973663 -7.047069668314483 
0.1635759994003645 -7.0580322177663115 
0.1627621884580741 -7.059839301565699 
0.1619524263264419 -7.060465566930014 
0.16114669286213126 -7.0653702138668875 
0.16034496802202117 -7.069571091805189 
0.1595472318627076 -7.0723220134993205 
0.15875346454000758 -7.076822758215632 
0.15796364630846527 -7.081272434657841 
0.15717775752086097 -7.083382198554786 
0.15639577862772236 -7.088823906040003 
0.15561769017683816 -7.089699418371207 
0.1548434728127743 -7.093107042203859 
0.15407310727639234 -7.094807331015286 
0.15330657440437048 -7.095552399151054 
0.15254385512872687 -7.104898917229495 
0.15178493047634514 -7.106030396825434 
0.15102978156850264 -7.113161876936416 
0.15027838962040063 -7.119958611205634 
0.14953073594069716 -7.122308663419547 
0.14878680193104193 -7.127913423288504 
0.14804656908561387 -7.131396868051891 
0.14731001899066057 -7.132981635069516 
0.14657713332404038 -7.1343695314029025 
0.14584789385476654 -7.134493484824195 
0.1451222824425538 -7.137640954581066 
0.14440028103736696 -7.142156183165785 
0.1436818716789721 -7.14729176559124 
0.14296703649648965 -7.152811797247697 
0.1422557577079499 -7.1528835417579035 
0.14154801761985064 -7.1536211558267535 
0.14084379862671706 -7.154405373983221 
0.14014308321066377 -7.154737141072658 
0.13944585394095896 -7.160389437989236 
0.13875209347359102 -7.161359405177446 
0.13806178455083684 -7.163440458918928 
0.13737491000083266 -7.166448506907214 
0.13669145273714695 -7.1676713220126205 
0.13601139575835516 -7.171954380305735 
0.13533472214761708 -7.1748262615346325 
0.13466141507225582 -7.175033798194607 
0.13399145778333912 -7.177664223091711 
0.13332483361526282 -7.182110148880148 
0.13266152598533612 -7.184087174010368 
0.1320015183933693 -7.184893866112741 
0.13134479442126298 -7.195711243939859 
0.13069133773259997 -7.198188222138501 
0.13004113207223877 -7.212396662487444 
0.12939416126590925 -7.2148222783408675 
0.12875040921981018 -7.218816792455047 
0.12810985992020915 -7.219981946875758 
0.12747249743304392 -7.221148626292317 
0.1268383059035263 -7.222420035353098 
0.12620726955574757 -7.222822288014422 
0.12557937269228614 -7.223742969609853 
0.12495459969381706 -7.224836606715241 
0.12433293501872344 -7.231839312647249 
0.1237143632027099 -7.234361869109657 
0.12309886885841781 -7.238404610172238 
0.1224864366750426 -7.2407367604091295 
0.12187705141795284 -7.241613747585321 
0.12127069792831129 -7.241830922029384 
0.1206673611226978 -7.243588124786672 
0.12006702599273412 -7.2459929967860575 
0.11946967760471058 -7.25240410332658 
0.11887530109921451 -7.254286309998109 
0.1182838816907607 -7.263247948206959 
0.11769540466742359 -7.264333922172736 
0.11710985539047124 -7.264816382178423 
0.11652721929400124 -7.267005108818063 
0.11594748188457835 -7.270026438506151 
0.11537062874087398 -7.271047467471062 
0.11479664551330744 -7.273303931129507 
0.114225517923689 -7.2741134091742286 
0.11365723176486468 -7.277045388794675 
0.11309177290036287 -7.278401748058736 
0.11252912726404266 -7.28072625741244 
0.11196928085974395 -7.28512711266816 
0.11141221976093925 -7.285613014348012 
0.11085793011038732 -7.2857984974658825 
0.11030639811978837 -7.287297033431453 
0.10975761006944118 -7.287341628018713 
0.10921155230790167 -7.294377399651586 
0.10866821125164346 -7.2948814816011875 
0.10812757338471986 -7.296160230191463 
0.10758962525842772 -7.29670566012459 
0.10705435349097286 -7.297442934101738 
0.10652174476713717 -7.2990169506356635 
0.10599178583794744 -7.299197209024655 
0.10546446352034572 -7.299404752065524 
0.1049397646968614 -7.300244289210896 
0.104417676315285 -7.3099850086359055 
0.10389818538834328 -7.31144878000906 
0.10338127899337639 -7.311973529275433 
0.10286694427201631 -7.313976891683949 
0.10235516842986699 -7.318980041487204 
0.10184593873618605 -7.3193831060910215 
0.10133924252356821 -7.3198868421564605 
0.10083506718763006 -7.321033306180012 
0.10033340018669659 -7.321551414657932 
0.09983422904148914 -7.321943330786996 
0.09933754133481507 -7.324338341472775 
0.09884332471125878 -7.328394651366783 
0.09835156687687441 -7.33012228891803 
0.09786225559888001 -7.332765236905042 
0.09737537870535325 -7.337354693011858 
0.09689092408492861 -7.337389703732919 
0.09640887968649613 -7.344691160127084 
0.09592923351890162 -7.345234473331381 
0.09545197365064838 -7.346434516996414 
0.09497708820960038 -7.346468139513173 
0.09450456538268695 -7.346716876723777 
0.0940343934156089 -7.351395237397475 
0.09356656061254617 -7.353740065182395 
0.09310105533586685 -7.354423734005538 
0.09263786600583766 -7.360330209192437 
0.09217698110033598 -7.365537021229447 
0.09171838915456317 -7.366821420983493 
0.09126207876075937 -7.366994900840532 
0.09080803856791977 -7.376819769340497 
0.09035625728151221 -7.37827453599144 
0.08990672366319624 -7.378838415475855 
0.08945942653054352 -7.379397350547403 
0.08901435475675973 -7.381876618478171 
0.0885714972704077 -7.382544547240926 
0.08813084305513204 -7.384426344627202 
0.0876923811493851 -7.388899070682762 
0.08725610064615434 -7.391316073487579 
0.08682199069269089 -7.395192403349578 
0.08639004049023968 -7.397703739811168 
0.08596023929377083 -7.400475249017221 
0.08553257641171227 -7.4024356470889705 
0.08510704120568387 -7.403840396366502 
0.0846836230902327 -7.418328727545799 
0.08426231153256986 -7.421346021775736 
0.08384309605230832 -7.42160821913124 
0.0834259662212023 -7.423867260115947 
0.08301091166288786 -7.425274679816253 
0.08259792205262474 -7.42703459136334 
0.08218698711703955 -7.428517751152597 
