N_walkers = 200
N_cull = 1
N_steps_per_walker = 2000
eps = 1.0e-8
0.9900745031063588 -4.727233964174207 
0.9851487593098098 -4.812200877750142 
0.9802475217013032 -4.903508705825106 
0.9753706683595058 -4.942176092477071 
0.9705180779696575 -5.0340657800240844 
0.9656896298205547 -5.051365417404195 
0.9608852038015471 -5.057680377345553 
0.9561046803995493 -5.073452194604669 
0.951347940696069 -5.092522349900284 
0.9466148663642477 -5.095837557062851 
0.9419053396659182 -5.098123674183069 
0.9372192434486748 -5.111110750542928 
0.9325564611429601 -5.142734930232907 
0.9279168767591642 -5.157129284324068 
0.9233003748847406 -5.183017464598287 
0.9187068406813339 -5.195971780347546 
0.9141361598819243 -5.201210781675969 
0.9095882187879845 -5.21401260479934 
0.9050629042666513 -5.21765314652695 
0.9005601037479116 -5.234969516948783 
0.8960797052218027 -5.249390904445076 
0.8916215972356246 -5.262564045025335 
0.8871856688911688 -5.262995939951135 
0.882771809841959 -5.272012720929287 
0.8783799102905064 -5.281628707362671 
0.8740098609855785 -5.293731503558201 
0.8696615532194812 -5.311945260081614 
0.8653348788253544 -5.315265935819679 
0.861029730174482 -5.339018245913722 
0.856746000173614 -5.349234142066856 
0.8524835822623025 -5.365130743908582 
0.8482423704102513 -5.395243195310895 
0.8440222591146779 -5.397615840153069 
0.8398231433976895 -5.4023255382571955 
0.8356449188036712 -5.404429801721095 
0.8314874813966877 -5.404709738524855 
0.8273507277578983 -5.408511800731736 
0.8232345549829834 -5.411557524341284 
0.8191388606795854 -5.420731702516296 
0.8150635429647617 -5.423589518120286 
0.8110085004624494 -5.435299339414348 
0.8069736323009448 -5.441681947034161 
0.8029588381103928 -5.448517757623616 
0.7989640180202914 -5.453854161856053 
0.7949890726570064 -5.464081332723806 
0.7910339031412998 -5.474275490156577 
0.7870984110858705 -5.480637785111631 
0.783182498592906 -5.512034372879137 
0.7792860682516478 -5.517558104850626 
0.7754090231359679 -5.531458343497647 
0.7715512668019582 -5.546942398512584 
0.7677127032855305 -5.576192416895219 
0.7638932371000304 -5.581915973653903 
0.7600927732338612 -5.587051231699461 
0.7563112171481206 -5.593193399817013 
0.7525484747742494 -5.593693567870153 
0.7488044525116909 -5.597266855856335 
0.7450790572255631 -5.602512868275151 
0.7413721962443414 -5.6044443480351935 
0.7376837773575536 -5.604894928710443 
0.7340137088134863 -5.61555415645223 
0.7303618993169018 -5.6218368651369 
0.7267282580267679 -5.64374900499334 
0.723112694553998 -5.643885661901296 
0.719515118959202 -5.6466025573457905 
0.7159354417504497 -5.647016126211495 
0.7123735738810445 -5.650338291147902 
0.708829426747308 -5.675544419987828 
0.7053029121863761 -5.675784658649231 
0.7017939424740061 -5.694127304533676 
0.6983024303223941 -5.700192231889454 
0.6948282888780042 -5.702920730384941 
0.6913714317194071 -5.70763418840966 
0.6879317728551315 -5.719640906691471 
0.6845092267215239 -5.741128712629927 
0.6811037081806208 -5.748899936823319 
0.6777151325180306 -5.7524346463342 
0.6743434154408265 -5.757208687671041 
0.6709884730754493 -5.76565242040474 
0.6676502219656212 -5.767136075600797 
0.6643285790702699 -5.785473591129359 
0.6610234617614625 -5.7990021976422135 
0.6577347878223508 -5.804918964494215 
0.6544624754451253 -5.806325434184692 
0.6512064432289804 -5.807813077230625 
0.6479666101780899 -5.80829930043827 
0.644742895699592 -5.808451934017916 
0.6415352196015841 -5.813215936430248 
0.6383435020911284 -5.819037017001288 
0.6351676637722671 -5.819942507572148 
0.6320076256440469 -5.82473885250692 
0.6288633090985541 -5.827442022241477 
0.6257346359189594 -5.830888378649265 
0.6226215282775716 -5.8347531048001 
0.619523908733902 -5.842469736194614 
0.6164417002327384 -5.851963987015644 
0.6133748261022272 -5.852928234121798 
0.6103232100519674 -5.8632485174636875 
0.6072867761711118 -5.866252149881072 
0.6042654489264795 -5.867280140797365 
0.6012591531606761 -5.871453089786864 
0.598267814090225 -5.8734263177633235 
0.5952913573037064 -5.874415396333649 
0.592329708759907 -5.880784340220951 
0.5893827947859771 -5.900354127887148 
0.5864505420755991 -5.903042811845687 
0.5835328776871633 -5.908480791718177 
0.5806297290419535 -5.910663739499434 
0.5777410239223418 -5.915788831408306 
0.5748666904699918 -5.917057895052137 
0.5720066571840715 -5.920234375050748 
0.5691608529194742 -5.920265210403966 
0.566329206885049 -5.921047610888982 
0.5635116486418398 -5.926275550134656 
0.5607081081013331 -5.930437310920821 
0.5579185155237145 -5.934126033646617 
0.5551428015161339 -5.935906471586856 
0.552380897030979 -5.9488937094479 
0.5496327333641582 -5.950251188257101 
0.5468982421533913 -5.955940299917737 
0.5441773553765088 -5.956364792173936 
0.54147000534976 -5.956515529595086 
0.5387761247261293 -5.961348266795596 
0.536095646493661 -5.9621228274707105 
0.533428503973792 -5.975430306794429 
0.5307746308196937 -5.976702391989018 
0.5281339610146205 -5.982596760180033 
0.5255064288702692 -5.983992344803043 
0.5228919690251435 -5.991233855784847 
0.5202905164429289 -5.992413259665409 
0.5177020064108745 -6.001785501067637 
0.5151263745381837 -6.005707699118181 
0.5125635567544116 -6.010109219235765 
0.5100134893078722 -6.012422755194808 
0.5074761087640519 -6.013250234414458 
0.5049513520040319 -6.016591461488072 
0.5024391562229172 -6.045752105637995 
0.49993945892827585 -6.045859630055157 
0.497452197938583 -6.050345935618484 
0.4949773113816746 -6.06239714605172 
0.4925147376932086 -6.066424032808347 
0.4900644156151329 -6.070837726739423 
0.48762628419416215 -6.075772916972751 
0.48520028278026084 -6.076581936344298 
0.4827863510251352 -6.077266021980735 
0.4803844288807315 -6.082556655268084 
0.4779944565977428 -6.085936405835433 
0.4756163747241222 -6.100648313457554 
0.47325012410360423 -6.10345672680118 
0.47089564587423305 -6.109824289597543 
0.46855288146689855 -6.109957321570098 
0.4662217726038792 -6.118246874504963 
0.46390226129739226 -6.1187864506126095 
0.4615942898481515 -6.129734224606885 
0.45929780084393185 -6.1320271860746045 
0.45701273715814117 -6.143176177858799 
0.45473904194839915 -6.149377807023832 
0.45247665865512354 -6.1555751676591495 
0.45022553100012297 -6.164899875795675 
0.44798560298519696 -6.165461537506184 
0.44575681889074326 -6.171486379619429 
0.4435391232743714 -6.173186061452927 
0.44133246096952383 -6.177333374630798 
0.4391367770841033 -6.181350342293413 
0.4369520169991078 -6.182103689969024 
0.4347781263672714 -6.185757526026482 
0.4326150511117129 -6.186979072273019 
0.43046273742458996 -6.1889326148777135 
0.42832113176576114 -6.1896884401389505 
0.4261901808614539 -6.1897822287699 
0.4240698317029392 -6.192544314460555 
0.4219600315452131 -6.197752096956877 
0.41986072790568474 -6.197879243817158 
0.41777186856287035 -6.202086370183334 
0.41569340155509493 -6.204852656966593 
0.41362527517919895 -6.206287092079766 
0.41156743798925266 -6.208466930046509 
0.4095198387952763 -6.208905306280589 
0.4074824266619665 -6.2117221652539225 
0.40545515090742934 -6.212083062143345 
0.40343796110191976 -6.218296145254137 
0.40143080706658685 -6.219145248748367 
0.3994336388722257 -6.221265104901571 
0.39744640683803556 -6.2230035391261165 
0.39546906153038364 -6.232924161019904 
0.39350155376157575 -6.237389226083763 
0.3915438345886326 -6.245788123399909 
0.38959585531207225 -6.252906103260011 
0.38765756747469876 -6.258890354728259 
0.3857289228603968 -6.271271015396246 
0.38380987349293216 -6.2728116312715025 
0.3819003716347584 -6.278015320348554 
0.38000036978582924 -6.278190306604298 
0.37810982068241716 -6.279355129916706 
0.37622867729593745 -6.286081256769207 
0.3743568928317786 -6.287131507671361 
0.3724944207281379 -6.287362924642452 
0.3706412146548636 -6.309950624674727 
0.36879722851230207 -6.312440870293546 
0.3669624164301513 -6.3172515446160435 
0.36513673276631975 -6.321135817753944 
0.3633201321057908 -6.326878094659445 
0.3615125692594933 -6.33758398185874 
0.3597139992631775 -6.340867586701276 
0.357924377376296 -6.347355056855144 
0.3561436590808916 -6.349663797755349 
0.35437180008048913 -6.357567791678488 
0.35260875629899413 -6.357848363670375 
0.35085448387959617 -6.36046434541103 
0.3491089391836778 -6.363932118000197 
0.34737207878972914 -6.36511835897365 
0.34564385949226784 -6.365899115283266 
0.343924238300764 -6.366230988767254 
0.3422131724385712 -6.3689828550367755 
0.3405106193418619 -6.373220043448414 
0.33881653665856903 -6.376337760639025 
0.33713088224733234 -6.380339035292594 
0.33545361417645014 -6.385753952686855 
0.33378469072283595 -6.391390744945802 
0.3321240703709811 -6.391859840190978 
0.3304717118119215 -6.392420952734008 
0.3288275739422104 -6.394532283387051 
0.3271916158628959 -6.394564627494929 
0.32556379687850345 -6.396238624557004 
0.3239440764960233 -6.39744474139316 
0.3223324144239038 -6.39899135365062 
0.3207287705710486 -6.405627500656918 
0.3191331050458195 -6.405947495194492 
0.31754537815504424 -6.4064541175684635 
0.31596555040302915 -6.409552507356213 
0.31439358249057625 -6.413253383770699 
0.31282943531400625 -6.414046383233272 
0.3112730699641853 -6.426467565232988 
0.3097244477255575 -6.426507349865324 
0.3081835300751816 -6.431850604005012 
0.30665027868177275 -6.43267981450705 
0.30512465540474903 -6.4392362115817825 
0.3036066222932826 -6.440161438587223 
0.30209614158535586 -6.440549522580334 
0.30059317570682176 -6.441184393778478 
0.2990976872704694 -6.4421165796444555 
0.29760963907509397 -6.443075008692874 
0.2961289941045711 -6.444312051590686 
0.2946557155269364 -6.4443625256804635 
0.2931897666934691 -6.445781962087887 
0.2917311111377802 -6.449644061395917 
0.2902797125749057 -6.453922569344928 
0.28883553490040365 -6.45918939289189 
0.2873985421894564 -6.460532140682355 
0.2859686986959765 -6.462944400149633 
0.2845459688517179 -6.466128529783418 
0.283130317265391 -6.4703349216284245 
0.2817217087217821 -6.471852529564735 
0.2803201081808777 -6.472449824301754 
0.27892548077699275 -6.472652425505003 
0.2775377918179032 -6.472717786740797 
0.2761570067839833 -6.476118712474983 
0.2747830913273466 -6.477309948636336 
0.27341601127099163 -6.479295478362952 
0.2720557326079519 -6.482871500068312 
0.27070222150044965 -6.483089608044836 
0.2693554442790544 -6.485524611488488 
0.2680153674418452 -6.488202967121963 
0.2666819576535773 -6.499389001108617 
0.265355181744853 -6.500973671093835 
0.26403500671129654 -6.505854040095565 
0.2627213997127329 -6.506630814503697 
0.261414328072371 -6.50707953864832 
0.26011375927599106 -6.5078525960145495 
0.2588196609711354 -6.510784755714825 
0.2575320009663039 -6.511292730709875 
0.2562507472301531 -6.516353932259189 
0.25497586789069965 -6.51975615022699 
0.25370733123452704 -6.522116873162813 
0.25244510570599704 -6.524276393605454 
0.25118915990646473 -6.525456929218956 
0.24993946259349725 -6.528612406720045 
0.24869598268009677 -6.528952772139016 
0.24745868923392714 -6.529518890105888 
0.2462275514765444 -6.530187062389791 
0.24500253878263126 -6.531704110648526 
0.2437836206792351 -6.532865962982742 
0.24257076684501006 -6.53448844177825 
0.24136394710946274 -6.550715334160163 
0.24016313145220175 -6.551652543162163 
0.2389682900021908 -6.55260624185771 
0.23777939303700577 -6.561167080673514 
0.2365964109820953 -6.561980706057246 
0.23541931441004507 -6.56259926999563 
0.23424807403984585 -6.570731601683348 
0.23308266073616504 -6.573128778894258 
0.23192304550862192 -6.5814118212429715 
0.23076919951106661 -6.582200634508162 
0.22962109404086228 -6.582300698816126 
0.22847870053817143 -6.583768498275401 
0.22734199058524523 -6.586660791106715 
0.22621093590571664 -6.590659252995415 
0.22508550836389715 -6.593492217343893 
0.2239656799640768 -6.599397579578196 
0.22285142284982765 -6.600527952988244 
0.2217427093033111 -6.60122406741291 
0.22063951174458815 -6.601370671819197 
0.2195418027309335 -6.60576485230571 
0.21844955495615273 -6.605845916873579 
0.21736274124990324 -6.610230125697505 
0.21628133457701815 -6.611574773944603 
0.215205308036834 -6.614109701152678 
0.21413463486252138 -6.6177960774410245 
0.21306928842041928 -6.620012554183809 
0.21200924220937242 -6.621994611311006 
0.21095446986007207 -6.623788523953868 
0.20990494513440008 -6.623826273729723 
0.2088606419247762 -6.625762463582151 
0.20782153425350866 -6.625981943368539 
0.20678759627214793 -6.626945839115865 
0.20575880226084373 -6.62715291557316 
0.20473512662770518 -6.628865742655105 
0.20371654390816438 -6.629409958013945 
0.20270302876434268 -6.63118747498775 
0.20169455598442057 -6.633343953332142 
0.20069110048201053 -6.639942798885087 
0.19969263729553285 -6.642628321514128 
0.19869914158759489 -6.64292115684433 
0.19771058864437302 -6.643562981603588 
0.19672695387499806 -6.643653793960286 
0.19574821281094335 -6.645282401000099 
0.19477434110541625 -6.646361472167467 
0.1938053145327525 -6.647361099660092 
0.19284110898781343 -6.651020362424987 
0.1918817004853865 -6.651616971793436 
0.19092706515958857 -6.651742006710279 
0.1899771792632722 -6.654136229800967 
0.18903201916743503 -6.659975182418922 
0.18809156136063188 -6.661161301672353 
0.18715578244838993 -6.663993928319174 
0.18622465915262681 -6.668624464161658 
0.18529816831107146 -6.668791447435752 
0.18437628687668803 -6.669579984017134 
0.18345899191710252 -6.669757816472703 
0.18254626061403237 -6.67021288112779 
0.18163807026271878 -6.670295983399049 
0.18073439827136195 -6.672647936957061 
0.17983522216055917 -6.672730317997946 
0.17894051956274545 -6.678545694281718 
0.17805026822163728 -6.680912573016609 
0.17716444599167888 -6.682962214244301 
0.17628303083749142 -6.6837965169998625 
0.1754060008333248 -6.683927010692078 
0.17453333416251224 -6.684766521919815 
0.17366500911692762 -6.685608361432742 
0.1728010040964454 -6.690914857161025 
0.17194129760840338 -6.691276330527876 
0.17108586826706804 -6.691409129981198 
0.17023469479310252 -6.691881994918907 
0.16938775601303735 -6.693392656371794 
0.16854503085874364 -6.69382014004865 
0.1677064983669091 -6.694297161129617 
0.16687213767851652 -6.700502484025952 
0.1660419280383249 -6.701732246375533 
0.16521584879435314 -6.707913438945992 
0.1643938793973663 -6.709350453029723 
0.1635759994003645 -6.717509486786274 
0.1627621884580741 -6.719043777067735 
0.1619524263264419 -6.720960489973358 
0.16114669286213126 -6.727639773094755 
0.16034496802202117 -6.728114028419306 
0.1595472318627076 -6.729931198958451 
0.15875346454000758 -6.733635935455404 
0.15796364630846527 -6.736463798579234 
0.15717775752086097 -6.737272872203847 
0.15639577862772236 -6.738981325807457 
0.15561769017683816 -6.7415479025946 
0.1548434728127743 -6.74352297895923 
0.15407310727639234 -6.751568250124833 
0.15330657440437048 -6.755638868753242 
0.15254385512872687 -6.761217297049648 
0.15178493047634514 -6.763710909197053 
0.15102978156850264 -6.767764111673656 
0.15027838962040063 -6.769819859823468 
0.14953073594069716 -6.772676090556761 
0.14878680193104193 -6.772716599284694 
0.14804656908561387 -6.779663491184807 
0.14731001899066057 -6.783090995397087 
0.14657713332404038 -6.785759120008903 
0.14584789385476654 -6.786948081024636 
0.1451222824425538 -6.7895742139288595 
0.14440028103736696 -6.79112719218988 
0.1436818716789721 -6.792021776937458 
0.14296703649648965 -6.793865144969914 
0.1422557577079499 -6.8000224641992455 
0.14154801761985064 -6.802782329865789 
0.14084379862671706 -6.804368920238944 
0.14014308321066377 -6.805938323181323 
0.13944585394095896 -6.8092451879902125 
0.13875209347359102 -6.812605393663489 
0.13806178455083684 -6.821828736531956 
0.13737491000083266 -6.825856730261601 
0.13669145273714695 -6.827489883131884 
0.13601139575835516 -6.827499217423728 
0.13533472214761708 -6.827707820184217 
0.13466141507225582 -6.831887416291314 
0.13399145778333912 -6.834770826731823 
0.13332483361526282 -6.836907372559445 
0.13266152598533612 -6.83852638088462 
0.1320015183933693 -6.8394057862458295 
0.13134479442126298 -6.842540812944652 
0.13069133773259997 -6.847410266267907 
0.13004113207223877 -6.848737848905296 
0.12939416126590925 -6.850683886347903 
0.12875040921981018 -6.851985605347101 
0.12810985992020915 -6.8522411392914515 
0.12747249743304392 -6.855023138913782 
0.1268383059035263 -6.858318349252812 
0.12620726955574757 -6.860381996583023 
0.12557937269228614 -6.862556058952807 
0.12495459969381706 -6.865003854804287 
0.12433293501872344 -6.874704072346757 
0.1237143632027099 -6.875075500053741 
0.12309886885841781 -6.87682946062631 
0.1224864366750426 -6.879902337804892 
0.12187705141795284 -6.88094281320857 
0.12127069792831129 -6.882925458412721 
0.1206673611226978 -6.887403159316376 
0.12006702599273412 -6.893505023997853 
0.11946967760471058 -6.893967040145136 
0.11887530109921451 -6.894967594561712 
0.1182838816907607 -6.897151231382806 
0.11769540466742359 -6.898236574607648 
0.11710985539047124 -6.898462465993768 
0.11652721929400124 -6.898769019326507 
0.11594748188457835 -6.9010998085139175 
0.11537062874087398 -6.901745716293793 
0.11479664551330744 -6.904498046784403 
0.114225517923689 -6.904791606915512 
0.11365723176486468 -6.9048696460371435 
0.11309177290036287 -6.907013586901097 
0.11252912726404266 -6.907813611630422 
0.11196928085974395 -6.910941563382729 
0.11141221976093925 -6.911990059569854 
0.11085793011038732 -6.914625629073804 
0.11030639811978837 -6.920319951805063 
0.10975761006944118 -6.922910382101766 
0.10921155230790167 -6.925561544556913 
0.10866821125164346 -6.926159377180654 
0.10812757338471986 -6.930467083694661 
0.10758962525842772 -6.9316437366163415 
0.10705435349097286 -6.934791620442722 
0.10652174476713717 -6.937163489462948 
0.10599178583794744 -6.938840479378091 
0.10546446352034572 -6.940610211006762 
0.1049397646968614 -6.943839401498203 
0.104417676315285 -6.948571672098738 
0.10389818538834328 -6.955409125703039 
0.10338127899337639 -6.956013493320153 
0.10286694427201631 -6.9580413271719435 
0.10235516842986699 -6.959853643322434 
0.10184593873618605 -6.960595837215035 
0.10133924252356821 -6.961374019465756 
0.10083506718763006 -6.966384340634089 
0.10033340018669659 -6.971007211118218 
0.09983422904148914 -6.971078727575782 
0.09933754133481507 -6.972498410448582 
0.09884332471125878 -6.978458439025508 
0.09835156687687441 -6.978613286435936 
0.09786225559888001 -6.9802098576811415 
0.09737537870535325 -6.980607806708496 
0.09689092408492861 -6.982051976134759 
0.09640887968649613 -6.99240367183412 
0.09592923351890162 -6.992495090438212 
0.09545197365064838 -6.993697526782432 
0.09497708820960038 -7.0004422039346235 
0.09450456538268695 -7.005721217055012 
0.0940343934156089 -7.0096057920021355 
0.09356656061254617 -7.011045160812966 
0.09310105533586685 -7.013471346831994 
0.09263786600583766 -7.015371045108089 
0.09217698110033598 -7.015851216301936 
0.09171838915456317 -7.016667905316118 
0.09126207876075937 -7.018427947395205 
0.09080803856791977 -7.019048401113087 
0.09035625728151221 -7.025748695424341 
0.08990672366319624 -7.027423983939105 
0.08945942653054352 -7.035877840587851 
0.08901435475675973 -7.043298424187887 
0.0885714972704077 -7.045366239581003 
0.08813084305513204 -7.048353776239088 
0.0876923811493851 -7.049495389142522 
0.08725610064615434 -7.051266330542915 
0.08682199069269089 -7.052637787917728 
0.08639004049023968 -7.052640627443561 
0.08596023929377083 -7.052675789953006 
0.08553257641171227 -7.053104273520821 
0.08510704120568387 -7.055291088764224 
0.0846836230902327 -7.058293516594244 
0.08426231153256986 -7.0633879856381006 
0.08384309605230832 -7.063587687686307 
0.0834259662212023 -7.064027968625246 
0.08301091166288786 -7.068130646921481 
0.08259792205262474 -7.069893923715353 
0.08218698711703955 -7.070853357842887 
