N_walkers = 200
N_cull = 1
N_steps_per_walker = 2000
eps = 1.0e-8
0.9900745031063588 -4.62292620988829 
0.9851487593098098 -4.785689229996383 
0.9802475217013032 -4.845092216340439 
0.9753706683595058 -4.9456922068784355 
0.9705180779696575 -4.954895850043841 
0.9656896298205547 -5.046413980523904 
0.9608852038015471 -5.047393927011666 
0.9561046803995493 -5.049789659017976 
0.951347940696069 -5.057388360243961 
0.9466148663642477 -5.106696031281261 
0.9419053396659182 -5.114877847952538 
0.9372192434486748 -5.151953348200923 
0.9325564611429601 -5.154802101937674 
0.9279168767591642 -5.193968154124947 
0.9233003748847406 -5.197660402105508 
0.9187068406813339 -5.198408537910172 
0.9141361598819243 -5.218869642933061 
0.9095882187879845 -5.256992540569757 
0.9050629042666513 -5.259488176160681 
0.9005601037479116 -5.281196630180169 
0.8960797052218027 -5.306576536950609 
0.8916215972356246 -5.3449847833645885 
0.8871856688911688 -5.368741975835786 
0.882771809841959 -5.372518105694227 
0.8783799102905064 -5.401929536280776 
0.8740098609855785 -5.410367927783715 
0.8696615532194812 -5.4126855381933705 
0.8653348788253544 -5.418739478284672 
0.861029730174482 -5.426094677461314 
0.856746000173614 -5.4644561216017316 
0.8524835822623025 -5.471120668679449 
0.8482423704102513 -5.479208211928871 
0.8440222591146779 -5.484019773580213 
0.8398231433976895 -5.488957784258297 
0.8356449188036712 -5.496380686102912 
0.8314874813966877 -5.502416355319692 
0.8273507277578983 -5.506761616812031 
0.8232345549829834 -5.508264610401756 
0.8191388606795854 -5.524768170600222 
0.8150635429647617 -5.5275563743974425 
0.8110085004624494 -5.550436207391378 
0.8069736323009448 -5.56260013397077 
0.8029588381103928 -5.597802664119147 
0.7989640180202914 -5.6187006127310415 
0.7949890726570064 -5.620414012586799 
0.7910339031412998 -5.621739468579905 
0.7870984110858705 -5.6273308707896845 
0.783182498592906 -5.674949658653489 
0.7792860682516478 -5.678401608095961 
0.7754090231359679 -5.685933086427721 
0.7715512668019582 -5.68960002445039 
0.7677127032855305 -5.698407862678047 
0.7638932371000304 -5.707569512740838 
0.7600927732338612 -5.713836743759825 
0.7563112171481206 -5.717948871428347 
0.7525484747742494 -5.735860154377477 
0.7488044525116909 -5.741419049753488 
0.7450790572255631 -5.747102384610717 
0.7413721962443414 -5.749745836040741 
0.7376837773575536 -5.75554976038704 
0.7340137088134863 -5.762878427690595 
0.7303618993169018 -5.763935933229515 
0.7267282580267679 -5.7701474510439335 
0.723112694553998 -5.7714150592550135 
0.719515118959202 -5.775633327930838 
0.7159354417504497 -5.777996750165992 
0.7123735738810445 -5.779430328732789 
0.708829426747308 -5.780184039277784 
0.7053029121863761 -5.792054351989416 
0.7017939424740061 -5.794065680134523 
0.6983024303223941 -5.7970566663894845 
0.6948282888780042 -5.797346647291663 
0.6913714317194071 -5.8073365824354175 
0.6879317728551315 -5.807696071120055 
0.6845092267215239 -5.810608858213921 
0.6811037081806208 -5.815683183799069 
0.6777151325180306 -5.816096845015354 
0.6743434154408265 -5.816991079481201 
0.6709884730754493 -5.82737736795966 
0.6676502219656212 -5.832595260116112 
0.6643285790702699 -5.834044101414341 
0.6610234617614625 -5.839720754046685 
0.6577347878223508 -5.850450368238101 
0.6544624754451253 -5.855106573869047 
0.6512064432289804 -5.858798326331068 
0.6479666101780899 -5.860814955154833 
0.644742895699592 -5.862205152207231 
0.6415352196015841 -5.864429788186375 
0.6383435020911284 -5.865741265816859 
0.6351676637722671 -5.867799213465288 
0.6320076256440469 -5.887199681611577 
0.6288633090985541 -5.889800929008838 
0.6257346359189594 -5.894799746995996 
0.6226215282775716 -5.897005876976205 
0.619523908733902 -5.899616702509458 
0.6164417002327384 -5.903118983710764 
0.6133748261022272 -5.90581918941845 
0.6103232100519674 -5.922540580782089 
0.6072867761711118 -5.926228533134949 
0.6042654489264795 -5.933579722546138 
0.6012591531606761 -5.935699141157589 
0.598267814090225 -5.947864936168854 
0.5952913573037064 -5.952081992548967 
0.592329708759907 -5.960984084810237 
0.5893827947859771 -5.973667780320403 
0.5864505420755991 -5.988371277618877 
0.5835328776871633 -5.99057729781334 
0.5806297290419535 -5.993376527627669 
0.5777410239223418 -6.004937302876671 
0.5748666904699918 -6.005405285095755 
0.5720066571840715 -6.0095064016149795 
0.5691608529194742 -6.011929483907227 
0.566329206885049 -6.026360734109923 
0.5635116486418398 -6.027755131880961 
0.5607081081013331 -6.0356798447296 
0.5579185155237145 -6.037161556644287 
0.5551428015161339 -6.042835559696561 
0.552380897030979 -6.045534715818536 
0.5496327333641582 -6.046965827700778 
0.5468982421533913 -6.05222882520033 
0.5441773553765088 -6.064899682483719 
0.54147000534976 -6.068325187330283 
0.5387761247261293 -6.068866791320371 
0.536095646493661 -6.069388415169087 
0.533428503973792 -6.0696310475475705 
0.5307746308196937 -6.074831052113645 
0.5281339610146205 -6.075344724371182 
0.5255064288702692 -6.079271615182308 
0.5228919690251435 -6.07950651013647 
0.5202905164429289 -6.089892958066144 
0.5177020064108745 -6.092488708777336 
0.5151263745381837 -6.09266034717814 
0.5125635567544116 -6.093760704736074 
0.5100134893078722 -6.0973938023218075 
0.5074761087640519 -6.100131763924059 
0.5049513520040319 -6.107909742785022 
0.5024391562229172 -6.109012244767563 
0.49993945892827585 -6.109643940553637 
0.497452197938583 -6.112938864313455 
0.4949773113816746 -6.113341249292463 
0.4925147376932086 -6.118797519065374 
0.4900644156151329 -6.119666025521806 
0.48762628419416215 -6.1307063941203115 
0.48520028278026084 -6.136839526290378 
0.4827863510251352 -6.138448821758616 
0.4803844288807315 -6.140995677283614 
0.4779944565977428 -6.144171952252063 
0.4756163747241222 -6.144766314544919 
0.47325012410360423 -6.153737435805098 
0.47089564587423305 -6.154376481481852 
0.46855288146689855 -6.155525720060971 
0.4662217726038792 -6.164970838935317 
0.46390226129739226 -6.1816152675279685 
0.4615942898481515 -6.185326320669038 
0.45929780084393185 -6.188716476404391 
0.45701273715814117 -6.196173163481849 
0.45473904194839915 -6.2017159823311685 
0.45247665865512354 -6.205805415800389 
0.45022553100012297 -6.208372804021157 
0.44798560298519696 -6.218470348421097 
0.44575681889074326 -6.223558518719128 
0.4435391232743714 -6.224776500986345 
0.44133246096952383 -6.2374877521071275 
0.4391367770841033 -6.237596855771113 
0.4369520169991078 -6.240670686564954 
0.4347781263672714 -6.244698014446996 
0.4326150511117129 -6.246568892399802 
0.43046273742458996 -6.253120461584759 
0.42832113176576114 -6.256083948664355 
0.4261901808614539 -6.259160249513826 
0.4240698317029392 -6.260930327192196 
0.4219600315452131 -6.264349395315889 
0.41986072790568474 -6.265120991646119 
0.41777186856287035 -6.2708678378521 
0.41569340155509493 -6.283738760372394 
0.41362527517919895 -6.28573471330082 
0.41156743798925266 -6.287018033617964 
0.4095198387952763 -6.290098852124989 
0.4074824266619665 -6.291046241422746 
0.40545515090742934 -6.2947587485125895 
0.40343796110191976 -6.300738523058134 
0.40143080706658685 -6.304164522376981 
0.3994336388722257 -6.309526445589104 
0.39744640683803556 -6.309688638450321 
0.39546906153038364 -6.314422546013897 
0.39350155376157575 -6.3159247188274925 
0.3915438345886326 -6.316022520254844 
0.38959585531207225 -6.318450005752341 
0.38765756747469876 -6.320115355285704 
0.3857289228603968 -6.331264544125082 
0.38380987349293216 -6.335379322149226 
0.3819003716347584 -6.339248814162734 
0.38000036978582924 -6.339919616682662 
0.37810982068241716 -6.34342620647384 
0.37622867729593745 -6.34674849353152 
0.3743568928317786 -6.347876035234022 
0.3724944207281379 -6.348285386472006 
0.3706412146548636 -6.351608975474226 
0.36879722851230207 -6.352010839924285 
0.3669624164301513 -6.353235039530855 
0.36513673276631975 -6.354310463000373 
0.3633201321057908 -6.361997257988357 
0.3615125692594933 -6.363242172119291 
0.3597139992631775 -6.367699379146469 
0.357924377376296 -6.3677564933187245 
0.3561436590808916 -6.372010879375823 
0.35437180008048913 -6.373409698005274 
0.35260875629899413 -6.373523557708098 
0.35085448387959617 -6.374939177930406 
0.3491089391836778 -6.382340049000916 
0.34737207878972914 -6.385135428079711 
0.34564385949226784 -6.395447315960878 
0.343924238300764 -6.396292047030756 
0.3422131724385712 -6.402109470477133 
0.3405106193418619 -6.405197209345161 
0.33881653665856903 -6.409103778960971 
0.33713088224733234 -6.424729733783894 
0.33545361417645014 -6.426033003669205 
0.33378469072283595 -6.428947762523818 
0.3321240703709811 -6.433607682478587 
0.3304717118119215 -6.435315839912026 
0.3288275739422104 -6.438832572450781 
0.3271916158628959 -6.439182155017672 
0.32556379687850345 -6.440088243590584 
0.3239440764960233 -6.445159169345735 
0.3223324144239038 -6.450815037089131 
0.3207287705710486 -6.451666046847739 
0.3191331050458195 -6.454840032771511 
0.31754537815504424 -6.456176734350593 
0.31596555040302915 -6.46063992325816 
0.31439358249057625 -6.474712251054875 
0.31282943531400625 -6.476947852553761 
0.3112730699641853 -6.4856695583566575 
0.3097244477255575 -6.4909022477039455 
0.3081835300751816 -6.49491585184871 
0.30665027868177275 -6.498682156623379 
0.30512465540474903 -6.499275791301795 
0.3036066222932826 -6.503166859603448 
0.30209614158535586 -6.503685338206154 
0.30059317570682176 -6.511356718326608 
0.2990976872704694 -6.520727293323313 
0.29760963907509397 -6.523407296145871 
0.2961289941045711 -6.524977316453621 
0.2946557155269364 -6.532779639275481 
0.2931897666934691 -6.535261359054487 
0.2917311111377802 -6.53536612859871 
0.2902797125749057 -6.5379160178961655 
0.28883553490040365 -6.539409144979011 
0.2873985421894564 -6.540359912449529 
0.2859686986959765 -6.543068349471863 
0.2845459688517179 -6.549159334039375 
0.283130317265391 -6.549298670463795 
0.2817217087217821 -6.552579153884277 
0.2803201081808777 -6.5571383312567075 
0.27892548077699275 -6.559227849372243 
0.2775377918179032 -6.561653693128999 
0.2761570067839833 -6.567619752800407 
0.2747830913273466 -6.568234478027898 
0.27341601127099163 -6.568828514701936 
0.2720557326079519 -6.570785106183123 
0.27070222150044965 -6.577010852108273 
0.2693554442790544 -6.579094258543164 
0.2680153674418452 -6.581937388122764 
0.2666819576535773 -6.582129670664335 
0.265355181744853 -6.583059520189392 
0.26403500671129654 -6.584731286036991 
0.2627213997127329 -6.587279145443586 
0.261414328072371 -6.593229424398702 
0.26011375927599106 -6.603033166612258 
0.2588196609711354 -6.604754037948075 
0.2575320009663039 -6.6063671617711535 
0.2562507472301531 -6.607459266712779 
0.25497586789069965 -6.6084411574832895 
0.25370733123452704 -6.609244413547763 
0.25244510570599704 -6.610447102978345 
0.25118915990646473 -6.613116831623732 
0.24993946259349725 -6.616491294778436 
0.24869598268009677 -6.620256348395097 
0.24745868923392714 -6.6211138285094 
0.2462275514765444 -6.624079273229285 
0.24500253878263126 -6.624564203325403 
0.2437836206792351 -6.628761101492745 
0.24257076684501006 -6.629933761842189 
0.24136394710946274 -6.629988889870827 
0.24016313145220175 -6.632249583665219 
0.2389682900021908 -6.632994412522475 
0.23777939303700577 -6.636991764009881 
0.2365964109820953 -6.638407512745887 
0.23541931441004507 -6.641855156632271 
0.23424807403984585 -6.644069409954839 
0.23308266073616504 -6.64711518754964 
0.23192304550862192 -6.653406651411046 
0.23076919951106661 -6.657417592446455 
0.22962109404086228 -6.658673047688539 
0.22847870053817143 -6.670606104961322 
0.22734199058524523 -6.671670852507057 
0.22621093590571664 -6.672910653489929 
0.22508550836389715 -6.673973864621905 
0.2239656799640768 -6.674639971529548 
0.22285142284982765 -6.674682391415392 
0.2217427093033111 -6.676186890786802 
0.22063951174458815 -6.692292817955707 
0.2195418027309335 -6.695248181615124 
0.21844955495615273 -6.696602583393973 
0.21736274124990324 -6.6974592150432946 
0.21628133457701815 -6.700897812521578 
0.215205308036834 -6.70559427182803 
0.21413463486252138 -6.710886117605177 
0.21306928842041928 -6.712208413663378 
0.21200924220937242 -6.714481980197184 
0.21095446986007207 -6.718012097951865 
0.20990494513440008 -6.722662164377282 
0.2088606419247762 -6.731456870417676 
0.20782153425350866 -6.731560128139163 
0.20678759627214793 -6.741241213528846 
0.20575880226084373 -6.744123333128366 
0.20473512662770518 -6.744882220208335 
0.20371654390816438 -6.754658344209684 
0.20270302876434268 -6.761609865858815 
0.20169455598442057 -6.764588901638209 
0.20069110048201053 -6.7685628550918056 
0.19969263729553285 -6.773069531183451 
0.19869914158759489 -6.777492211616614 
0.19771058864437302 -6.786971231479113 
0.19672695387499806 -6.79323808798201 
0.19574821281094335 -6.7941625619691015 
0.19477434110541625 -6.797575855198926 
0.1938053145327525 -6.799461002017077 
0.19284110898781343 -6.799968311999826 
0.1918817004853865 -6.800124660535234 
0.19092706515958857 -6.801681066408723 
0.1899771792632722 -6.803364781307727 
0.18903201916743503 -6.808506764681916 
0.18809156136063188 -6.810562052176495 
0.18715578244838993 -6.818626263730437 
0.18622465915262681 -6.8202830366658285 
0.18529816831107146 -6.82138962749307 
0.18437628687668803 -6.826076071656197 
0.18345899191710252 -6.832854168286563 
0.18254626061403237 -6.836234752390342 
0.18163807026271878 -6.8377221616308095 
0.18073439827136195 -6.8487011267728795 
0.17983522216055917 -6.84989231964434 
0.17894051956274545 -6.850691328412026 
0.17805026822163728 -6.852593387225106 
0.17716444599167888 -6.852901987317722 
0.17628303083749142 -6.857542815559403 
0.1754060008333248 -6.868663737962414 
0.17453333416251224 -6.869966618887238 
0.17366500911692762 -6.880943952747633 
0.1728010040964454 -6.884755750567424 
0.17194129760840338 -6.888940990545842 
0.17108586826706804 -6.897534593924145 
0.17023469479310252 -6.8990606517563595 
0.16938775601303735 -6.902612765748008 
0.16854503085874364 -6.913870325062266 
0.1677064983669091 -6.914641227953657 
0.16687213767851652 -6.91843544818959 
0.1660419280383249 -6.919365798070554 
0.16521584879435314 -6.9203523865365355 
0.1643938793973663 -6.926094144050941 
0.1635759994003645 -6.926197744406992 
0.1627621884580741 -6.929064800011471 
0.1619524263264419 -6.93137051404201 
0.16114669286213126 -6.937575865485726 
0.16034496802202117 -6.939839669246111 
0.1595472318627076 -6.940833814288927 
0.15875346454000758 -6.9411702060678655 
0.15796364630846527 -6.943321949352923 
0.15717775752086097 -6.946283466534705 
0.15639577862772236 -6.951824971946484 
0.15561769017683816 -6.954733035312713 
0.1548434728127743 -6.954969531409216 
0.15407310727639234 -6.956335451168373 
0.15330657440437048 -6.956481163415143 
0.15254385512872687 -6.964097999349552 
0.15178493047634514 -6.965389431107568 
0.15102978156850264 -6.966752791126913 
0.15027838962040063 -6.968044000475279 
0.14953073594069716 -6.969984092783691 
0.14878680193104193 -6.972265814513076 
0.14804656908561387 -6.972368777509492 
0.14731001899066057 -6.9726011860495545 
0.14657713332404038 -6.978529732456076 
0.14584789385476654 -6.978757431960179 
0.1451222824425538 -6.982636574814842 
0.14440028103736696 -6.982971661971374 
0.1436818716789721 -6.983128528434283 
0.14296703649648965 -6.984426380893156 
0.1422557577079499 -6.986469738387733 
0.14154801761985064 -6.9877445233673 
0.14084379862671706 -6.989911202563782 
0.14014308321066377 -6.990276520096064 
0.13944585394095896 -6.9913585818265505 
0.13875209347359102 -6.99176629758059 
0.13806178455083684 -6.992536518301656 
0.13737491000083266 -6.9936712763031865 
0.13669145273714695 -6.99919436619546 
0.13601139575835516 -6.999808289449051 
0.13533472214761708 -7.003687186792234 
0.13466141507225582 -7.007001848309795 
0.13399145778333912 -7.011014334034211 
0.13332483361526282 -7.011027635409977 
0.13266152598533612 -7.011552672280451 
0.1320015183933693 -7.013551422846452 
0.13134479442126298 -7.0241653337406085 
0.13069133773259997 -7.024925793214153 
0.13004113207223877 -7.026758689655867 
0.12939416126590925 -7.028930006288967 
0.12875040921981018 -7.03274878076123 
0.12810985992020915 -7.034723553568067 
0.12747249743304392 -7.03865451725031 
0.1268383059035263 -7.038715762011714 
0.12620726955574757 -7.0389648966459655 
0.12557937269228614 -7.040863390012047 
0.12495459969381706 -7.04227175691713 
0.12433293501872344 -7.044743046514768 
0.1237143632027099 -7.047040975702304 
0.12309886885841781 -7.050966146071195 
0.1224864366750426 -7.052367683113454 
0.12187705141795284 -7.0533536107784185 
0.12127069792831129 -7.0556662219689885 
0.1206673611226978 -7.057756291550799 
0.12006702599273412 -7.058303359374218 
0.11946967760471058 -7.059749394819687 
0.11887530109921451 -7.059981211396044 
0.1182838816907607 -7.062794554641228 
0.11769540466742359 -7.06645983604396 
0.11710985539047124 -7.06725588302358 
0.11652721929400124 -7.074525677190619 
0.11594748188457835 -7.075214860612611 
0.11537062874087398 -7.0760486059925265 
0.11479664551330744 -7.079480430581956 
0.114225517923689 -7.080071248130742 
0.11365723176486468 -7.080248683474883 
0.11309177290036287 -7.0818226024232 
0.11252912726404266 -7.091207717173194 
0.11196928085974395 -7.0912478671240455 
0.11141221976093925 -7.091872892026061 
0.11085793011038732 -7.092818906655059 
0.11030639811978837 -7.093148288600975 
0.10975761006944118 -7.0932120597322506 
0.10921155230790167 -7.095157257489728 
0.10866821125164346 -7.0977211658945 
0.10812757338471986 -7.099491863489606 
0.10758962525842772 -7.103998219611564 
0.10705435349097286 -7.104481763348219 
0.10652174476713717 -7.105192357885127 
0.10599178583794744 -7.107218431510103 
0.10546446352034572 -7.10958876386582 
0.1049397646968614 -7.112726468873261 
0.104417676315285 -7.112777626895357 
0.10389818538834328 -7.118941695575345 
0.10338127899337639 -7.122596185806587 
0.10286694427201631 -7.123723823812872 
0.10235516842986699 -7.126175746052573 
0.10184593873618605 -7.126570796403556 
0.10133924252356821 -7.128534503576343 
0.10083506718763006 -7.128643336102691 
0.10033340018669659 -7.128952422492497 
0.09983422904148914 -7.130257764392638 
0.09933754133481507 -7.132103034880744 
0.09884332471125878 -7.132966359554178 
0.09835156687687441 -7.135939246695545 
0.09786225559888001 -7.137287519571324 
0.09737537870535325 -7.137846671180648 
0.09689092408492861 -7.14825144401189 
0.09640887968649613 -7.148757289272246 
0.09592923351890162 -7.1522067671983685 
0.09545197365064838 -7.155813222269028 
0.09497708820960038 -7.156677622700394 
0.09450456538268695 -7.171244980947517 
0.0940343934156089 -7.171769868856765 
0.09356656061254617 -7.172739587078528 
0.09310105533586685 -7.17306327229562 
0.09263786600583766 -7.173417136201172 
0.09217698110033598 -7.17413652547591 
0.09171838915456317 -7.175327430515781 
0.09126207876075937 -7.176982146914496 
0.09080803856791977 -7.17852939215531 
0.09035625728151221 -7.180797118107562 
0.08990672366319624 -7.184514235638954 
0.08945942653054352 -7.185248210944407 
0.08901435475675973 -7.187136175968995 
0.0885714972704077 -7.191861015204388 
0.08813084305513204 -7.193850387361155 
0.0876923811493851 -7.199588300480139 
0.08725610064615434 -7.202332347973469 
0.08682199069269089 -7.2050533624114586 
0.08639004049023968 -7.209564790358429 
0.08596023929377083 -7.21096584983111 
0.08553257641171227 -7.211196471753691 
0.08510704120568387 -7.211209408314156 
0.0846836230902327 -7.214855329227802 
0.08426231153256986 -7.2172873282853915 
0.08384309605230832 -7.217787560802912 
0.0834259662212023 -7.219357239982527 
0.08301091166288786 -7.2198832570933 
0.08259792205262474 -7.220928205532096 
0.08218698711703955 -7.222191651308291 
