N_walkers = 200
N_cull = 1
N_steps_per_walker = 2000
eps = 1.0e-8
0.9900745031063588 -4.594312490804375 
0.9851487593098098 -4.652790785559127 
0.9802475217013032 -4.709991496120966 
0.9753706683595058 -4.771550105010435 
0.9705180779696575 -4.788325223527674 
0.9656896298205547 -4.800402707403544 
0.9608852038015471 -4.9280987099903 
0.9561046803995493 -4.980981066583732 
0.951347940696069 -4.984270973355594 
0.9466148663642477 -5.009194697217809 
0.9419053396659182 -5.060663946832853 
0.9372192434486748 -5.085372574842247 
0.9325564611429601 -5.090500079808409 
0.9279168767591642 -5.100177211860961 
0.9233003748847406 -5.120313846551608 
0.9187068406813339 -5.148375269185134 
0.9141361598819243 -5.2257127711361875 
0.9095882187879845 -5.243658509930568 
0.9050629042666513 -5.257315617741002 
0.9005601037479116 -5.284049739428412 
0.8960797052218027 -5.2874209106132035 
0.8916215972356246 -5.293969250595848 
0.8871856688911688 -5.299681515309868 
0.882771809841959 -5.316378581313871 
0.8783799102905064 -5.319423738624865 
0.8740098609855785 -5.327504075811854 
0.8696615532194812 -5.331052683456263 
0.8653348788253544 -5.3373202728801115 
0.861029730174482 -5.34233756253031 
0.856746000173614 -5.350899365730939 
0.8524835822623025 -5.367024270214628 
0.8482423704102513 -5.373193459659812 
0.8440222591146779 -5.389136218962052 
0.8398231433976895 -5.400634907854859 
0.8356449188036712 -5.424288836236144 
0.8314874813966877 -5.448501352369887 
0.8273507277578983 -5.451128053349655 
0.8232345549829834 -5.4695848656722585 
0.8191388606795854 -5.4700498820793 
0.8150635429647617 -5.476162520741486 
0.8110085004624494 -5.484254156582458 
0.8069736323009448 -5.487954010688049 
0.8029588381103928 -5.50005848854986 
0.7989640180202914 -5.5180388058545775 
0.7949890726570064 -5.52691928492057 
0.7910339031412998 -5.532929390930986 
0.7870984110858705 -5.548873434035068 
0.783182498592906 -5.552603831701767 
0.7792860682516478 -5.553307339677242 
0.7754090231359679 -5.558613377057724 
0.7715512668019582 -5.559399173229923 
0.7677127032855305 -5.566180428269289 
0.7638932371000304 -5.584552367968931 
0.7600927732338612 -5.604554080049736 
0.7563112171481206 -5.605691780069728 
0.7525484747742494 -5.610281938435811 
0.7488044525116909 -5.61049896681045 
0.7450790572255631 -5.612200156300586 
0.7413721962443414 -5.6135122155286 
0.7376837773575536 -5.625055095275716 
0.7340137088134863 -5.626988735122613 
0.7303618993169018 -5.628165150889305 
0.7267282580267679 -5.630053922203016 
0.723112694553998 -5.635371480903039 
0.719515118959202 -5.640797364272562 
0.7159354417504497 -5.643765334471156 
0.7123735738810445 -5.6473555866798115 
0.708829426747308 -5.652752514628652 
0.7053029121863761 -5.65469784638322 
0.7017939424740061 -5.654906938888432 
0.6983024303223941 -5.665821830616057 
0.6948282888780042 -5.669151550226069 
0.6913714317194071 -5.6916865302832775 
0.6879317728551315 -5.69646546137834 
0.6845092267215239 -5.701792214394097 
0.6811037081806208 -5.703127658481641 
0.6777151325180306 -5.705403998628292 
0.6743434154408265 -5.706502658967802 
0.6709884730754493 -5.716294062134576 
0.6676502219656212 -5.718033284662862 
0.6643285790702699 -5.7216379507770485 
0.6610234617614625 -5.722626536549629 
0.6577347878223508 -5.726957009458247 
0.6544624754451253 -5.733228061288205 
0.6512064432289804 -5.748817375980948 
0.6479666101780899 -5.749945543235505 
0.644742895699592 -5.753267034356563 
0.6415352196015841 -5.778008748419495 
0.6383435020911284 -5.7805158829721766 
0.6351676637722671 -5.783167580609125 
0.6320076256440469 -5.790494876219293 
0.6288633090985541 -5.796383546930568 
0.6257346359189594 -5.8054713279568535 
0.6226215282775716 -5.814426186942691 
0.619523908733902 -5.817715080746346 
0.6164417002327384 -5.818194217070108 
0.6133748261022272 -5.818926790452876 
0.6103232100519674 -5.821018962083817 
0.6072867761711118 -5.8274989566698885 
0.6042654489264795 -5.833888193887419 
0.6012591531606761 -5.853806801346207 
0.598267814090225 -5.863714686144249 
0.5952913573037064 -5.875148916675165 
0.592329708759907 -5.879414321005158 
0.5893827947859771 -5.881908506539066 
0.5864505420755991 -5.894151137478794 
0.5835328776871633 -5.897070024576735 
0.5806297290419535 -5.912380842595809 
0.5777410239223418 -5.912565157016988 
0.5748666904699918 -5.920589813337245 
0.5720066571840715 -5.925087630849407 
0.5691608529194742 -5.932477539167293 
0.566329206885049 -5.933701430489932 
0.5635116486418398 -5.933735521507849 
0.5607081081013331 -5.938438023872001 
0.5579185155237145 -5.939536500110479 
0.5551428015161339 -5.940993237309207 
0.552380897030979 -5.944048991006178 
0.5496327333641582 -5.9483909121056655 
0.5468982421533913 -5.949403070854989 
0.5441773553765088 -5.950973983821372 
0.54147000534976 -5.951092994791332 
0.5387761247261293 -5.957397532974439 
0.536095646493661 -5.9577652841851965 
0.533428503973792 -5.960323765812764 
0.5307746308196937 -5.9777168341267535 
0.5281339610146205 -5.986995199636453 
0.5255064288702692 -5.998939727421045 
0.5228919690251435 -6.000174277749326 
0.5202905164429289 -6.00098583728939 
0.5177020064108745 -6.002599873143215 
0.5151263745381837 -6.004020091857628 
0.5125635567544116 -6.010296003792325 
0.5100134893078722 -6.014688401099857 
0.5074761087640519 -6.016737135146681 
0.5049513520040319 -6.020578290317998 
0.5024391562229172 -6.020831063376303 
0.49993945892827585 -6.025248575409322 
0.497452197938583 -6.035978944011045 
0.4949773113816746 -6.037726373374821 
0.4925147376932086 -6.0419926797220365 
0.4900644156151329 -6.045635083724882 
0.48762628419416215 -6.053460879668293 
0.48520028278026084 -6.0633536482473875 
0.4827863510251352 -6.0648772131566435 
0.4803844288807315 -6.0673334605913105 
0.4779944565977428 -6.067371387847357 
0.4756163747241222 -6.067481430173728 
0.47325012410360423 -6.074467289528805 
0.47089564587423305 -6.075272258503059 
0.46855288146689855 -6.080154816474592 
0.4662217726038792 -6.0870868653876 
0.46390226129739226 -6.0922772069548525 
0.4615942898481515 -6.094494180809464 
0.45929780084393185 -6.096313018530425 
0.45701273715814117 -6.105633707953631 
0.45473904194839915 -6.1118067407198415 
0.45247665865512354 -6.113233837776544 
0.45022553100012297 -6.134885862852693 
0.44798560298519696 -6.154345238372267 
0.44575681889074326 -6.155484091700725 
0.4435391232743714 -6.157082653148932 
0.44133246096952383 -6.157908692765654 
0.4391367770841033 -6.158719720536428 
0.4369520169991078 -6.158973759927084 
0.4347781263672714 -6.175910902780001 
0.4326150511117129 -6.177359610546815 
0.43046273742458996 -6.180125615687053 
0.42832113176576114 -6.181556101613248 
0.4261901808614539 -6.19635330613715 
0.4240698317029392 -6.198452689829782 
0.4219600315452131 -6.2048401042051 
0.41986072790568474 -6.20831367711143 
0.41777186856287035 -6.2097845747642975 
0.41569340155509493 -6.214403908713369 
0.41362527517919895 -6.220856186846401 
0.41156743798925266 -6.225258696387583 
0.4095198387952763 -6.2265033057659265 
0.4074824266619665 -6.228369965608941 
0.40545515090742934 -6.233866930454606 
0.40343796110191976 -6.239893065194046 
0.40143080706658685 -6.2408288847059845 
0.3994336388722257 -6.243430004996996 
0.39744640683803556 -6.243990140712242 
0.39546906153038364 -6.24928508799131 
0.39350155376157575 -6.251825930605785 
0.3915438345886326 -6.255888805197594 
0.38959585531207225 -6.25743514680109 
0.38765756747469876 -6.258040525458887 
0.3857289228603968 -6.267375730291529 
0.38380987349293216 -6.267883653231109 
0.3819003716347584 -6.270465459799941 
0.38000036978582924 -6.276298162730538 
0.37810982068241716 -6.279160879816935 
0.37622867729593745 -6.282253476688098 
0.3743568928317786 -6.283200913430851 
0.3724944207281379 -6.2848515911940295 
0.3706412146548636 -6.2939374079891515 
0.36879722851230207 -6.300686857873184 
0.3669624164301513 -6.3014259027264545 
0.36513673276631975 -6.303859405879597 
0.3633201321057908 -6.311116613772292 
0.3615125692594933 -6.311596238112287 
0.3597139992631775 -6.31671113747661 
0.357924377376296 -6.320675447242892 
0.3561436590808916 -6.326055138407761 
0.35437180008048913 -6.328578992117067 
0.35260875629899413 -6.330046390300286 
0.35085448387959617 -6.33377389032295 
0.3491089391836778 -6.348708412925117 
0.34737207878972914 -6.349885415750422 
0.34564385949226784 -6.35342382985528 
0.343924238300764 -6.35621711223339 
0.3422131724385712 -6.358922132708095 
0.3405106193418619 -6.359883628193108 
0.33881653665856903 -6.361008413075411 
0.33713088224733234 -6.3617350897481115 
0.33545361417645014 -6.3624389090467925 
0.33378469072283595 -6.37074488153279 
0.3321240703709811 -6.378778678880879 
0.3304717118119215 -6.383490165203207 
0.3288275739422104 -6.383660852250252 
0.3271916158628959 -6.385668724691771 
0.32556379687850345 -6.385787670982964 
0.3239440764960233 -6.386959614321446 
0.3223324144239038 -6.398350099043411 
0.3207287705710486 -6.3996881585147 
0.3191331050458195 -6.399872197150397 
0.31754537815504424 -6.400284246938123 
0.31596555040302915 -6.401718233938138 
0.31439358249057625 -6.403291326509747 
0.31282943531400625 -6.403362373513959 
0.3112730699641853 -6.4034910260289015 
0.3097244477255575 -6.406139988305088 
0.3081835300751816 -6.408986455596053 
0.30665027868177275 -6.411867913075886 
0.30512465540474903 -6.411891624767238 
0.3036066222932826 -6.413218656346732 
0.30209614158535586 -6.428153017258827 
0.30059317570682176 -6.442429970721718 
0.2990976872704694 -6.444359549886109 
0.29760963907509397 -6.44505296974262 
0.2961289941045711 -6.445209041293434 
0.2946557155269364 -6.4477021253778135 
0.2931897666934691 -6.4600251096238 
0.2917311111377802 -6.460894912722704 
0.2902797125749057 -6.462582180256324 
0.28883553490040365 -6.4663007505853844 
0.2873985421894564 -6.470656923944247 
0.2859686986959765 -6.472912905899778 
0.2845459688517179 -6.4740645557747705 
0.283130317265391 -6.479808143645589 
0.2817217087217821 -6.482109077792433 
0.2803201081808777 -6.483397279287658 
0.27892548077699275 -6.484040540672217 
0.2775377918179032 -6.484448008407646 
0.2761570067839833 -6.489700455330563 
0.2747830913273466 -6.490960411350914 
0.27341601127099163 -6.499980912546057 
0.2720557326079519 -6.5005172248708645 
0.27070222150044965 -6.501616203676736 
0.2693554442790544 -6.504967997520521 
0.2680153674418452 -6.505347248876902 
0.2666819576535773 -6.509743387763801 
0.265355181744853 -6.51302698143885 
0.26403500671129654 -6.516678010865778 
0.2627213997127329 -6.519459236950441 
0.261414328072371 -6.525760462033395 
0.26011375927599106 -6.526191561774145 
0.2588196609711354 -6.533330170414381 
0.2575320009663039 -6.536235742919096 
0.2562507472301531 -6.540692787391509 
0.25497586789069965 -6.541171900203379 
0.25370733123452704 -6.550603576391466 
0.25244510570599704 -6.557244102513092 
0.25118915990646473 -6.561760207130138 
0.24993946259349725 -6.563730219154845 
0.24869598268009677 -6.570446158777515 
0.24745868923392714 -6.573776325317239 
0.2462275514765444 -6.575802824320795 
0.24500253878263126 -6.58345130113023 
0.2437836206792351 -6.584119277023746 
0.24257076684501006 -6.584416473177034 
0.24136394710946274 -6.58495325090304 
0.24016313145220175 -6.5864362335419075 
0.2389682900021908 -6.587585542063778 
0.23777939303700577 -6.6055795270500255 
0.2365964109820953 -6.609396194059792 
0.23541931441004507 -6.613087450279684 
0.23424807403984585 -6.613583929286536 
0.23308266073616504 -6.615647297374055 
0.23192304550862192 -6.6175195182863344 
0.23076919951106661 -6.625632167254495 
0.22962109404086228 -6.630696284654304 
0.22847870053817143 -6.63251387613797 
0.22734199058524523 -6.633983096125112 
0.22621093590571664 -6.637155977812344 
0.22508550836389715 -6.638772469467978 
0.2239656799640768 -6.641817267723476 
0.22285142284982765 -6.641919759445448 
0.2217427093033111 -6.642478726526837 
0.22063951174458815 -6.643611968883713 
0.2195418027309335 -6.6438857245635035 
0.21844955495615273 -6.649752089010538 
0.21736274124990324 -6.651500096295716 
0.21628133457701815 -6.65212374788024 
0.215205308036834 -6.652537840780246 
0.21413463486252138 -6.654277605366775 
0.21306928842041928 -6.654981568839046 
0.21200924220937242 -6.6567087950373365 
0.21095446986007207 -6.658471906903205 
0.20990494513440008 -6.661607217044417 
0.2088606419247762 -6.665036890184191 
0.20782153425350866 -6.66754347465149 
0.20678759627214793 -6.67648000483451 
0.20575880226084373 -6.68419176876639 
0.20473512662770518 -6.685653391871824 
0.20371654390816438 -6.686138439503693 
0.20270302876434268 -6.687213747108906 
0.20169455598442057 -6.688745604912434 
0.20069110048201053 -6.693125695216804 
0.19969263729553285 -6.693748518888364 
0.19869914158759489 -6.704689271063661 
0.19771058864437302 -6.705151155767667 
0.19672695387499806 -6.712320523641252 
0.19574821281094335 -6.712586517305894 
0.19477434110541625 -6.72347379006254 
0.1938053145327525 -6.726436082989045 
0.19284110898781343 -6.728472947408474 
0.1918817004853865 -6.73021204697068 
0.19092706515958857 -6.7307145307835565 
0.1899771792632722 -6.73145476256188 
0.18903201916743503 -6.7373262563910625 
0.18809156136063188 -6.739380304036271 
0.18715578244838993 -6.7458688196943175 
0.18622465915262681 -6.7470953765320205 
0.18529816831107146 -6.749466819237417 
0.18437628687668803 -6.750731890340173 
0.18345899191710252 -6.753769591031028 
0.18254626061403237 -6.754885299703174 
0.18163807026271878 -6.757519384764781 
0.18073439827136195 -6.764842391843261 
0.17983522216055917 -6.765204250432467 
0.17894051956274545 -6.765382604831926 
0.17805026822163728 -6.765634900727802 
0.17716444599167888 -6.767267551160893 
0.17628303083749142 -6.769550904115099 
0.1754060008333248 -6.772268798080312 
0.17453333416251224 -6.773241412692353 
0.17366500911692762 -6.775935713013946 
0.1728010040964454 -6.778197106288597 
0.17194129760840338 -6.77969830616006 
0.17108586826706804 -6.781930503783128 
0.17023469479310252 -6.783185532697693 
0.16938775601303735 -6.785236014695881 
0.16854503085874364 -6.7855248967293536 
0.1677064983669091 -6.785768771512112 
0.16687213767851652 -6.795215701966682 
0.1660419280383249 -6.808019160306896 
0.16521584879435314 -6.808115497071219 
0.1643938793973663 -6.8100192822465395 
0.1635759994003645 -6.810916711061756 
0.1627621884580741 -6.812407818122611 
0.1619524263264419 -6.813877829738664 
0.16114669286213126 -6.816124547157773 
0.16034496802202117 -6.818036322727178 
0.1595472318627076 -6.819071531249162 
0.15875346454000758 -6.825665608773366 
0.15796364630846527 -6.825818436793461 
0.15717775752086097 -6.827637916634342 
0.15639577862772236 -6.830091428839881 
0.15561769017683816 -6.83417026708333 
0.1548434728127743 -6.834623527330361 
0.15407310727639234 -6.835622180234291 
0.15330657440437048 -6.8397594079321715 
0.15254385512872687 -6.84189897201205 
0.15178493047634514 -6.851734660645106 
0.15102978156850264 -6.854397944381637 
0.15027838962040063 -6.855058002736559 
0.14953073594069716 -6.855283810463636 
0.14878680193104193 -6.860772163194559 
0.14804656908561387 -6.8628034984467075 
0.14731001899066057 -6.863571022277244 
0.14657713332404038 -6.864448349779936 
0.14584789385476654 -6.8669167677850345 
0.1451222824425538 -6.8681080735740645 
0.14440028103736696 -6.868398376895512 
0.1436818716789721 -6.871192637173285 
0.14296703649648965 -6.873301439856666 
0.1422557577079499 -6.875740903766495 
0.14154801761985064 -6.8767762640535635 
0.14084379862671706 -6.882841552322583 
0.14014308321066377 -6.88692640625691 
0.13944585394095896 -6.887474774878627 
0.13875209347359102 -6.887966524881722 
0.13806178455083684 -6.890787754838557 
0.13737491000083266 -6.891368578933499 
0.13669145273714695 -6.8931586474257305 
0.13601139575835516 -6.893392130344248 
0.13533472214761708 -6.893640994284534 
0.13466141507225582 -6.894996708485209 
0.13399145778333912 -6.897646174316995 
0.13332483361526282 -6.898705316222472 
0.13266152598533612 -6.899628415049048 
0.1320015183933693 -6.9019800686491175 
0.13134479442126298 -6.902476094534862 
0.13069133773259997 -6.9025856631349525 
0.13004113207223877 -6.902626007249579 
0.12939416126590925 -6.904448702158904 
0.12875040921981018 -6.909443560577658 
0.12810985992020915 -6.910711475109138 
0.12747249743304392 -6.911155983594006 
0.1268383059035263 -6.911721998725115 
0.12620726955574757 -6.914913777227598 
0.12557937269228614 -6.919538453728278 
0.12495459969381706 -6.926126332850345 
0.12433293501872344 -6.930091549372068 
0.1237143632027099 -6.93300862787704 
0.12309886885841781 -6.93314597316733 
0.1224864366750426 -6.934454006547515 
0.12187705141795284 -6.936201006272145 
0.12127069792831129 -6.9364335020414 
0.1206673611226978 -6.938872962877634 
0.12006702599273412 -6.941042127691514 
0.11946967760471058 -6.9426302997478135 
0.11887530109921451 -6.945614542859017 
0.1182838816907607 -6.949330264276322 
0.11769540466742359 -6.950837684843835 
0.11710985539047124 -6.957531571287631 
0.11652721929400124 -6.959187694002164 
0.11594748188457835 -6.9592934910277995 
0.11537062874087398 -6.965342006113473 
0.11479664551330744 -6.965504205262053 
0.114225517923689 -6.965663266741569 
0.11365723176486468 -6.965706692984712 
0.11309177290036287 -6.966090428691429 
0.11252912726404266 -6.9661987496304665 
0.11196928085974395 -6.970130162796605 
0.11141221976093925 -6.97256683863585 
0.11085793011038732 -6.972837518167664 
0.11030639811978837 -6.974910415113576 
0.10975761006944118 -6.976921232993066 
0.10921155230790167 -6.977443760026757 
0.10866821125164346 -6.979657398972261 
0.10812757338471986 -6.980354088981711 
0.10758962525842772 -6.98051069639001 
0.10705435349097286 -6.980558189346181 
0.10652174476713717 -6.981805689598113 
0.10599178583794744 -6.987897404807926 
0.10546446352034572 -6.993278048568048 
0.1049397646968614 -6.9965143762457505 
0.104417676315285 -6.997277966224899 
0.10389818538834328 -6.999536321209091 
0.10338127899337639 -6.999630928474447 
0.10286694427201631 -7.002115477869081 
0.10235516842986699 -7.00628803335056 
0.10184593873618605 -7.007127329059396 
0.10133924252356821 -7.014835258419705 
0.10083506718763006 -7.015949692547229 
0.10033340018669659 -7.016342012482049 
0.09983422904148914 -7.016763739709717 
0.09933754133481507 -7.0208629783640655 
0.09884332471125878 -7.026098315664937 
0.09835156687687441 -7.0279538915786635 
0.09786225559888001 -7.029079865176537 
0.09737537870535325 -7.033030494776843 
0.09689092408492861 -7.036072038157779 
0.09640887968649613 -7.03831097985403 
0.09592923351890162 -7.040987228375333 
0.09545197365064838 -7.043020032553737 
0.09497708820960038 -7.043922301382006 
0.09450456538268695 -7.044248796546109 
0.0940343934156089 -7.046507186419058 
0.09356656061254617 -7.046548349652491 
0.09310105533586685 -7.046561417352598 
0.09263786600583766 -7.048795188424544 
0.09217698110033598 -7.049493721284101 
0.09171838915456317 -7.05240079561629 
0.09126207876075937 -7.053822480236643 
0.09080803856791977 -7.055191901740037 
0.09035625728151221 -7.056463419882486 
0.08990672366319624 -7.057479701489894 
0.08945942653054352 -7.059865184719346 
0.08901435475675973 -7.063132933006747 
0.0885714972704077 -7.064577937576796 
0.08813084305513204 -7.073141170128803 
0.0876923811493851 -7.074195223403044 
0.08725610064615434 -7.0763377691327145 
0.08682199069269089 -7.076983407595758 
0.08639004049023968 -7.077715152121997 
0.08596023929377083 -7.082441890384719 
0.08553257641171227 -7.090718160478397 
0.08510704120568387 -7.091475074661906 
0.0846836230902327 -7.093939208250988 
0.08426231153256986 -7.0945174634502814 
0.08384309605230832 -7.098468190661305 
0.0834259662212023 -7.098891167651321 
0.08301091166288786 -7.100156388233831 
0.08259792205262474 -7.102167275438193 
0.08218698711703955 -7.103727642529236 
