N_walkers = 200
N_cull = 1
N_steps_per_walker = 2000
eps = 1.0e-8
0.9900745031063588 -4.5896036801504465 
0.9851487593098098 -4.770644337587729 
0.9802475217013032 -4.812296038547193 
0.9753706683595058 -4.826291075940961 
0.9705180779696575 -4.936017645324418 
0.9656896298205547 -4.938525350608979 
0.9608852038015471 -5.011298652705908 
0.9561046803995493 -5.083245639510636 
0.951347940696069 -5.163874504292148 
0.9466148663642477 -5.185986593457204 
0.9419053396659182 -5.186212020569516 
0.9372192434486748 -5.193502883048116 
0.9325564611429601 -5.196959345935615 
0.9279168767591642 -5.205156120888837 
0.9233003748847406 -5.208481886945699 
0.9187068406813339 -5.220295712543108 
0.9141361598819243 -5.230231650971867 
0.9095882187879845 -5.235918840777045 
0.9050629042666513 -5.24864170946387 
0.9005601037479116 -5.259909873519858 
0.8960797052218027 -5.261925359549874 
0.8916215972356246 -5.282148690514442 
0.8871856688911688 -5.295827601213904 
0.882771809841959 -5.316842696789421 
0.8783799102905064 -5.318187197663504 
0.8740098609855785 -5.318456651640357 
0.8696615532194812 -5.319038609607361 
0.8653348788253544 -5.319434210040366 
0.861029730174482 -5.33096006634023 
0.856746000173614 -5.355954869443944 
0.8524835822623025 -5.406026609567193 
0.8482423704102513 -5.413303160789216 
0.8440222591146779 -5.413408549115387 
0.8398231433976895 -5.429873687267541 
0.8356449188036712 -5.431712613287624 
0.8314874813966877 -5.4339238706703785 
0.8273507277578983 -5.442955205240026 
0.8232345549829834 -5.455669601811319 
0.8191388606795854 -5.466739723430872 
0.8150635429647617 -5.474374964668177 
0.8110085004624494 -5.49629473790723 
0.8069736323009448 -5.50333364440942 
0.8029588381103928 -5.51075806554424 
0.7989640180202914 -5.51519978021848 
0.7949890726570064 -5.516993838719719 
0.7910339031412998 -5.5202541477040645 
0.7870984110858705 -5.524277383703473 
0.783182498592906 -5.533335842980887 
0.7792860682516478 -5.542478386296169 
0.7754090231359679 -5.545685784482573 
0.7715512668019582 -5.560310887990315 
0.7677127032855305 -5.560536453927028 
0.7638932371000304 -5.585382907550533 
0.7600927732338612 -5.5931340938045615 
0.7563112171481206 -5.5952289222482605 
0.7525484747742494 -5.597517230573058 
0.7488044525116909 -5.603668916544013 
0.7450790572255631 -5.6154895657497415 
0.7413721962443414 -5.628879563443618 
0.7376837773575536 -5.633956035198746 
0.7340137088134863 -5.643597190247508 
0.7303618993169018 -5.649084274558101 
0.7267282580267679 -5.650204505694271 
0.723112694553998 -5.6674134335473765 
0.719515118959202 -5.673373164444564 
0.7159354417504497 -5.700088309588304 
0.7123735738810445 -5.706554773416597 
0.708829426747308 -5.7210173587580355 
0.7053029121863761 -5.7228568364472805 
0.7017939424740061 -5.729312705192682 
0.6983024303223941 -5.74361514681309 
0.6948282888780042 -5.74562798503509 
0.6913714317194071 -5.7502401842277155 
0.6879317728551315 -5.753846053782099 
0.6845092267215239 -5.755911724742379 
0.6811037081806208 -5.765431434593091 
0.6777151325180306 -5.784279321399008 
0.6743434154408265 -5.784615772551884 
0.6709884730754493 -5.785318890287782 
0.6676502219656212 -5.786669585275421 
0.6643285790702699 -5.804936947715443 
0.6610234617614625 -5.807559008241665 
0.6577347878223508 -5.815616041585144 
0.6544624754451253 -5.821029728131528 
0.6512064432289804 -5.827385950202082 
0.6479666101780899 -5.842451696788149 
0.644742895699592 -5.848353905410537 
0.6415352196015841 -5.849186167203814 
0.6383435020911284 -5.853617674945596 
0.6351676637722671 -5.856439999595302 
0.6320076256440469 -5.856912962984521 
0.6288633090985541 -5.859728048235305 
0.6257346359189594 -5.867270902198357 
0.6226215282775716 -5.8712202262763045 
0.619523908733902 -5.876335768845931 
0.6164417002327384 -5.879688688029674 
0.6133748261022272 -5.888783210465593 
0.6103232100519674 -5.888834755179649 
0.6072867761711118 -5.892585064928804 
0.6042654489264795 -5.893904802939288 
0.6012591531606761 -5.8947559522303585 
0.598267814090225 -5.903943676885042 
0.5952913573037064 -5.910800362517247 
0.592329708759907 -5.920870869423352 
0.5893827947859771 -5.927510115382403 
0.5864505420755991 -5.933115366412213 
0.5835328776871633 -5.935212460418752 
0.5806297290419535 -5.944404293874888 
0.5777410239223418 -5.944706848954522 
0.5748666904699918 -5.949811542361129 
0.5720066571840715 -5.951390220469354 
0.5691608529194742 -5.957811817662816 
0.566329206885049 -5.962246645967903 
0.5635116486418398 -5.962527621562962 
0.5607081081013331 -5.964006913695906 
0.5579185155237145 -5.966254039324469 
0.5551428015161339 -5.9680753463354055 
0.552380897030979 -5.968715549886835 
0.5496327333641582 -5.970876089409628 
0.5468982421533913 -5.980224179537322 
0.5441773553765088 -5.982745157315568 
0.54147000534976 -5.998552568201069 
0.5387761247261293 -6.017607483128721 
0.536095646493661 -6.0238331549048025 
0.533428503973792 -6.027997463081927 
0.5307746308196937 -6.029171554924698 
0.5281339610146205 -6.030327838096769 
0.5255064288702692 -6.030967496821505 
0.5228919690251435 -6.0448009195799886 
0.5202905164429289 -6.045176502598916 
0.5177020064108745 -6.04595142853409 
0.5151263745381837 -6.051483659620449 
0.5125635567544116 -6.052183544341279 
0.5100134893078722 -6.053316511734506 
0.5074761087640519 -6.05677853706474 
0.5049513520040319 -6.0570707434400894 
0.5024391562229172 -6.062778336017224 
0.49993945892827585 -6.0709651884011935 
0.497452197938583 -6.075236107620539 
0.4949773113816746 -6.082136796171423 
0.4925147376932086 -6.08968576440856 
0.4900644156151329 -6.096487347223113 
0.48762628419416215 -6.098535649979944 
0.48520028278026084 -6.098582075477099 
0.4827863510251352 -6.1068938323291935 
0.4803844288807315 -6.118565379573837 
0.4779944565977428 -6.124752579911792 
0.4756163747241222 -6.128224102644378 
0.47325012410360423 -6.128478842504399 
0.47089564587423305 -6.133105982383343 
0.46855288146689855 -6.134450888766444 
0.4662217726038792 -6.140406736932482 
0.46390226129739226 -6.14696030922296 
0.4615942898481515 -6.148939186668962 
0.45929780084393185 -6.157176248959363 
0.45701273715814117 -6.158782611172053 
0.45473904194839915 -6.159907466953379 
0.45247665865512354 -6.167803263211597 
0.45022553100012297 -6.176238636394683 
0.44798560298519696 -6.1951908525403265 
0.44575681889074326 -6.195879157524479 
0.4435391232743714 -6.196606147365239 
0.44133246096952383 -6.1989441139213115 
0.4391367770841033 -6.2030902145616755 
0.4369520169991078 -6.207655024062568 
0.4347781263672714 -6.208770144445681 
0.4326150511117129 -6.215874062198266 
0.43046273742458996 -6.22556185748309 
0.42832113176576114 -6.2327624492681775 
0.4261901808614539 -6.236432291820153 
0.4240698317029392 -6.238471875550779 
0.4219600315452131 -6.241581623151881 
0.41986072790568474 -6.2434666883448795 
0.41777186856287035 -6.245592446167445 
0.41569340155509493 -6.247152727917031 
0.41362527517919895 -6.24946805166124 
0.41156743798925266 -6.252748376013517 
0.4095198387952763 -6.255778055760926 
0.4074824266619665 -6.259983513007899 
0.40545515090742934 -6.261047411287994 
0.40343796110191976 -6.262035246762189 
0.40143080706658685 -6.267546465008987 
0.3994336388722257 -6.27166568064987 
0.39744640683803556 -6.273276776595327 
0.39546906153038364 -6.273822822961439 
0.39350155376157575 -6.288025276314249 
0.3915438345886326 -6.291104703865802 
0.38959585531207225 -6.292946245548255 
0.38765756747469876 -6.293638720640291 
0.3857289228603968 -6.296674210407927 
0.38380987349293216 -6.296903636954007 
0.3819003716347584 -6.298545352398785 
0.38000036978582924 -6.304709823440802 
0.37810982068241716 -6.304760625120891 
0.37622867729593745 -6.305388502835161 
0.3743568928317786 -6.305632615015691 
0.3724944207281379 -6.306154598090188 
0.3706412146548636 -6.309290558840581 
0.36879722851230207 -6.311326626844979 
0.3669624164301513 -6.313732259403859 
0.36513673276631975 -6.313743882136905 
0.3633201321057908 -6.314894593118502 
0.3615125692594933 -6.318036130952548 
0.3597139992631775 -6.320054454745843 
0.357924377376296 -6.332829376271714 
0.3561436590808916 -6.334176092147879 
0.35437180008048913 -6.337028598016361 
0.35260875629899413 -6.337052942938068 
0.35085448387959617 -6.345925883399362 
0.3491089391836778 -6.348550785703014 
0.34737207878972914 -6.3592564516910235 
0.34564385949226784 -6.360464477823848 
0.343924238300764 -6.361810693378691 
0.3422131724385712 -6.365044955471222 
0.3405106193418619 -6.369192430039025 
0.33881653665856903 -6.371904545974207 
0.33713088224733234 -6.373084276184217 
0.33545361417645014 -6.375607090314115 
0.33378469072283595 -6.384691870968135 
0.3321240703709811 -6.390849613064575 
0.3304717118119215 -6.405725644727551 
0.3288275739422104 -6.405931824495942 
0.3271916158628959 -6.421480116832992 
0.32556379687850345 -6.424995529770579 
0.3239440764960233 -6.425372919196341 
0.3223324144239038 -6.426811479922338 
0.3207287705710486 -6.427550233900853 
0.3191331050458195 -6.427853158363172 
0.31754537815504424 -6.428017872560947 
0.31596555040302915 -6.428227627053228 
0.31439358249057625 -6.42951085788548 
0.31282943531400625 -6.4295424240219115 
0.3112730699641853 -6.430733161730363 
0.3097244477255575 -6.432267451647512 
0.3081835300751816 -6.4363263664438275 
0.30665027868177275 -6.437036041493315 
0.30512465540474903 -6.438617654979531 
0.3036066222932826 -6.440490007426291 
0.30209614158535586 -6.440616681772274 
0.30059317570682176 -6.453439523947416 
0.2990976872704694 -6.455206075812846 
0.29760963907509397 -6.455797101074528 
0.2961289941045711 -6.458838915708943 
0.2946557155269364 -6.459484717888928 
0.2931897666934691 -6.46467057517002 
0.2917311111377802 -6.466860541763915 
0.2902797125749057 -6.469166358743711 
0.28883553490040365 -6.469973152606403 
0.2873985421894564 -6.4704457064066725 
0.2859686986959765 -6.473087597484055 
0.2845459688517179 -6.479281865879794 
0.283130317265391 -6.493749108994741 
0.2817217087217821 -6.495741758115054 
0.2803201081808777 -6.496899920260711 
0.27892548077699275 -6.497236623483033 
0.2775377918179032 -6.498175317590313 
0.2761570067839833 -6.4983778956359135 
0.2747830913273466 -6.49849137010398 
0.27341601127099163 -6.50088795917422 
0.2720557326079519 -6.5028221804891135 
0.27070222150044965 -6.508138351484127 
0.2693554442790544 -6.510107157819511 
0.2680153674418452 -6.512178936225215 
0.2666819576535773 -6.512954246966168 
0.265355181744853 -6.514547495308709 
0.26403500671129654 -6.518511877055559 
0.2627213997127329 -6.518520284959904 
0.261414328072371 -6.521306126384547 
0.26011375927599106 -6.523482402403916 
0.2588196609711354 -6.526028602827925 
0.2575320009663039 -6.5335058191724436 
0.2562507472301531 -6.5457692988445295 
0.25497586789069965 -6.548155500191957 
0.25370733123452704 -6.548719766780078 
0.25244510570599704 -6.557992628064225 
0.25118915990646473 -6.560462203208093 
0.24993946259349725 -6.561876713552837 
0.24869598268009677 -6.5625091502708495 
0.24745868923392714 -6.566475147365455 
0.2462275514765444 -6.5710091295255175 
0.24500253878263126 -6.573383130484396 
0.2437836206792351 -6.574456710063409 
0.24257076684501006 -6.574515271493909 
0.24136394710946274 -6.576252541271435 
0.24016313145220175 -6.577101582365761 
0.2389682900021908 -6.577715921581597 
0.23777939303700577 -6.578635196331652 
0.2365964109820953 -6.58178295163102 
0.23541931441004507 -6.581848672302946 
0.23424807403984585 -6.583020652539546 
0.23308266073616504 -6.583439690163105 
0.23192304550862192 -6.586831333323114 
0.23076919951106661 -6.589779033852258 
0.22962109404086228 -6.592201095263933 
0.22847870053817143 -6.5928598422602285 
0.22734199058524523 -6.594193737346923 
0.22621093590571664 -6.594370878763586 
0.22508550836389715 -6.595518326117032 
0.2239656799640768 -6.59618750369305 
0.22285142284982765 -6.602408084523648 
0.2217427093033111 -6.603242836908992 
0.22063951174458815 -6.605850515234828 
0.2195418027309335 -6.6061281055955146 
0.21844955495615273 -6.608690874756697 
0.21736274124990324 -6.610905584881301 
0.21628133457701815 -6.6146686553315845 
0.215205308036834 -6.6164015493215835 
0.21413463486252138 -6.616541058232109 
0.21306928842041928 -6.617612381146948 
0.21200924220937242 -6.619211595000284 
0.21095446986007207 -6.620670612157127 
0.20990494513440008 -6.623942480708547 
0.2088606419247762 -6.625185097911331 
0.20782153425350866 -6.626180896070425 
0.20678759627214793 -6.626489167656024 
0.20575880226084373 -6.628495716720259 
0.20473512662770518 -6.628699443759321 
0.20371654390816438 -6.629876666662107 
0.20270302876434268 -6.638409561250246 
0.20169455598442057 -6.638849457641734 
0.20069110048201053 -6.6434424986736795 
0.19969263729553285 -6.644729074713946 
0.19869914158759489 -6.650782961139847 
0.19771058864437302 -6.651066359472641 
0.19672695387499806 -6.6525097661153465 
0.19574821281094335 -6.655033562804827 
0.19477434110541625 -6.6627129166757415 
0.1938053145327525 -6.667432556191054 
0.19284110898781343 -6.669568443740962 
0.1918817004853865 -6.672776902790104 
0.19092706515958857 -6.678804025178471 
0.1899771792632722 -6.682721171877941 
0.18903201916743503 -6.685954478450834 
0.18809156136063188 -6.689486069868152 
0.18715578244838993 -6.6898267101128255 
0.18622465915262681 -6.689984315320153 
0.18529816831107146 -6.690260542749149 
0.18437628687668803 -6.692905868861167 
0.18345899191710252 -6.6968682405655695 
0.18254626061403237 -6.698751965672287 
0.18163807026271878 -6.700895407882357 
0.18073439827136195 -6.706718627695128 
0.17983522216055917 -6.707379173735942 
0.17894051956274545 -6.710957739730932 
0.17805026822163728 -6.712038332235144 
0.17716444599167888 -6.712450491922803 
0.17628303083749142 -6.713380521029822 
0.1754060008333248 -6.713435372379555 
0.17453333416251224 -6.714089594900403 
0.17366500911692762 -6.715429258197183 
0.1728010040964454 -6.71685189328606 
0.17194129760840338 -6.718464649088489 
0.17108586826706804 -6.721306851057004 
0.17023469479310252 -6.723826438373085 
0.16938775601303735 -6.724156967644396 
0.16854503085874364 -6.728822229071958 
0.1677064983669091 -6.7304148737464295 
0.16687213767851652 -6.736782098306534 
0.1660419280383249 -6.736905885340177 
0.16521584879435314 -6.737726320700418 
0.1643938793973663 -6.737979951338462 
0.1635759994003645 -6.740127000782781 
0.1627621884580741 -6.740642023127889 
0.1619524263264419 -6.741202776011499 
0.16114669286213126 -6.741506380228263 
0.16034496802202117 -6.743083662391132 
0.1595472318627076 -6.743858541010118 
0.15875346454000758 -6.744923678145898 
0.15796364630846527 -6.746631051115206 
0.15717775752086097 -6.748961532479337 
0.15639577862772236 -6.752772125196617 
0.15561769017683816 -6.755087827785116 
0.1548434728127743 -6.75707891142669 
0.15407310727639234 -6.7574535740492205 
0.15330657440437048 -6.761034898060728 
0.15254385512872687 -6.7613641901017925 
0.15178493047634514 -6.764439693571616 
0.15102978156850264 -6.7664087662332095 
0.15027838962040063 -6.772408331685384 
0.14953073594069716 -6.773805577961244 
0.14878680193104193 -6.7742891820831135 
0.14804656908561387 -6.775113783120875 
0.14731001899066057 -6.777169408755212 
0.14657713332404038 -6.779450621642432 
0.14584789385476654 -6.780155775872672 
0.1451222824425538 -6.782049359475833 
0.14440028103736696 -6.782111421171974 
0.1436818716789721 -6.782627032742806 
0.14296703649648965 -6.7894709271390745 
0.1422557577079499 -6.789717357205649 
0.14154801761985064 -6.789782584871839 
0.14084379862671706 -6.794602498804037 
0.14014308321066377 -6.794720997593096 
0.13944585394095896 -6.797479099194049 
0.13875209347359102 -6.79818859959024 
0.13806178455083684 -6.799882010123537 
0.13737491000083266 -6.80110162487625 
0.13669145273714695 -6.812702820350412 
0.13601139575835516 -6.817512698789492 
0.13533472214761708 -6.822152905635091 
0.13466141507225582 -6.827478745647754 
0.13399145778333912 -6.831931559297419 
0.13332483361526282 -6.834226465216131 
0.13266152598533612 -6.834680566703947 
0.1320015183933693 -6.839332888709429 
0.13134479442126298 -6.840558836112784 
0.13069133773259997 -6.8413016227493975 
0.13004113207223877 -6.848456719907969 
0.12939416126590925 -6.851105588798655 
0.12875040921981018 -6.852098831029653 
0.12810985992020915 -6.855057703116085 
0.12747249743304392 -6.85607255216094 
0.1268383059035263 -6.857373606211568 
0.12620726955574757 -6.858184541927254 
0.12557937269228614 -6.860003759613315 
0.12495459969381706 -6.863051827476898 
0.12433293501872344 -6.865342285918627 
0.1237143632027099 -6.8663151236865 
0.12309886885841781 -6.866849824133137 
0.1224864366750426 -6.867018331498749 
0.12187705141795284 -6.86751327293325 
0.12127069792831129 -6.874357218628074 
0.1206673611226978 -6.875097820982301 
0.12006702599273412 -6.887230249519704 
0.11946967760471058 -6.888201782482004 
0.11887530109921451 -6.890636628961277 
0.1182838816907607 -6.892595488061134 
0.11769540466742359 -6.896306649083514 
0.11710985539047124 -6.897306868628886 
0.11652721929400124 -6.906412990306366 
0.11594748188457835 -6.908018516051961 
0.11537062874087398 -6.9081219984467745 
0.11479664551330744 -6.908989424377556 
0.114225517923689 -6.910768900998228 
0.11365723176486468 -6.913802538679736 
0.11309177290036287 -6.91384369831729 
0.11252912726404266 -6.91453231594076 
0.11196928085974395 -6.914911268631594 
0.11141221976093925 -6.915006433146547 
0.11085793011038732 -6.921141078905289 
0.11030639811978837 -6.922224116116531 
0.10975761006944118 -6.92372022947219 
0.10921155230790167 -6.925804041648904 
0.10866821125164346 -6.926998225844329 
0.10812757338471986 -6.9274973658411385 
0.10758962525842772 -6.931305102876032 
0.10705435349097286 -6.934051606898038 
0.10652174476713717 -6.934076125340951 
0.10599178583794744 -6.9342675211318126 
0.10546446352034572 -6.938853571894618 
0.1049397646968614 -6.939438725907484 
0.104417676315285 -6.942213060435547 
0.10389818538834328 -6.943864374550937 
0.10338127899337639 -6.945140764173023 
0.10286694427201631 -6.948372768596696 
0.10235516842986699 -6.955024682843989 
0.10184593873618605 -6.955268929306408 
0.10133924252356821 -6.956031257528565 
0.10083506718763006 -6.956811852937254 
0.10033340018669659 -6.957822716486327 
0.09983422904148914 -6.961444306648351 
0.09933754133481507 -6.964603945011249 
0.09884332471125878 -6.965106276982629 
0.09835156687687441 -6.968171190073728 
0.09786225559888001 -6.969052416660962 
0.09737537870535325 -6.969571643222927 
0.09689092408492861 -6.971133904209745 
0.09640887968649613 -6.972011674616449 
0.09592923351890162 -6.975706543511426 
0.09545197365064838 -6.9780401639259235 
0.09497708820960038 -6.980009481952438 
0.09450456538268695 -6.98287166890223 
0.0940343934156089 -6.983960237547432 
0.09356656061254617 -6.985692401811106 
0.09310105533586685 -6.986531348228106 
0.09263786600583766 -6.991928847620875 
0.09217698110033598 -6.992048198327982 
0.09171838915456317 -6.997846607067893 
0.09126207876075937 -6.998852569764911 
0.09080803856791977 -7.003182776542088 
0.09035625728151221 -7.005313642728687 
0.08990672366319624 -7.005941238041729 
0.08945942653054352 -7.010506552491605 
0.08901435475675973 -7.013230920641646 
0.0885714972704077 -7.01376920787752 
0.08813084305513204 -7.025622564673727 
0.0876923811493851 -7.028080493393815 
0.08725610064615434 -7.031276427482392 
0.08682199069269089 -7.031462252315952 
0.08639004049023968 -7.031524001437383 
0.08596023929377083 -7.033578124304487 
0.08553257641171227 -7.03399655856582 
0.08510704120568387 -7.041880865644475 
0.0846836230902327 -7.042829982188019 
0.08426231153256986 -7.043112802559887 
0.08384309605230832 -7.045764242256932 
0.0834259662212023 -7.046504694391228 
0.08301091166288786 -7.047070236574935 
0.08259792205262474 -7.047836740234971 
0.08218698711703955 -7.048194624578189 
