N_walkers = 200
N_cull = 1
N_steps_per_walker = 2000
eps = 1.0e-8
0.9900745031063588 -4.701260515491732 
0.9851487593098098 -4.907006030429272 
0.9802475217013032 -4.909431608144773 
0.9753706683595058 -4.95371029406452 
0.9705180779696575 -4.993687636721305 
0.9656896298205547 -5.008736617515771 
0.9608852038015471 -5.036237441127854 
0.9561046803995493 -5.06155969061528 
0.951347940696069 -5.075188411848553 
0.9466148663642477 -5.0862061166552905 
0.9419053396659182 -5.096697669167224 
0.9372192434486748 -5.100847305274919 
0.9325564611429601 -5.104495520396433 
0.9279168767591642 -5.131109583598068 
0.9233003748847406 -5.222442717519931 
0.9187068406813339 -5.236846417116295 
0.9141361598819243 -5.237364719220811 
0.9095882187879845 -5.240397997337498 
0.9050629042666513 -5.245962343718277 
0.9005601037479116 -5.263600484598995 
0.8960797052218027 -5.284399930815718 
0.8916215972356246 -5.297502141655061 
0.8871856688911688 -5.322775404653873 
0.882771809841959 -5.347096373899602 
0.8783799102905064 -5.361096011662764 
0.8740098609855785 -5.365606520027071 
0.8696615532194812 -5.398881936673786 
0.8653348788253544 -5.418647684797675 
0.861029730174482 -5.426584118617311 
0.856746000173614 -5.4322032789262185 
0.8524835822623025 -5.440841981909586 
0.8482423704102513 -5.460262752804415 
0.8440222591146779 -5.465100108615001 
0.8398231433976895 -5.470036599471244 
0.8356449188036712 -5.474139344985921 
0.8314874813966877 -5.4807519838803636 
0.8273507277578983 -5.49614399585858 
0.8232345549829834 -5.502571161029994 
0.8191388606795854 -5.504339164652004 
0.8150635429647617 -5.506064188349942 
0.8110085004624494 -5.507267871475932 
0.8069736323009448 -5.51409178080279 
0.8029588381103928 -5.517924148113139 
0.7989640180202914 -5.5271243050792105 
0.7949890726570064 -5.532142185016097 
0.7910339031412998 -5.538620113924276 
0.7870984110858705 -5.552402765766995 
0.783182498592906 -5.572923650002343 
0.7792860682516478 -5.574371886153731 
0.7754090231359679 -5.579148269169461 
0.7715512668019582 -5.585022784060452 
0.7677127032855305 -5.5937737500383795 
0.7638932371000304 -5.598020558874726 
0.7600927732338612 -5.599398311519729 
0.7563112171481206 -5.612475881622109 
0.7525484747742494 -5.617509109875937 
0.7488044525116909 -5.622956993645741 
0.7450790572255631 -5.6279728726088285 
0.7413721962443414 -5.641401077880639 
0.7376837773575536 -5.6486071071159065 
0.7340137088134863 -5.65166938861419 
0.7303618993169018 -5.652310977317863 
0.7267282580267679 -5.671006402332106 
0.723112694553998 -5.6803311472578315 
0.719515118959202 -5.680615095309441 
0.7159354417504497 -5.688249876017202 
0.7123735738810445 -5.702669052475411 
0.708829426747308 -5.709120119620521 
0.7053029121863761 -5.710717854448278 
0.7017939424740061 -5.710938730058376 
0.6983024303223941 -5.7169885124436925 
0.6948282888780042 -5.718018985318399 
0.6913714317194071 -5.726152506794652 
0.6879317728551315 -5.727356746131912 
0.6845092267215239 -5.7274210216754025 
0.6811037081806208 -5.740167660240425 
0.6777151325180306 -5.746854040515597 
0.6743434154408265 -5.75161987788787 
0.6709884730754493 -5.758872469236153 
0.6676502219656212 -5.772825101239798 
0.6643285790702699 -5.781241002747266 
0.6610234617614625 -5.784167895800332 
0.6577347878223508 -5.792760004074099 
0.6544624754451253 -5.793970304492549 
0.6512064432289804 -5.794615692921055 
0.6479666101780899 -5.797425220366836 
0.644742895699592 -5.798447228030057 
0.6415352196015841 -5.804159476495265 
0.6383435020911284 -5.809266053611505 
0.6351676637722671 -5.815500593604261 
0.6320076256440469 -5.825954735263851 
0.6288633090985541 -5.826568080996101 
0.6257346359189594 -5.839975876618094 
0.6226215282775716 -5.8470255659184405 
0.619523908733902 -5.8485685728059265 
0.6164417002327384 -5.85348972698472 
0.6133748261022272 -5.855531672989236 
0.6103232100519674 -5.8595937930780915 
0.6072867761711118 -5.866289711076972 
0.6042654489264795 -5.8747453716718585 
0.6012591531606761 -5.874956976187396 
0.598267814090225 -5.883668464899637 
0.5952913573037064 -5.884664789452189 
0.592329708759907 -5.885057853005513 
0.5893827947859771 -5.889527965028559 
0.5864505420755991 -5.889830616864137 
0.5835328776871633 -5.894704140886997 
0.5806297290419535 -5.8965235541394545 
0.5777410239223418 -5.922395093181362 
0.5748666904699918 -5.935395823548778 
0.5720066571840715 -5.941409042770398 
0.5691608529194742 -5.9457706238015975 
0.566329206885049 -5.951160389271304 
0.5635116486418398 -5.958026741113064 
0.5607081081013331 -5.95912513616117 
0.5579185155237145 -5.959550568326134 
0.5551428015161339 -5.962355294948328 
0.552380897030979 -5.964330549827542 
0.5496327333641582 -5.966324523009222 
0.5468982421533913 -5.969292970360492 
0.5441773553765088 -5.9745804200857 
0.54147000534976 -5.979362746229004 
0.5387761247261293 -5.994159404448673 
0.536095646493661 -6.00383779890126 
0.533428503973792 -6.007074577418044 
0.5307746308196937 -6.012896408395937 
0.5281339610146205 -6.03180668632214 
0.5255064288702692 -6.038272584674364 
0.5228919690251435 -6.040248179953237 
0.5202905164429289 -6.063138744719657 
0.5177020064108745 -6.079147522916524 
0.5151263745381837 -6.08251739876599 
0.5125635567544116 -6.083771084484193 
0.5100134893078722 -6.104718040802874 
0.5074761087640519 -6.10687362907549 
0.5049513520040319 -6.1117690621147815 
0.5024391562229172 -6.128245418315512 
0.49993945892827585 -6.132205094042945 
0.497452197938583 -6.133720533006205 
0.4949773113816746 -6.136056865558789 
0.4925147376932086 -6.139021469689594 
0.4900644156151329 -6.147812762875872 
0.48762628419416215 -6.151839312083424 
0.48520028278026084 -6.15392197889308 
0.4827863510251352 -6.1547979227770275 
0.4803844288807315 -6.1607931111866225 
0.4779944565977428 -6.170645080233161 
0.4756163747241222 -6.1800056316651695 
0.47325012410360423 -6.188863720534578 
0.47089564587423305 -6.188968936110935 
0.46855288146689855 -6.191476280670148 
0.4662217726038792 -6.197619796901714 
0.46390226129739226 -6.199961996139533 
0.4615942898481515 -6.203564107487556 
0.45929780084393185 -6.212917126741091 
0.45701273715814117 -6.219035452355439 
0.45473904194839915 -6.219384277648298 
0.45247665865512354 -6.226161020741495 
0.45022553100012297 -6.227939299016113 
0.44798560298519696 -6.230777450581509 
0.44575681889074326 -6.235090933882469 
0.4435391232743714 -6.246619920687947 
0.44133246096952383 -6.265211427964646 
0.4391367770841033 -6.266956878913977 
0.4369520169991078 -6.267397590145157 
0.4347781263672714 -6.267835746128772 
0.4326150511117129 -6.2716323833613155 
0.43046273742458996 -6.272222096674835 
0.42832113176576114 -6.274924088738796 
0.4261901808614539 -6.2751111055970465 
0.4240698317029392 -6.27514637825873 
0.4219600315452131 -6.275670033584523 
0.41986072790568474 -6.279355282279858 
0.41777186856287035 -6.2828763780258825 
0.41569340155509493 -6.287274147102177 
0.41362527517919895 -6.291044645384694 
0.41156743798925266 -6.295956150515732 
0.4095198387952763 -6.307899967204688 
0.4074824266619665 -6.310253562589655 
0.40545515090742934 -6.313019211514273 
0.40343796110191976 -6.3212931352844794 
0.40143080706658685 -6.323978647646896 
0.3994336388722257 -6.330857623609844 
0.39744640683803556 -6.330996049553364 
0.39546906153038364 -6.334256120582507 
0.39350155376157575 -6.335594664405456 
0.3915438345886326 -6.337072463247061 
0.38959585531207225 -6.337418843139086 
0.38765756747469876 -6.337630883608888 
0.3857289228603968 -6.338439381558134 
0.38380987349293216 -6.342262266274272 
0.3819003716347584 -6.343737033699224 
0.38000036978582924 -6.34409112330901 
0.37810982068241716 -6.344580748915759 
0.37622867729593745 -6.348434078080982 
0.3743568928317786 -6.35104757835089 
0.3724944207281379 -6.355635829224447 
0.3706412146548636 -6.356865500253828 
0.36879722851230207 -6.359468279609192 
0.3669624164301513 -6.368757875988287 
0.36513673276631975 -6.377973781834981 
0.3633201321057908 -6.37901406231047 
0.3615125692594933 -6.383455571552259 
0.3597139992631775 -6.386883191447063 
0.357924377376296 -6.393826715998382 
0.3561436590808916 -6.395132886867798 
0.35437180008048913 -6.395265235944896 
0.35260875629899413 -6.402847645914604 
0.35085448387959617 -6.405963776177121 
0.3491089391836778 -6.4075878158701824 
0.34737207878972914 -6.419031639715987 
0.34564385949226784 -6.423539856988608 
0.343924238300764 -6.433997405577583 
0.3422131724385712 -6.437340422500087 
0.3405106193418619 -6.439270594935605 
0.33881653665856903 -6.440447500742966 
0.33713088224733234 -6.449253167362052 
0.33545361417645014 -6.45014352629465 
0.33378469072283595 -6.45510442457291 
0.3321240703709811 -6.455267062922589 
0.3304717118119215 -6.456760139099422 
0.3288275739422104 -6.463019158723719 
0.3271916158628959 -6.463335112652552 
0.32556379687850345 -6.465350297626652 
0.3239440764960233 -6.477314863601489 
0.3223324144239038 -6.477796450151715 
0.3207287705710486 -6.501991350953213 
0.3191331050458195 -6.506771639000745 
0.31754537815504424 -6.515185422539431 
0.31596555040302915 -6.521257483567736 
0.31439358249057625 -6.525080128504911 
0.31282943531400625 -6.530700427161091 
0.3112730699641853 -6.53408031542291 
0.3097244477255575 -6.535102910144614 
0.3081835300751816 -6.537410318224014 
0.30665027868177275 -6.537556767069705 
0.30512465540474903 -6.541321656448311 
0.3036066222932826 -6.542474539675503 
0.30209614158535586 -6.543977722876494 
0.30059317570682176 -6.549499588862113 
0.2990976872704694 -6.550619255089142 
0.29760963907509397 -6.55146860865831 
0.2961289941045711 -6.552016227017006 
0.2946557155269364 -6.552667207612967 
0.2931897666934691 -6.559189812432961 
0.2917311111377802 -6.5677495761677855 
0.2902797125749057 -6.570502527155483 
0.28883553490040365 -6.5734009243924 
0.2873985421894564 -6.573909729543979 
0.2859686986959765 -6.574183309512209 
0.2845459688517179 -6.57426334525581 
0.283130317265391 -6.574488632887833 
0.2817217087217821 -6.578460814844891 
0.2803201081808777 -6.579433160132877 
0.27892548077699275 -6.580191296968706 
0.2775377918179032 -6.590745058363601 
0.2761570067839833 -6.594772671600724 
0.2747830913273466 -6.59780217143884 
0.27341601127099163 -6.598898929129602 
0.2720557326079519 -6.599881992179914 
0.27070222150044965 -6.604378169634289 
0.2693554442790544 -6.604601316554184 
0.2680153674418452 -6.627132133644774 
0.2666819576535773 -6.631940321795649 
0.265355181744853 -6.6347425783539045 
0.26403500671129654 -6.648046356651692 
0.2627213997127329 -6.651797044119016 
0.261414328072371 -6.652408358614547 
0.26011375927599106 -6.654956186766058 
0.2588196609711354 -6.658983763766707 
0.2575320009663039 -6.6608675944055244 
0.2562507472301531 -6.661151379758712 
0.25497586789069965 -6.663135468925836 
0.25370733123452704 -6.6748829985599585 
0.25244510570599704 -6.6768478783715315 
0.25118915990646473 -6.679942943369907 
0.24993946259349725 -6.681079775811757 
0.24869598268009677 -6.68211703845792 
0.24745868923392714 -6.6856426131830196 
0.2462275514765444 -6.686701159191251 
0.24500253878263126 -6.691372776834622 
0.2437836206792351 -6.693199226488968 
0.24257076684501006 -6.697166728046766 
0.24136394710946274 -6.702568217457313 
0.24016313145220175 -6.70405811071151 
0.2389682900021908 -6.712535667160217 
0.23777939303700577 -6.715330481299339 
0.2365964109820953 -6.725992404275549 
0.23541931441004507 -6.729388780007758 
0.23424807403984585 -6.730797641277831 
0.23308266073616504 -6.732947920038643 
0.23192304550862192 -6.735932437016063 
0.23076919951106661 -6.7368217674641615 
0.22962109404086228 -6.741579002134361 
0.22847870053817143 -6.743322459319539 
0.22734199058524523 -6.7435031780632215 
0.22621093590571664 -6.74431174196468 
0.22508550836389715 -6.744999778909275 
0.2239656799640768 -6.7517341679533835 
0.22285142284982765 -6.7546170097169576 
0.2217427093033111 -6.761017750467799 
0.22063951174458815 -6.761042160516773 
0.2195418027309335 -6.762515535362319 
0.21844955495615273 -6.76492396372291 
0.21736274124990324 -6.767116270756485 
0.21628133457701815 -6.772042519177823 
0.215205308036834 -6.774417302880627 
0.21413463486252138 -6.775595940002087 
0.21306928842041928 -6.777216082386565 
0.21200924220937242 -6.778116246272885 
0.21095446986007207 -6.780664540543923 
0.20990494513440008 -6.786775132137416 
0.2088606419247762 -6.787349833132287 
0.20782153425350866 -6.788492464701679 
0.20678759627214793 -6.789155618619914 
0.20575880226084373 -6.790486854530596 
0.20473512662770518 -6.792736998718941 
0.20371654390816438 -6.796917242307745 
0.20270302876434268 -6.799713916026652 
0.20169455598442057 -6.800135166585238 
0.20069110048201053 -6.80147721625144 
0.19969263729553285 -6.8027269424847425 
0.19869914158759489 -6.803865202498429 
0.19771058864437302 -6.8047958737985486 
0.19672695387499806 -6.806205440385037 
0.19574821281094335 -6.8097642112025305 
0.19477434110541625 -6.810247155915761 
0.1938053145327525 -6.812169379401447 
0.19284110898781343 -6.819521651680902 
0.1918817004853865 -6.822539055270201 
0.19092706515958857 -6.824731656778484 
0.1899771792632722 -6.82883549269018 
0.18903201916743503 -6.831756640934556 
0.18809156136063188 -6.834681412308587 
0.18715578244838993 -6.838008423820992 
0.18622465915262681 -6.8458029246526 
0.18529816831107146 -6.8489214331119905 
0.18437628687668803 -6.850933866957132 
0.18345899191710252 -6.853272998828632 
0.18254626061403237 -6.856987820759042 
0.18163807026271878 -6.85748284998001 
0.18073439827136195 -6.865589038432908 
0.17983522216055917 -6.866098076106532 
0.17894051956274545 -6.866863259600367 
0.17805026822163728 -6.869542510064144 
0.17716444599167888 -6.871451760649647 
0.17628303083749142 -6.876554491452943 
0.1754060008333248 -6.881983132016176 
0.17453333416251224 -6.883684951174215 
0.17366500911692762 -6.885731359893665 
0.1728010040964454 -6.886483941907457 
0.17194129760840338 -6.890565682663841 
0.17108586826706804 -6.893096775740928 
0.17023469479310252 -6.898776743487888 
0.16938775601303735 -6.901342280349757 
0.16854503085874364 -6.903780911966308 
0.1677064983669091 -6.908735868072425 
0.16687213767851652 -6.910157785645671 
0.1660419280383249 -6.9104296539069106 
0.16521584879435314 -6.919801501204841 
0.1643938793973663 -6.92181656373486 
0.1635759994003645 -6.929652967766391 
0.1627621884580741 -6.934436760349112 
0.1619524263264419 -6.937202468440046 
0.16114669286213126 -6.938981930668838 
0.16034496802202117 -6.945232602077926 
0.1595472318627076 -6.945944643234681 
0.15875346454000758 -6.951225645555705 
0.15796364630846527 -6.952304512902457 
0.15717775752086097 -6.955026703385107 
0.15639577862772236 -6.9653667988076915 
0.15561769017683816 -6.9669129058323245 
0.1548434728127743 -6.969794236991126 
0.15407310727639234 -6.970376320613506 
0.15330657440437048 -6.9708325271038545 
0.15254385512872687 -6.975199074150566 
0.15178493047634514 -6.978634197395268 
0.15102978156850264 -6.982897140881044 
0.15027838962040063 -6.986986503862924 
0.14953073594069716 -6.990469215748437 
0.14878680193104193 -6.991000451849769 
0.14804656908561387 -6.991910116604996 
0.14731001899066057 -6.992361634030864 
0.14657713332404038 -6.996186633924722 
0.14584789385476654 -6.997775684910326 
0.1451222824425538 -7.003803163547742 
0.14440028103736696 -7.01194959261839 
0.1436818716789721 -7.01265696264362 
0.14296703649648965 -7.017485429050144 
0.1422557577079499 -7.022054145779914 
0.14154801761985064 -7.028316113522915 
0.14084379862671706 -7.031519421152576 
0.14014308321066377 -7.031742664467553 
0.13944585394095896 -7.034123203808485 
0.13875209347359102 -7.03520601844055 
0.13806178455083684 -7.037688677580284 
0.13737491000083266 -7.042677821743973 
0.13669145273714695 -7.044937352909344 
0.13601139575835516 -7.046755046830287 
0.13533472214761708 -7.048473582773468 
0.13466141507225582 -7.048747797753146 
0.13399145778333912 -7.052189552910217 
0.13332483361526282 -7.054278841150723 
0.13266152598533612 -7.058290477690446 
0.1320015183933693 -7.061826836404133 
0.13134479442126298 -7.06894407547297 
0.13069133773259997 -7.069886495740921 
0.13004113207223877 -7.075512319290056 
0.12939416126590925 -7.076753276431408 
0.12875040921981018 -7.078574442772201 
0.12810985992020915 -7.080440932739695 
0.12747249743304392 -7.08056676459757 
0.1268383059035263 -7.081759372851056 
0.12620726955574757 -7.082267351698713 
0.12557937269228614 -7.082447233919057 
0.12495459969381706 -7.083076382474664 
0.12433293501872344 -7.086324415766248 
0.1237143632027099 -7.086605377364451 
0.12309886885841781 -7.086906881986667 
0.1224864366750426 -7.089092961551676 
0.12187705141795284 -7.091763491584529 
0.12127069792831129 -7.09306433430364 
0.1206673611226978 -7.094580049724152 
0.12006702599273412 -7.100445686181713 
0.11946967760471058 -7.105562874066036 
0.11887530109921451 -7.106663160336428 
0.1182838816907607 -7.107384291654297 
0.11769540466742359 -7.10800900721003 
0.11710985539047124 -7.108090980479194 
0.11652721929400124 -7.109133798554799 
0.11594748188457835 -7.109402544714277 
0.11537062874087398 -7.114059411562886 
0.11479664551330744 -7.115904259309361 
0.114225517923689 -7.119750415307282 
0.11365723176486468 -7.124111064606731 
0.11309177290036287 -7.128937931231318 
0.11252912726404266 -7.131663103611928 
0.11196928085974395 -7.135337746366511 
0.11141221976093925 -7.136974043665614 
0.11085793011038732 -7.13740345659386 
0.11030639811978837 -7.1384524376510425 
0.10975761006944118 -7.13910599063422 
0.10921155230790167 -7.139880450251604 
0.10866821125164346 -7.140010685737274 
0.10812757338471986 -7.141058129333072 
0.10758962525842772 -7.141371248713658 
0.10705435349097286 -7.155200548909352 
0.10652174476713717 -7.15801704481207 
0.10599178583794744 -7.162926229915554 
0.10546446352034572 -7.1658218474820226 
0.1049397646968614 -7.170298300959347 
0.104417676315285 -7.171799423757806 
0.10389818538834328 -7.172413168112441 
0.10338127899337639 -7.176263550605672 
0.10286694427201631 -7.178605067836332 
0.10235516842986699 -7.1874949611594685 
0.10184593873618605 -7.188614415959573 
0.10133924252356821 -7.18905873168069 
0.10083506718763006 -7.1998430443099295 
0.10033340018669659 -7.200417266960293 
0.09983422904148914 -7.204971152845374 
0.09933754133481507 -7.206663919166043 
0.09884332471125878 -7.208076656098268 
0.09835156687687441 -7.209043396597568 
0.09786225559888001 -7.209379817578925 
0.09737537870535325 -7.211701671820862 
0.09689092408492861 -7.213770624082289 
0.09640887968649613 -7.213900342874618 
0.09592923351890162 -7.216228410063317 
0.09545197365064838 -7.216980994292018 
0.09497708820960038 -7.2185324413535845 
0.09450456538268695 -7.219427502828425 
0.0940343934156089 -7.222556338044294 
0.09356656061254617 -7.222668719295899 
0.09310105533586685 -7.223181269007108 
0.09263786600583766 -7.224911748007561 
0.09217698110033598 -7.227159790567953 
0.09171838915456317 -7.227675109754979 
0.09126207876075937 -7.22771503094767 
0.09080803856791977 -7.228035637302652 
0.09035625728151221 -7.230725841164232 
0.08990672366319624 -7.230909194586337 
0.08945942653054352 -7.237227691944573 
0.08901435475675973 -7.241566472683553 
0.0885714972704077 -7.241663160444948 
0.08813084305513204 -7.244916654764111 
0.0876923811493851 -7.2485333642544205 
0.08725610064615434 -7.252205962894039 
0.08682199069269089 -7.2532723728792545 
0.08639004049023968 -7.253680058549509 
0.08596023929377083 -7.259141815186474 
0.08553257641171227 -7.263274382295286 
0.08510704120568387 -7.270312108459474 
0.0846836230902327 -7.274242026364993 
0.08426231153256986 -7.275119656111809 
0.08384309605230832 -7.275736434981847 
0.0834259662212023 -7.276689617217853 
0.08301091166288786 -7.277053446724239 
0.08259792205262474 -7.277922632873679 
0.08218698711703955 -7.284204266662868 
