N_walkers = 20
N_cull = 6
N_steps_per_walker = 2000
eps = 0.001
0.5102040816326531 -4.434063509552484 
2 9.293295297
0.3644314868804665 -4.819941507003083 
3 9.050135988
0.2603082049146189 -5.11493636990837 
4 9.771375184
0.18593443208187066 -5.289829982213128 
5 10.128424816
0.13281030862990761 -5.569790877979335 
6 10.946615784
0.09486450616421974 -5.757344293383889 
7 11.817804061
0.06776036154587124 -6.031604868272537 
8 11.44799342
0.04840025824705089 -6.103158042339827 
9 11.567580525
0.03457161303360778 -6.276179137321738 
10 11.537667495
0.024694009309719843 -6.402765514871353 
11 11.199023679
0.017638578078371315 -6.534131439984028 
12 11.682248389
0.012598984341693797 -6.663794369826614 
13 45.203057732
0.008999274529781285 -6.781407597765751 
14 10.593176412
0.0064280532355580604 -6.969342805468882 
15 11.886502862
0.0045914665968271855 -7.079291289391794 
16 11.417838191
0.0032796189977337045 -7.24565521864319 
17 11.534156098
0.0023425849983812175 -7.299345764983041 
18 11.364384536
0.0016732749988437267 -7.510067588824025 
19 11.52827922
0.001195196427745519 -7.640102612117917 
20 12.277959649
0.0008537117341039423 -7.796123749715808 
21 11.969079746
0.0006097940957885302 -7.881784592577155 
22 11.871424613
0.00043556721127752156 -7.940602479703792 
23 11.801015962
0.0003111194366268011 -7.9949259797345 
24 11.24963009
0.00022222816901914367 -8.125345094903782 
25 26.504018442
0.00015873440644224548 -8.235902996025953 
26 11.266982304
0.00011338171888731821 -8.39047780855723 
27 11.54533023
8.098694206237014e-5 -8.539004238490474 
28 11.404172171
5.7847815758835824e-5 -8.646123875939448 
29 12.204498732
4.131986839916845e-5 -8.789443153243209 
30 11.794623372
2.9514191713691748e-5 -8.951818845984576 
31 11.752352288
2.108156550977982e-5 -9.058256922270607 
32 12.477879206
1.5058261078414158e-5 -9.132230655330307 
33 11.277291306
1.0755900770295826e-5 -9.297478204039155 
34 12.421749056
7.682786264497019e-6 -9.357546234987549 
35 12.888382973
5.487704474640728e-6 -9.44736467371049 
36 11.69321068
3.919788910457663e-6 -9.603059997374698 
37 32.236371414
2.7998492217554738e-6 -9.724640239809549 
38 10.987326261
1.99989230125391e-6 -9.906685591733293 
39 11.424951254
1.4284945008956498e-6 -10.148210069897472 
40 11.268013341
1.0203532149254643e-6 -10.350202938812082 
41 11.543485423
7.288237249467602e-7 -10.404596451759414 
42 11.101502503
5.205883749619716e-7 -10.557581942580276 
43 11.730594378
3.7184883925855115e-7 -10.6908508615358 
44 12.143094285
2.6560631375610796e-7 -10.827751173017923 
45 11.995491305
1.897187955400771e-7 -10.936378246583326 
46 12.122392313
1.3551342538576936e-7 -11.04073129861296 
47 12.307800152
9.679530384697813e-8 -11.13075829650045 
48 12.314326598
6.913950274784151e-8 -11.181396397429683 
49 26.642092646
4.938535910560109e-8 -11.24418413021171 
50 11.903633283
3.5275256504000775e-8 -11.464570513223034 
51 11.554697708
2.5196611788571983e-8 -11.556333108896702 
52 11.845618068
1.799757984897999e-8 -11.58507727402738 
53 11.219810785
1.285541417784285e-8 -11.749865140742209 
54 10.613095068
9.18243869845918e-9 -11.806983405827784 
55 11.305352134
6.558884784613699e-9 -11.894846667630233 
56 11.192326901
4.6849177032955e-9 -12.001087227825096 
57 11.592836325
3.346369788068214e-9 -12.058826486379017 
58 11.265294592
2.3902641343344388e-9 -12.091807396294008 
59 11.648138518
1.707331524524599e-9 -12.18286172243916 
60 11.459118233
1.2195225175175708e-9 -12.319457425870983 
61 15.381111614
8.710875125125506e-10 -12.436747797362923 
62 11.286629766
6.222053660803933e-10 -12.496349791681542 
63 11.878746022
4.4443240434313804e-10 -12.646058608023349 
64 11.239632198
3.174517173879558e-10 -12.791288489964387 
65 11.869165004
2.2675122670568268e-10 -12.85688546395074 
66 11.275927188
1.619651619326305e-10 -12.968273288434023 
67 11.795654159
1.1568940138045036e-10 -13.064001792516557 
68 11.563738505
8.263528670032169e-11 -13.164187624424724 
69 11.98856886
5.902520478594407e-11 -13.257104936046431 
70 12.271206678
4.2160860561388617e-11 -13.361709223506143 
71 11.469910194
3.011490040099187e-11 -13.437342670203911 
72 11.231697531
2.1510643143565624e-11 -13.640431588812923 
73 25.159067117
1.5364745102546875e-11 -13.728131505575242 
74 10.98256336
1.0974817930390625e-11 -13.870021280756166 
75 11.384347661
7.839155664564732e-12 -13.949627474932658 
76 11.67104686
5.599396903260523e-12 -14.053015038108413 
77 11.78409955
3.999569216614659e-12 -14.080456460781377 
78 11.622987142
2.8568351547247565e-12 -14.145644642984223 
79 10.895148015
2.0405965390891117e-12 -14.240337052791517 
80 11.554074
1.4575689564922228e-12 -14.28950474478411 
81 11.756005321
1.0411206832087307e-12 -14.438885949443957 
82 10.963690275
7.43657630863379e-13 -14.488149545108236 
83 11.042870048
5.311840220452707e-13 -14.637413784554859 
84 10.926811005
3.7941715860376484e-13 -14.71004316839604 
85 14.432966042
2.710122561455463e-13 -14.78977976967014 
86 11.239647553
1.935801829611045e-13 -14.953550607783729 
87 11.580074604
1.382715592579318e-13 -15.04143985328745 
88 11.123500923
9.876539946995128e-14 -15.162958210261362 
89 11.306300935
7.054671390710807e-14 -15.249638050623897 
90 10.765284558
5.0390509933648616e-14 -15.328859160995837 
91 11.89330528
3.5993221381177584e-14 -15.428071083153878 
92 11.1569396
2.5709443843698275e-14 -15.584530520818127 
93 11.303017109
1.8363888459784484e-14 -15.634728581491299 
94 11.790224767
1.3117063185560345e-14 -15.700069641698427 
95 11.511758554
9.369330846828818e-15 -15.93122568802822 
96 11.879746731
6.692379176306299e-15 -15.994159955508227 
97 15.710897786
4.780270840218785e-15 -16.067399963508517 
98 11.656452082
3.4144791715848464e-15 -16.218032422623327 
99 11.942373072
2.4389136939891763e-15 -16.33974094220836 
100 11.432930423
1.7420812099922686e-15 -16.50078125469445 
101 11.615164402
1.2443437214230492e-15 -16.66038611030781 
102 11.607958142
8.888169438736065e-16 -16.806519790059873 
103 10.869447427
6.348692456240047e-16 -16.96371632121193 
104 11.987469778
4.534780325885748e-16 -17.106935549679264 
105 11.961339173
3.2391288042041055e-16 -17.23647655130349 
106 11.700526401
2.313663431574361e-16 -17.339362479474914 
107 12.068718447
1.6526167368388295e-16 -17.39722592538436 
108 11.816027775
1.1804405263134497e-16 -17.533712154536552 
109 16.965188949
8.431718045096069e-17 -17.7015950438777 
110 11.23917256
6.022655746497192e-17 -17.819712621997297 
111 11.849012562
4.301896961783709e-17 -17.931419472421503 
112 10.643598765
3.072783544131221e-17 -18.037970022823817 
113 11.047995882
2.1948453886651576e-17 -18.121663955154556 
114 11.52841735
1.5677467061893983e-17 -18.199266620545952 
115 12.124359538
1.1198190758495703e-17 -18.282797048271533 
116 11.527992368
7.998707684639789e-18 -18.38587829493604 
117 11.380900191
5.713362631885563e-18 -18.54415985424029 
118 11.506969599
4.080973308489688e-18 -18.64097525749576 
119 11.032318956
2.9149809346354915e-18 -18.70323769459506 
120 11.614421553
2.082129239025351e-18 -18.829376340979394 
121 14.728426274
1.4872351707323937e-18 -18.933896395922197 
122 11.534405492
1.0623108362374241e-18 -19.00719269303501 
123 11.813300339
7.587934544553029e-19 -19.171080991677464 
124 11.143216569
5.419953246109307e-19 -19.28464290713076 
125 11.389390963
3.871395175792362e-19 -19.389638588293785 
126 11.857921648
2.765282268423116e-19 -19.567721711550167 
127 11.613542025
1.9752016203022256e-19 -19.768112042729673 
128 11.399693564
1.4108583002158756e-19 -19.9415216793238 
129 11.442658241
1.0077559287256254e-19 -20.000162390277097 
130 11.469427249
7.198256633754467e-20 -20.094092701785765 
131 11.415938645
5.141611881253191e-20 -20.17453688288324 
132 11.895208839
3.6725799151808506e-20 -20.288011586411617 
133 13.699790402
2.623271367986322e-20 -20.341502446891557 
134 11.446755521
1.873765262847373e-20 -20.438496299749872 
135 12.364724637
1.3384037591766949e-20 -20.49523775299336 
136 11.110831737
9.560026851262107e-21 -20.531849837088792 
137 11.694796344
6.828590608044363e-21 -20.64870241763018 
138 12.050157946
4.877564720031687e-21 -20.79018034354013 
139 11.237921784
3.483974800022634e-21 -20.843324848604574 
140 11.634448836
2.4885534285875956e-21 -20.93463327200095 
141 11.862066189
1.7775381632768542e-21 -21.040890082076388 
142 11.53862553
1.2696701166263243e-21 -21.147230715758116 
143 11.125773246
9.069072261616604e-22 -21.21642079511843 
144 12.219357746
6.477908758297574e-22 -21.288010259151964 
145 18.617563289
4.627077684498267e-22 -21.368368129661413 
146 12.091550563
3.3050554889273337e-22 -21.610828454157097 
147 11.429365176
2.3607539206623813e-22 -21.669538781448257 
148 11.487938213
1.6862528004731296e-22 -21.740042928304604 
149 11.636907281
1.2044662860522354e-22 -21.805749127329076 
150 11.465805153
8.603330614658825e-23 -21.901511535691334 
151 12.135493336
6.145236153327732e-23 -22.047877519578684 
152 11.579610117
4.3894543952340945e-23 -22.21988017940789 
153 12.13011537
3.135324568024353e-23 -22.2940768817563 
154 11.851422189
2.239517548588824e-23 -22.524285474084973 
155 12.599017404
1.5996553918491598e-23 -22.609541135993258 
156 12.150210707
1.1426109941779714e-23 -22.680644640039606 
157 24.687317908
8.161507101271224e-24 -22.839216136827112 
158 11.540444168
5.829647929479446e-24 -23.028802703980624 
159 11.871637228
4.164034235342462e-24 -23.147332677043327 
160 11.582568252
2.974310168101758e-24 -23.19169938293469 
161 12.003509167
2.1245072629298275e-24 -23.386093035105187 
162 11.307771835
1.5175051878070196e-24 -23.512162930913746 
163 12.066210172
1.083932277005014e-24 -23.732976080499892 
164 12.144124645
7.742373407178672e-25 -23.858359278044446 
165 11.851100889
5.530266719413337e-25 -23.903265567136827 
166 11.554141871
3.9501905138666694e-25 -23.990120465086637 
167 11.800477105
2.821564652761907e-25 -24.230000377583043 
168 12.368716053
2.015403323401362e-25 -24.36116129622166 
169 20.829621812
1.4395738024295443e-25 -24.45818611515019 
170 11.854241694
1.0282670017353888e-25 -24.50213346698859 
171 11.705859887
7.344764298109921e-26 -24.58019623706343 
172 11.377803449
5.246260212935658e-26 -24.626718629754752 
173 10.870680978
3.7473287235254696e-26 -24.731752317917245 
174 11.740084866
2.676663373946764e-26 -24.823281335793972 
175 11.422105897
1.9119024099619745e-26 -25.012178548174095 
176 11.513581385
1.3656445785442676e-26 -25.103510520815824 
177 11.91983609
9.754604132459054e-27 -25.254378126622807 
178 10.613663626
6.967574380327896e-27 -25.330787838720063 
179 11.763301862
4.9768388430913544e-27 -25.445805312308572 
180 11.905695245
3.554884887922396e-27 -25.578961374279 
181 22.458882065
2.53920349137314e-27 -25.700912462006308 
182 10.979827515
1.813716779552243e-27 -25.87870974428159 
183 11.038805505
1.2955119853944593e-27 -26.02472681272565 
184 10.274022553
9.253657038531853e-28 -26.142505445214315 
185 10.765567366
6.609755027522752e-28 -26.275158828024487 
186 11.484108375
4.72125359108768e-28 -26.398140488597107 
187 9.933053605
3.372323993634057e-28 -26.551195757727015 
188 11.052765033
2.408802852595755e-28 -26.713337628191933 
189 10.753428931
1.720573466139825e-28 -26.80846304077929 
190 11.237202277
1.2289810472427323e-28 -26.889407342943525 
191 11.161052812
8.778436051733802e-29 -26.95623415306558 
192 10.701384201
6.270311465524144e-29 -27.098370511548975 
193 17.895103117
4.4787939039458174e-29 -27.207125894237826 
194 10.221563223
3.199138502818441e-29 -27.23545970809324 
195 10.980097581
2.285098930584601e-29 -27.302561310937058 
196 10.651705953
1.6322135218461435e-29 -27.423292740705897 
197 10.298633668
1.165866801318674e-29 -27.496095640054655 
198 10.666246747
8.3276200094191e-30 -27.61024248092659 
199 10.845118845
5.948300006727929e-30 -27.67695625696225 
200 10.949171557
4.248785719091378e-30 -27.71964187036389 
201 11.115744878
3.034846942208127e-30 -27.853565548419645 
202 10.294918745
2.167747815862948e-30 -27.93598891442117 
203 10.111415764
1.5483912970449628e-30 -27.981959756531236 
204 10.741867094
1.105993783603545e-30 -28.20264717076835 
205 11.299973171
7.899955597168178e-31 -28.24647078788564 
206 10.172773123
5.6428254265486984e-31 -28.349511313286804 
207 10.061065827
4.030589590391928e-31 -28.460441844034808 
208 10.289335596
2.8789925645656627e-31 -28.581795681921633 
209 10.48685145
2.056423260404045e-31 -28.78539607796032 
210 9.916264872
1.4688737574314606e-31 -28.93622961885491 
211 10.18516745
1.049195541022472e-31 -29.046879289644373 
212 10.135685694
7.494253864446229e-32 -29.14671931938299 
213 10.487320389
5.353038474604449e-32 -29.294729484657644 
214 9.968037439
3.823598910431749e-32 -29.546057717940926 
215 10.595365027
2.7311420788798207e-32 -29.70747499535366 
216 9.726147636
1.9508157706284437e-32 -29.94993459348828 
217 11.766417272
1.393439836163174e-32 -30.13987898510386 
218 9.853333987
9.953141686879815e-33 -30.403138847720587 
219 10.554688967
7.109386919199868e-33 -30.459486664450164 
220 10.492863367
5.0781335137141915e-33 -30.651448605887037 
221 10.350113051
3.627238224081565e-33 -30.77627161227918 
222 10.435454083
2.5908844457725467e-33 -30.979298203982875 
223 10.348062724
1.8506317469803905e-33 -31.151285195794554 
224 10.840690215
1.3218798192717076e-33 -31.299320696083768 
225 10.647328954
9.441998709083625e-34 -31.42091202285021 
226 10.643076415
6.74428479220259e-34 -31.5780304189093 
227 10.54503658
4.817346280144707e-34 -31.65249751105997 
228 11.163504656
3.440961628674791e-34 -31.74346286857206 
229 18.864287616
2.4578297347677078e-34 -31.804533385905213 
230 10.983960249
1.75559266769122e-34 -31.874961623231705 
231 10.974192435
1.2539947626365856e-34 -31.972387093917632 
232 10.736513739
8.957105447404184e-35 -31.998613301841647 
233 10.62035658
6.39793246243156e-35 -32.16030753068665 
234 10.220245513
4.569951758879686e-35 -32.24971216055611 
235 10.967693524
3.264251256342633e-35 -32.38488033606349 
236 11.111996498
2.3316080402447378e-35 -32.495321297751765 
237 10.943153342
1.665434314460527e-35 -32.531602808717615 
238 10.434922417
1.1895959389003765e-35 -32.63461046856504 
239 11.18562076
8.497113849288404e-36 -32.82996297530756 
240 10.915932647
6.069367035206003e-36 -32.91073706413591 
241 12.826242588
4.3352621680042877e-36 -33.00505808116623 
242 11.369964215
3.096615834288777e-36 -33.11945199771833 
243 9.807356895
2.2118684530634123e-36 -33.22290796659738 
244 10.393341543
1.5799060379024372e-36 -33.33264032234048 
245 11.405895386
1.1285043127874553e-36 -33.46188266900146 
246 10.320644805
8.060745091338966e-37 -33.649716601061264 
247 10.509732484
5.757675065242119e-37 -33.70584771953869 
248 11.561555128
4.112625046601513e-37 -33.84316174205083 
249 11.074988667
2.937589319001081e-37 -33.95945082484228 
250 11.339862481
2.0982780850007724e-37 -34.075273290797035 
251 11.602033279
1.4987700607148375e-37 -34.141905005318606 
252 10.971155758
1.070550043367741e-37 -34.30080175641375 
253 16.363351335
7.646786024055293e-38 -34.389005135211285 
254 11.701365678
5.461990017182353e-38 -34.4675522097039 
255 10.691261969
3.9014214408445374e-38 -34.669087906010965 
256 10.843136824
2.786729600603241e-38 -34.76685699336521 
257 11.147592608
1.9905211432880294e-38 -34.86052426428964 
258 11.609880214
1.4218008166343068e-38 -34.98142909754666 
259 11.209827884
1.0155720118816477e-38 -35.17982892892013 
260 11.219812678
7.254085799154627e-39 -35.316688344573606 
261 10.803579819
5.181489856539019e-39 -35.38385164523658 
262 10.971197645
3.7010641832421566e-39 -35.535748108783615 
263 11.738545433
2.6436172737443978e-39 -35.724644692865695 
264 10.998565677
1.8882980526745698e-39 -35.917411817835685 
265 13.141416363
1.3487843233389785e-39 -35.9622758749795 
266 10.702320117
9.63417373813556e-40 -36.09207209126895 
267 10.904652205
6.8815526700968296e-40 -36.163611833649405 
268 10.338783497
4.915394764354878e-40 -36.263475610958785 
269 11.204939281
3.5109962602534845e-40 -36.40218383519012 
270 11.448713314
2.507854471609632e-40 -36.63485504279326 
271 11.243903715
1.7913246225783085e-40 -36.69157033505602 
272 11.521946678
1.2795175875559347e-40 -36.78930858717814 
273 10.633791584
9.139411339685248e-41 -36.88759921279552 
274 11.153422144
6.528150956918035e-41 -37.030962429584974 
275 11.281539105
4.662964969227168e-41 -37.10421630019209 
276 11.627786263
3.330689263733691e-41 -37.1661996125713 
277 12.974290405
2.379063759809779e-41 -37.2844698252325 
278 10.960110859
1.6993312570069854e-41 -37.380500038597226 
279 11.187898727
1.2138080407192754e-41 -37.43350530306739 
280 10.954288735
8.670057433709109e-42 -37.516603517461355 
281 11.791474
6.192898166935079e-42 -37.56025173640783 
282 11.234770777
4.423498690667913e-42 -37.6671478558325 
283 10.9925626
3.159641921905652e-42 -37.763683054663154 
284 11.24635219
2.256887087075466e-42 -37.8160755685249 
285 10.797150054
1.6120622050539043e-42 -38.03753369406243 
286 11.360606278
1.1514730036099317e-42 -38.15403691443374 
287 11.661108589
8.22480716864237e-43 -38.255026875661436 
288 10.985006786
5.874862263315978e-43 -38.319838772740084 
289 15.06770443
4.196330188082841e-43 -38.39038012285963 
290 10.7955496
2.997378705773458e-43 -38.4310427234029 
291 11.531359147
2.1409847898381848e-43 -38.515240470795916 
292 11.370778114
1.5292748498844177e-43 -38.58674716138523 
293 11.491038026
1.0923391784888697e-43 -38.71480064063893 
294 10.612946454
7.802422703491927e-44 -38.72700333285325 
295 11.635540527
5.573159073922805e-44 -38.808139559019665 
296 10.790236194
3.9808279099448608e-44 -38.84073243749968 
297 11.574928967
2.843448507103472e-44 -38.95608044862953 
298 11.168199905
2.0310346479310515e-44 -39.046042856034255 
299 11.524236551
1.4507390342364654e-44 -39.09519684048273 
300 11.925362776
1.036242167311761e-44 -39.28173121666668 
301 13.519531236
7.401729766512579e-45 -39.34170009942711 
302 11.193227121
5.286949833223271e-45 -39.51423545414034 
303 10.846495684
3.776392738016622e-45 -39.5961959227374 
304 10.197659796
2.6974233842975872e-45 -39.70700175229801 
305 11.411586484
1.926730988783991e-45 -39.81005580012569 
306 11.496562394
1.3762364205599935e-45 -39.86124094687566 
307 11.092898294
9.830260146857097e-46 -39.894515098800476 
308 11.454731409
7.021614390612212e-46 -39.99043563533662 
309 10.851379292
5.015438850437295e-46 -40.110345764945116 
310 11.540812394
3.582456321740925e-46 -40.184893542369984 
311 12.390717963
2.5588973726720892e-46 -40.26826724823194 
312 11.619079356
1.8277838376229208e-46 -40.330916122530745 
313 26.623012902
1.305559884016372e-46 -40.40931407183611 
314 10.701538347
9.325427742974087e-47 -40.52979163433892 
315 10.338243131
6.661019816410062e-47 -40.588451826133266 
316 10.499959314
4.757871297435759e-47 -40.659927472450114 
317 10.527608581
3.3984794981683993e-47 -40.73965937207971 
318 11.194532521
2.427485355834571e-47 -40.8262716770497 
319 10.214810858
1.733918111310408e-47 -40.88540548978786 
320 10.442693679
1.2385129366502912e-47 -40.91345921425902 
321 10.450174932
8.84652097607351e-48 -41.10354332587511 
322 10.083585495
6.318943554338222e-48 -41.28049896100275 
323 10.605615275
4.513531110241587e-48 -41.406124039438275 
324 10.69875009
3.223950793029705e-48 -41.46993455070173 
325 12.871142402
2.3028219950212178e-48 -41.53661085701352 
326 10.48240611
1.644872853586584e-48 -41.59812137404751 
327 11.384993881
1.1749091811332745e-48 -41.730020488532126 
328 10.460342722
8.392208436666246e-49 -41.7592827049094 
329 10.454984562
5.994434597618747e-49 -41.85665597269633 
330 10.53968464
4.2817389982991055e-49 -41.960909395989596 
331 10.260194754
3.0583849987850752e-49 -42.0103257379881 
332 10.820169282
2.184560713417911e-49 -42.27163776340548 
333 10.3229461
1.5604005095842223e-49 -42.33250475168427 
334 10.246051473
1.1145717925601588e-49 -42.36597127645947 
335 10.706298499
7.96122708971542e-50 -42.471390180818055 
336 10.638368911
5.686590778368157e-50 -42.56348535134457 
337 12.504089624
4.061850555977255e-50 -42.66464642829126 
338 10.688497353
2.9013218256980393e-50 -42.744581111390616 
339 9.885038138
2.0723727326414567e-50 -42.855739553792496 
340 9.988284596
1.4802662376010405e-50 -42.91351152656519 
341 10.674263444
1.0573330268578861e-50 -43.032188224545145 
342 10.488420246
7.552378763270615e-51 -43.12135787115861 
343 10.660775028
5.394556259479011e-51 -43.194055595652564 
344 10.379419348
3.8532544710564366e-51 -43.27491064471624 
345 10.181359638
2.752324622183169e-51 -43.388409860402426 
346 10.810608234
1.9659461587022637e-51 -43.477582751450804 
347 10.600210571
1.4042472562159028e-51 -43.54221969156045 
348 10.775175363
1.0030337544399306e-51 -43.65704788940623 
349 14.869274392
7.164526817428075e-52 -43.738419144029486 
350 11.601270269
5.117519155305768e-52 -43.834080064082464 
351 11.292287765
3.655370825218406e-52 -43.90858597273314 
352 10.75152784
2.61097916087029e-52 -43.94786729538159 
353 10.728033202
1.86498511490735e-52 -43.96904317677037 
354 10.678690569
1.3321322249338214e-52 -44.053541517548354 
355 10.585045386
9.515230178098725e-53 -44.08886157461818 
356 11.314143139
6.796592984356232e-53 -44.20232862908329 
357 10.47034002
4.854709274540166e-53 -44.2898156643944 
358 10.220011066
3.4676494818144046e-53 -44.38168248397884 
359 11.241447091
2.476892487010289e-53 -44.5109151432581 
360 10.47039052
1.7692089192930635e-53 -44.561256509997136 
361 11.960470147
1.2637206566379025e-53 -44.64433985475259 
362 10.949758938
9.026576118842161e-54 -44.741901054739195 
363 10.166383456
6.447554370601544e-54 -44.84943500046452 
364 10.499937525
4.605395979001103e-54 -44.89568668135758 
365 10.72887727
3.2895685564293594e-54 -44.93248425889701 
366 11.407119442
2.349691826020971e-54 -45.060067017178255 
367 10.391398534
1.6783513043006936e-54 -45.1403629433734 
368 10.92948172
1.1988223602147811e-54 -45.26345487402176 
369 10.94250578
8.563016858677008e-55 -45.32777877772049 
370 10.631326285
6.116440613340721e-55 -45.434550642717944 
371 10.560092223
4.368886152386229e-55 -45.53014244162066 
372 10.960896177
3.120632965990164e-55 -45.633195640568516 
373 12.672080055
2.2290235471358313e-55 -45.685315301656935 
374 11.865184007
1.5921596765255938e-55 -45.71740670519013 
375 10.711402235
1.1372569118039956e-55 -45.79504193905471 
376 11.154531286
8.123263655742826e-56 -45.84999820719884 
377 11.096295522
5.8023311826734475e-56 -45.94034134130467 
378 10.620872683
4.144522273338176e-56 -46.05218766054453 
379 11.147611294
2.960373052384412e-56 -46.16026436169211 
380 11.139001269
2.11455218027458e-56 -46.284639408749 
381 10.464297255
1.5103944144818428e-56 -46.45617785966001 
382 10.365417755
1.0788531532013164e-56 -46.56129148752846 
383 10.837735022
7.706093951437974e-57 -46.65795135727208 
384 10.959121622
5.504352822455696e-57 -46.751094401846316 
385 18.588724652
3.9316805874683546e-57 -46.784845831219506 
386 10.849564241
2.80834327676311e-57 -46.852100576859236 
387 11.126729146
2.0059594834022217e-57 -46.90440858593396 
388 11.730005932
1.4328282024301584e-57 -46.96632320449861 
389 10.927549233
1.0234487160215418e-57 -47.09563280824853 
390 11.848938882
7.310347971582441e-58 -47.15244187063482 
391 10.84449379
5.221677122558887e-58 -47.22309439746237 
392 10.796630853
3.729769373256348e-58 -47.30386015960343 
393 10.355387601
2.664120980897391e-58 -47.39411997168584 
394 10.681086037
1.902943557783851e-58 -47.49526691852002 
395 11.164768016
1.3592453984170364e-58 -47.560767501910455 
396 11.314450124
9.708895702978833e-59 -47.63942473103799 
397 12.773796391
6.934925502127738e-59 -47.73350871503772 
398 11.047173891
4.953518215805527e-59 -47.89689427567395 
399 11.265138619
3.538227297003948e-59 -47.98734527764637 
400 11.175762435
2.527305212145677e-59 -48.08430878146407 
401 11.218240098
1.8052180086754836e-59 -48.18302640896334 
402 10.94869052
1.2894414347682026e-59 -48.23843136325778 
403 10.681854466
9.210295962630019e-60 -48.34549848218543 
404 10.730050131
6.578782830450013e-60 -48.511866623517285 
405 10.826874142
4.6991305931785815e-60 -48.62381254709473 
406 11.315530345
3.3565218522704154e-60 -48.839215701379096 
407 10.863346688
2.3975156087645823e-60 -48.96261600827138 
408 11.31427183
1.7125111491175587e-60 -49.00856744250493 
409 14.786408776
1.2232222493696849e-60 -49.055347553438494 
410 10.931091017
8.737301781212036e-61 -49.15859458518246 
411 10.663416002
6.240929843722883e-61 -49.318550163867954 
412 10.878113728
4.45780703123063e-61 -49.45353450911746 
413 10.884418044
3.1841478794504504e-61 -49.62750043923873 
414 10.05831878
2.2743913424646074e-61 -49.65226346012248 
415 10.401221722
1.624565244617577e-61 -49.722131120730495 
416 10.472410022
1.160403746155412e-61 -49.821562226312196 
417 11.480141068
8.288598186824371e-62 -49.947391601885954 
418 11.019341147
5.920427276303123e-62 -50.02363947575682 
419 11.632206772
4.2288766259308025e-62 -50.13178406123957 
420 10.902547982
3.0206261613791443e-62 -50.30714322727644 
421 12.816614438
2.1575901152708176e-62 -50.40424424441414 
422 10.604630635
1.5411357966220127e-62 -50.446207847934616 
423 11.190676089
1.1008112833014376e-62 -50.53106163251563 
424 11.771905427
7.862937737867412e-63 -50.57591585263114 
425 10.737038553
5.616384098476723e-63 -50.667007206060255 
426 11.406879914
4.011702927483373e-63 -50.759412423762235 
427 10.576365634
2.8655020910595526e-63 -50.92108978632355 
428 11.204073445
2.0467872078996802e-63 -51.106353516149085 
429 11.063265016
1.461990862785486e-63 -51.17993334697156 
430 10.921577161
1.0442791877039187e-63 -51.25529161845829 
431 10.595732054
7.45913705502799e-64 -51.33371967019485 
432 11.378167899
5.3279550393057075e-64 -51.427673177787455 
433 13.098248502
3.805682170932648e-64 -51.54064998346786 
434 10.684857754
2.7183444078090344e-64 -51.652044811530125 
435 10.699994114
1.9416745770064533e-64 -51.788354714629264 
436 10.95692106
1.3869104121474666e-64 -51.8705582754201 
437 10.310649594
9.906502943910476e-65 -52.0437327280231 
438 11.468168773
7.076073531364626e-65 -52.081699453426836 
439 10.734343603
5.0543382366890185e-65 -52.131036440034535 
440 10.533100508
3.6102415976350134e-65 -52.232475065747316 
441 11.12923956
2.578743998310724e-65 -52.319123327250246 
442 10.862943082
1.8419599987933742e-65 -52.43576991144046 
443 10.771448181
1.3156857134238387e-65 -52.53572471062051 
444 11.058483144
9.397755095884564e-66 -52.62420160669179 
445 23.885596793
6.712682211346117e-66 -52.74334993864208 
446 10.839313258
4.794773008104369e-66 -52.90769612466521 
447 11.008420198
3.4248378629316926e-66 -52.96366365420932 
448 11.419709991
2.446312759236923e-66 -53.018949855657446 
449 11.449883435
1.7473662565978022e-66 -53.110190605788496 
450 10.412835763
1.248118754712716e-66 -53.16204879732755 
451 10.828918768
8.915133962233686e-67 -53.247116314151846 
452 10.828342138
6.367952830166919e-67 -53.291814842073244 
453 10.615768395
4.5485377358335135e-67 -53.39376070230898 
454 11.104654637
3.2489555255953664e-67 -53.488509578165534 
455 10.471584981
2.320682518282405e-67 -53.56911817032435 
456 11.310627344
1.6576303702017178e-67 -53.62114979819908 
457 13.766115665
1.184021693001227e-67 -53.68920051470123 
458 11.496077399
8.457297807151622e-68 -53.77626892485814 
459 11.143164107
6.0409270051083015e-68 -53.86349484196652 
460 11.50072108
4.3149478607916436e-68 -53.94004594614001 
461 11.331015006
3.0821056148511743e-68 -53.95963313241415 
462 11.156844886
2.2015040106079815e-68 -54.069622818821415 
463 11.174023069
1.5725028647199869e-68 -54.19475557766625 
464 11.040486111
1.123216331942848e-68 -54.306659029509376 
465 11.815781712
8.022973799591771e-69 -54.377465991876456 
466 11.087009378
5.730695571136979e-69 -54.46652340234761 
467 10.637234801
4.0933539793835567e-69 -54.56294367438231 
468 11.550271603
2.923824270988255e-69 -54.70858183476431 
469 13.525778517
2.0884459078487535e-69 -54.78374597042936 
470 11.077240797
1.4917470770348238e-69 -54.914977618001245 
471 11.64190074
1.0655336264534456e-69 -54.997049205177554 
472 11.706159105
7.610954474667469e-70 -55.070321368375964 
473 12.331662157
5.436396053333907e-70 -55.173202779285354 
474 12.057536169
3.883140038095648e-70 -55.27132153862406 
475 12.60095795
2.7736714557826058e-70 -55.33041863158589 
476 11.038342168
1.9811938969875756e-70 -55.46535027952445 
477 11.594300418
1.4151384978482682e-70 -55.56396916787418 
478 11.726205745
1.010813212748763e-70 -55.63838325544242 
479 11.707671739
7.220094376776879e-71 -55.685933518172334 
480 11.648096144
5.157210269126342e-71 -55.76510125907146 
481 15.377351637
3.683721620804531e-71 -55.818802821792055 
482 11.547745804
2.6312297291460932e-71 -55.91667947485735 
483 11.748292612
1.8794498065329237e-71 -55.99852186387026 
484 11.607371829
1.342464147523517e-71 -56.13141524521074 
485 11.459165061
9.589029625167978e-72 -56.1704493569751 
486 10.734410103
6.849306875119984e-72 -56.226518325846016 
487 11.48735628
4.892362053657132e-72 -56.30659257373532 
488 11.41414214
3.494544324040809e-72 -56.37785614616837 
489 11.279293373
2.496103088600578e-72 -56.457921958211735 
490 11.687112436
1.7829307775718412e-72 -56.59266979913671 
491 12.065636945
1.2735219839798865e-72 -56.64868410528153 
492 11.756199465
9.096585599856333e-73 -56.71963265407869 
493 13.842340631
6.497561142754525e-73 -56.79476556699828 
494 11.530442529
4.641115101967517e-73 -56.915282530735986 
495 10.889323293
3.315082215691084e-73 -56.98293195266085 
496 11.397654379
2.3679158683507743e-73 -57.04420036179978 
497 11.544753509
1.69136847739341e-73 -57.1828009227076 
498 11.824592724
1.208120340995293e-73 -57.257379616503236 
499 11.765806528
8.629431007109236e-74 -57.32113218755181 
500 12.103816058
6.163879290792312e-74 -57.365093806934944 
501 11.720395027
